Running Gradle task 'assembleDebug'...                          
lib/app/app.dart:16:38: Error: The getter 'appThemeModeProvider' isn't defined for the type 'MomentumApp'.
 - 'MomentumApp' is from 'package:momentum/app/app.dart' ('lib/app/app.dart').
Try correcting the name to the name of an existing getter, or defining a getter or field named 'appThemeModeProvider'.
    final themeModeAsync = ref.watch(appThemeModeProvider);
                                     ^^^^^^^^^^^^^^^^^^^^
lib/core/services/settings_service.dart:162:28: Error: Type '_$AppThemeMode' not found.
class AppThemeMode extends _$AppThemeMode {
                           ^^^^^^^^^^^^^^
lib/core/services/settings_service.dart:165:12: Error: The getter 'ref' isn't defined for the type 'AppThemeMode'.
 - 'AppThemeMode' is from 'package:momentum/core/services/settings_service.dart' ('lib/core/services/settings_service.dart').
Try correcting the name to the name of an existing getter, or defining a getter or field named 'ref'.
    return ref.read(settingsServiceProvider).getAppTheme();
           ^^^
lib/core/services/settings_service.dart:169:5: Error: The setter 'state' isn't defined for the type 'AppThemeMode'.
 - 'AppThemeMode' is from 'package:momentum/core/services/settings_service.dart' ('lib/core/services/settings_service.dart').
Try correcting the name to the name of an existing setter, or defining a setter or field named 'state'.
    state = const AsyncLoading();
    ^^^^^
lib/core/services/settings_service.dart:171:13: Error: The getter 'ref' isn't defined for the type 'AppThemeMode'.
 - 'AppThemeMode' is from 'package:momentum/core/services/settings_service.dart' ('lib/core/services/settings_service.dart').
Try correcting the name to the name of an existing getter, or defining a getter or field named 'ref'.
      await ref.read(settingsServiceProvider).setAppTheme(theme);
            ^^^
lib/core/services/settings_service.dart:170:5: Error: The setter 'state' isn't defined for the type 'AppThemeMode'.
 - 'AppThemeMode' is from 'package:momentum/core/services/settings_service.dart' ('lib/core/services/settings_service.dart').
Try correcting the name to the name of an existing setter, or defining a setter or field named 'state'.
    state = await AsyncValue.guard(() async {
    ^^^^^
lib/features/settings/presentation/settings_screen.dart:76:48: Error: The getter 'appThemeModeProvider' isn't defined for the type '_SettingsScreenState'.
 - '_SettingsScreenState' is from 'package:momentum/features/settings/presentation/settings_screen.dart' ('lib/features/settings/presentation/settings_screen.dart').
Try correcting the name to the name of an existing getter, or defining a getter or field named 'appThemeModeProvider'.
           final currentThemeAsync = ref.watch(appThemeModeProvider);
                                               ^^^^^^^^^^^^^^^^^^^^
lib/features/settings/presentation/settings_screen.dart:116:26: Error: The getter 'appThemeModeProvider' isn't defined for the type '_SettingsScreenState'.
 - '_SettingsScreenState' is from 'package:momentum/features/settings/presentation/settings_screen.dart' ('lib/features/settings/presentation/settings_screen.dart').
Try correcting the name to the name of an existing getter, or defining a getter or field named 'appThemeModeProvider'.
          await ref.read(appThemeModeProvider.notifier).setTheme(value);
                         ^^^^^^^^^^^^^^^^^^^^
Target kernel_snapshot_program failed: Exception


FAILURE: Build failed with an exception.

* What went wrong:
Execution failed for task ':app:compileFlutterBuildDebug'.
> Process 'command '/home/abisinraj/flutter/bin/flutter'' finished with non-zero exit value 1

* Try:
> Run with --stacktrace option to get the stack trace.
> Run with --info or --debug option to get more log output.
> Run with --scan to get full insights.
> Get more help at https://help.gradle.org.

BUILD FAILED in 15m 31s
Running Gradle task 'assembleDebug'...                            949.4s
Gradle task assembleDebug failed with exit code 1
