Running Gradle task 'assembleRelease'...                        
WARNING: A restricted method in java.lang.System has been called
WARNING: java.lang.System::load has been called by net.rubygrapefruit.platform.internal.NativeLibraryLoader in an unnamed module (file:/home/abisinraj/.gradle/wrapper/dists/gradle-8.14-all/c2qonpi39x1mddn7hk5gh9iqj/gradle-8.14/lib/native-platform-0.22-milestone-28.jar)
WARNING: Use --enable-native-access=ALL-UNNAMED to avoid a warning for callers in this module
WARNING: Restricted methods will be blocked in a future release unless native access is enabled

lib/app/theme/app_theme.dart:54:23: Error: Too many positional arguments: 0 allowed, but 2 found.
Try removing the extra positional arguments.
    return _buildTheme(tealPrimary, tealDark);
                      ^
lib/app/theme/app_theme.dart:109:20: Context: Found this candidate, but the arguments don't match.
  static ThemeData _buildTheme({
                   ^^^^^^^^^^^
lib/features/workout/presentation/workout_screen.dart:167:38: Error: The method 'EditWorkoutScreen' isn't defined for the type '_WorkoutScreenState'.
 - '_WorkoutScreenState' is from 'package:momentum/features/workout/presentation/workout_screen.dart' ('lib/features/workout/presentation/workout_screen.dart').
Try correcting the name to the name of an existing method, or defining a method named 'EditWorkoutScreen'.
               builder: (context) => EditWorkoutScreen(
                                     ^^^^^^^^^^^^^^^^^
lib/features/workout/presentation/workout_screen.dart:405:61: Error: The method 'EditWorkoutScreen' isn't defined for the type '_WorkoutCard'.
 - '_WorkoutCard' is from 'package:momentum/features/workout/presentation/workout_screen.dart' ('lib/features/workout/presentation/workout_screen.dart').
Try correcting the name to the name of an existing method, or defining a method named 'EditWorkoutScreen'.
                                      builder: (context) => EditWorkoutScreen(
                                                            ^^^^^^^^^^^^^^^^^
Target kernel_snapshot_program failed: Exception


FAILURE: Build failed with an exception.

* What went wrong:
Execution failed for task ':app:compileFlutterBuildRelease'.
> Process 'command '/home/abisinraj/flutter/bin/flutter'' finished with non-zero exit value 1

* Try:
> Run with --stacktrace option to get the stack trace.
> Run with --info or --debug option to get more log output.
> Run with --scan to get full insights.
> Get more help at https://help.gradle.org.

BUILD FAILED in 3m 8s
Running Gradle task 'assembleRelease'...                          213.6s
Gradle task assembleRelease failed with exit code 1
