Running Gradle task 'assembleDebug'...                          
WARNING: A restricted method in java.lang.System has been called
WARNING: java.lang.System::load has been called by net.rubygrapefruit.platform.internal.NativeLibraryLoader in an unnamed module (file:/home/abisinraj/.gradle/wrapper/dists/gradle-8.14-all/c2qonpi39x1mddn7hk5gh9iqj/gradle-8.14/lib/native-platform-0.22-milestone-28.jar)
WARNING: Use --enable-native-access=ALL-UNNAMED to avoid a warning for callers in this module
WARNING: Restricted methods will be blocked in a future release unless native access is enabled

lib/features/diet/presentation/diet_screen.dart:156:25: Error: The getter 'databaseProvider' isn't defined for the type '_DietScreenState'.
 - '_DietScreenState' is from 'package:momentum/features/diet/presentation/diet_screen.dart' ('lib/features/diet/presentation/diet_screen.dart').
Try correcting the name to the name of an existing getter, or defining a getter or field named 'databaseProvider'.
    final db = ref.read(databaseProvider);
                        ^^^^^^^^^^^^^^^^
lib/features/diet/presentation/diet_screen.dart:223:26: Error: The getter 'databaseProvider' isn't defined for the type '_DietScreenState'.
 - '_DietScreenState' is from 'package:momentum/features/diet/presentation/diet_screen.dart' ('lib/features/diet/presentation/diet_screen.dart').
Try correcting the name to the name of an existing getter, or defining a getter or field named 'databaseProvider'.
    final db = ref.watch(databaseProvider);
                         ^^^^^^^^^^^^^^^^
Target kernel_snapshot_program failed: Exception


FAILURE: Build failed with an exception.

* What went wrong:
Execution failed for task ':app:compileFlutterBuildDebug'.
> Process 'command '/home/abisinraj/flutter/bin/flutter'' finished with non-zero exit value 1

* Try:
> Run with --stacktrace option to get the stack trace.
> Run with --info or --debug option to get more log output.
> Run with --scan to get full insights.
> Get more help at https://help.gradle.org.

BUILD FAILED in 42s
Running Gradle task 'assembleDebug'...                             43.5s
Gradle task assembleDebug failed with exit code 1
