[ +405 ms] executing: uname -m
[  +40 ms] Exit code 0 from: uname -m
[        ] x86_64
[   +9 ms] Artifact Instance of 'MaterialFonts' is not required, skipping update.
[        ] Artifact Instance of 'GradleWrapper' is not required, skipping update.
[        ] Artifact Instance of 'AndroidGenSnapshotArtifacts' is not required, skipping update.
[        ] Artifact Instance of 'AndroidInternalBuildArtifacts' is not required, skipping update.
[        ] Artifact Instance of 'IOSEngineArtifacts' is not required, skipping update.
[        ] Artifact Instance of 'FlutterWebSdk' is not required, skipping update.
[  +14 ms] Artifact Instance of 'LegacyCanvasKitRemover' is not required, skipping update.
[        ] Artifact Instance of 'FlutterSdk' is not required, skipping update.
[        ] Artifact Instance of 'WindowsEngineArtifacts' is not required, skipping update.
[        ] Artifact Instance of 'MacOSEngineArtifacts' is not required, skipping update.
[        ] Artifact Instance of 'LinuxEngineArtifacts' is not required, skipping update.
[        ] Artifact Instance of 'LinuxFuchsiaSDKArtifacts' is not required, skipping update.
[        ] Artifact Instance of 'MacOSFuchsiaSDKArtifacts' is not required, skipping update.
[        ] Artifact Instance of 'FlutterRunnerSDKArtifacts' is not required, skipping update.
[        ] Artifact Instance of 'FlutterRunnerDebugSymbols' is not required, skipping update.
[        ] Artifact Instance of 'IosUsbArtifacts' is not required, skipping update.
[        ] Artifact Instance of 'IosUsbArtifacts' is not required, skipping update.
[        ] Artifact Instance of 'IosUsbArtifacts' is not required, skipping update.
[        ] Artifact Instance of 'IosUsbArtifacts' is not required, skipping update.
[        ] Artifact Instance of 'IosUsbArtifacts' is not required, skipping update.
[        ] Artifact Instance of 'IosUsbArtifacts' is not required, skipping update.
[        ] Artifact Instance of 'FontSubsetArtifacts' is not required, skipping update.
[        ] Artifact Instance of 'PubDependencies' is not required, skipping update.
[        ] executing: [/home/abisin/development/flutter/] git -c log.showSignature=false log HEAD -n 1 --pretty=format:%ad --date=iso
[ +859 ms] Exit code 0 from: git -c log.showSignature=false log HEAD -n 1 --pretty=format:%ad --date=iso
[        ] 2026-01-13 13:47:42 -0800
[ +229 ms] Artifact Instance of 'AndroidGenSnapshotArtifacts' is not required, skipping update.
[        ] Artifact Instance of 'AndroidInternalBuildArtifacts' is not required, skipping update.
[        ] Artifact Instance of 'IOSEngineArtifacts' is not required, skipping update.
[        ] Artifact Instance of 'FlutterWebSdk' is not required, skipping update.
[        ] Artifact Instance of 'FlutterEngineStamp' is not required, skipping update.
[        ] Artifact Instance of 'LegacyCanvasKitRemover' is not required, skipping update.
[  +31 ms] Artifact Instance of 'WindowsEngineArtifacts' is not required, skipping update.
[        ] Artifact Instance of 'MacOSEngineArtifacts' is not required, skipping update.
[        ] Artifact Instance of 'LinuxEngineArtifacts' is not required, skipping update.
[        ] Artifact Instance of 'LinuxFuchsiaSDKArtifacts' is not required, skipping update.
[        ] Artifact Instance of 'MacOSFuchsiaSDKArtifacts' is not required, skipping update.
[        ] Artifact Instance of 'FlutterRunnerSDKArtifacts' is not required, skipping update.
[        ] Artifact Instance of 'FlutterRunnerDebugSymbols' is not required, skipping update.
[ +199 ms] Artifact Instance of 'MaterialFonts' is not required, skipping update.
[        ] Artifact Instance of 'GradleWrapper' is not required, skipping update.
[  +13 ms] Artifact Instance of 'AndroidInternalBuildArtifacts' is not required, skipping update.
[        ] Artifact Instance of 'IOSEngineArtifacts' is not required, skipping update.
[        ] Artifact Instance of 'FlutterWebSdk' is not required, skipping update.
[        ] Artifact Instance of 'FlutterEngineStamp' is not required, skipping update.
[        ] Artifact Instance of 'LegacyCanvasKitRemover' is not required, skipping update.
[        ] Artifact Instance of 'FlutterSdk' is not required, skipping update.
[        ] Artifact Instance of 'WindowsEngineArtifacts' is not required, skipping update.
[        ] Artifact Instance of 'MacOSEngineArtifacts' is not required, skipping update.
[        ] Artifact Instance of 'LinuxEngineArtifacts' is not required, skipping update.
[        ] Artifact Instance of 'LinuxFuchsiaSDKArtifacts' is not required, skipping update.
[        ] Artifact Instance of 'MacOSFuchsiaSDKArtifacts' is not required, skipping update.
[        ] Artifact Instance of 'FlutterRunnerSDKArtifacts' is not required, skipping update.
[        ] Artifact Instance of 'FlutterRunnerDebugSymbols' is not required, skipping update.
[        ] Artifact Instance of 'IosUsbArtifacts' is not required, skipping update.
[        ] Artifact Instance of 'IosUsbArtifacts' is not required, skipping update.
[        ] Artifact Instance of 'IosUsbArtifacts' is not required, skipping update.
[        ] Artifact Instance of 'IosUsbArtifacts' is not required, skipping update.
[        ] Artifact Instance of 'IosUsbArtifacts' is not required, skipping update.
[        ] Artifact Instance of 'IosUsbArtifacts' is not required, skipping update.
[        ] Artifact Instance of 'FontSubsetArtifacts' is not required, skipping update.
[        ] Artifact Instance of 'PubDependencies' is not required, skipping update.
[  +69 ms] executing: [/home/abisin/Desktop/momentum/] /home/abisin/development/flutter/bin/cache/dart-sdk/bin/dart pub --suppress-analytics --directory . get --example
Resolving dependencies...
Downloading packages...
  _fe_analyzer_shared 85.0.0 (93.0.0 available)
  analyzer 7.6.0 (10.0.1 available)
  analyzer_plugin 0.13.4 (0.14.1 available)
  build 2.5.4 (4.0.4 available)
  build_config 1.1.2 (1.2.0 available)
  build_resolvers 2.5.4 (3.0.4 available)
  build_runner 2.5.4 (2.10.5 available)
  build_runner_core 9.1.2 (9.3.2 available)
  camera 0.10.6 (0.11.3 available)
  characters 1.4.0 (1.4.1 available)
  connectivity_plus 6.1.5 (7.0.0 available)
  custom_lint_core 0.7.5 (0.8.2 available)
  custom_lint_visitor 1.0.0+7.7.0 (1.0.0+9.0.0 available)
  dart_style 3.1.1 (3.1.4 available)
  device_info_plus 10.1.2 (12.3.0 available)
  drift 2.28.2 (2.30.1 available)
  drift_dev 2.28.0 (2.30.1 available)
  flutter_launcher_icons 0.13.1 (0.14.4 available)
  flutter_lints 4.0.0 (6.0.0 available)
  flutter_riverpod 2.6.1 (3.2.0 available)
  flutter_secure_storage 9.2.4 (10.0.0 available)
  flutter_secure_storage_linux 1.2.3 (3.0.0 available)
  flutter_secure_storage_macos 3.1.3 (4.0.0 available)
  flutter_secure_storage_platform_interface 1.1.2 (2.0.1 available)
  flutter_secure_storage_web 1.2.1 (2.1.0 available)
  flutter_secure_storage_windows 3.1.2 (4.1.0 available)
  freezed 2.5.8 (3.2.4 available)
  freezed_annotation 2.4.4 (3.1.0 available)
  go_router 14.8.1 (17.0.1 available)
  google_fonts 6.3.3 (8.0.0 available)
  health 11.1.1 (13.2.1 available)
  home_widget 0.7.0+1 (0.9.0 available)
  intl 0.19.0 (0.20.2 available)
  js 0.6.7 (0.7.2 available)
  json_serializable 6.9.5 (6.11.4 available)
  lints 4.0.0 (6.0.0 available)
  matcher 0.12.17 (0.12.18 available)
  material_color_utilities 0.11.1 (0.13.0 available)
  meta 1.17.0 (1.18.0 available)
  permission_handler 11.4.0 (12.0.1 available)
  permission_handler_android 12.1.0 (13.0.1 available)
  riverpod 2.6.1 (3.2.0 available)
  riverpod_analyzer_utils 0.5.9 (0.5.10 available)
  riverpod_annotation 2.6.1 (4.0.1 available)
  riverpod_generator 2.6.4 (4.0.2 available)
  source_gen 2.0.0 (4.2.0 available)
  source_helper 1.3.7 (1.3.10 available)
  sqlite3 2.9.4 (3.1.4 available)
  sqlparser 0.41.2 (0.43.0 available)
  test_api 0.7.7 (0.7.9 available)
  timezone 0.10.1 (0.11.0 available)
  win32_registry 1.1.5 (2.1.0 available)
Got dependencies!
52 packages have newer versions incompatible with dependency constraints.
Try `flutter pub outdated` for more information.
[+32761 ms] Found plugin webview_flutter at /home/abisin/.pub-cache/hosted/pub.dev/webview_flutter-4.13.1/
[  +56 ms] Found plugin webview_flutter_wkwebview at /home/abisin/.pub-cache/hosted/pub.dev/webview_flutter_wkwebview-3.23.5/
[  +50 ms] Found plugin webview_flutter_android at /home/abisin/.pub-cache/hosted/pub.dev/webview_flutter_android-4.10.11/
[  +14 ms] Found plugin wakelock_plus at /home/abisin/.pub-cache/hosted/pub.dev/wakelock_plus-1.4.0/
[ +144 ms] Found plugin package_info_plus at /home/abisin/.pub-cache/hosted/pub.dev/package_info_plus-9.0.0/
[ +514 ms] Found plugin sqlite3_flutter_libs at /home/abisin/.pub-cache/hosted/pub.dev/sqlite3_flutter_libs-0.5.41/
[  +52 ms] Found plugin shared_preferences at /home/abisin/.pub-cache/hosted/pub.dev/shared_preferences-2.5.4/
[  +65 ms] Found plugin shared_preferences_windows at /home/abisin/.pub-cache/hosted/pub.dev/shared_preferences_windows-2.4.1/
[ +281 ms] Found plugin path_provider_windows at /home/abisin/.pub-cache/hosted/pub.dev/path_provider_windows-2.3.0/
[ +539 ms] Found plugin shared_preferences_web at /home/abisin/.pub-cache/hosted/pub.dev/shared_preferences_web-2.4.3/
[ +117 ms] Found plugin shared_preferences_linux at /home/abisin/.pub-cache/hosted/pub.dev/shared_preferences_linux-2.4.1/
[ +148 ms] Found plugin path_provider_linux at /home/abisin/.pub-cache/hosted/pub.dev/path_provider_linux-2.2.1/
[  +31 ms] Found plugin shared_preferences_foundation at /home/abisin/.pub-cache/hosted/pub.dev/shared_preferences_foundation-2.5.6/
[   +2 ms] Found plugin shared_preferences_android at /home/abisin/.pub-cache/hosted/pub.dev/shared_preferences_android-2.4.18/
[  +20 ms] Found plugin permission_handler at /home/abisin/.pub-cache/hosted/pub.dev/permission_handler-11.4.0/
[ +131 ms] Found plugin permission_handler_windows at /home/abisin/.pub-cache/hosted/pub.dev/permission_handler_windows-0.2.1/
[   +4 ms] Found plugin permission_handler_html at /home/abisin/.pub-cache/hosted/pub.dev/permission_handler_html-0.1.3+5/
[   +8 ms] Found plugin permission_handler_apple at /home/abisin/.pub-cache/hosted/pub.dev/permission_handler_apple-9.4.7/
[  +13 ms] Found plugin permission_handler_android at /home/abisin/.pub-cache/hosted/pub.dev/permission_handler_android-12.1.0/
[  +49 ms] Found plugin path_provider at /home/abisin/.pub-cache/hosted/pub.dev/path_provider-2.1.5/
[  +18 ms] Found plugin path_provider_foundation at /home/abisin/.pub-cache/hosted/pub.dev/path_provider_foundation-2.6.0/
[  +62 ms] Found plugin path_provider_android at /home/abisin/.pub-cache/hosted/pub.dev/path_provider_android-2.2.22/
[  +40 ms] Found plugin url_launcher at /home/abisin/.pub-cache/hosted/pub.dev/url_launcher-6.3.2/
[  +25 ms] Found plugin url_launcher_windows at /home/abisin/.pub-cache/hosted/pub.dev/url_launcher_windows-3.1.5/
[  +43 ms] Found plugin url_launcher_web at /home/abisin/.pub-cache/hosted/pub.dev/url_launcher_web-2.4.2/
[   +8 ms] Found plugin url_launcher_macos at /home/abisin/.pub-cache/hosted/pub.dev/url_launcher_macos-3.2.5/
[   +1 ms] Found plugin url_launcher_linux at /home/abisin/.pub-cache/hosted/pub.dev/url_launcher_linux-3.2.2/
[  +14 ms] Found plugin url_launcher_ios at /home/abisin/.pub-cache/hosted/pub.dev/url_launcher_ios-6.3.6/
[  +12 ms] Found plugin url_launcher_android at /home/abisin/.pub-cache/hosted/pub.dev/url_launcher_android-6.3.28/
[   +1 ms] Found plugin android_intent_plus at /home/abisin/.pub-cache/hosted/pub.dev/android_intent_plus-6.0.0/
[  +36 ms] Found plugin image_picker at /home/abisin/.pub-cache/hosted/pub.dev/image_picker-1.2.1/
[   +1 ms] Found plugin image_picker_windows at /home/abisin/.pub-cache/hosted/pub.dev/image_picker_windows-0.2.2/
[  +19 ms] Found plugin file_selector_windows at /home/abisin/.pub-cache/hosted/pub.dev/file_selector_windows-0.9.3+5/
[  +31 ms] Found plugin image_picker_macos at /home/abisin/.pub-cache/hosted/pub.dev/image_picker_macos-0.2.2+1/
[   +2 ms] Found plugin file_selector_macos at /home/abisin/.pub-cache/hosted/pub.dev/file_selector_macos-0.9.5/
[   +1 ms] Found plugin image_picker_linux at /home/abisin/.pub-cache/hosted/pub.dev/image_picker_linux-0.2.2/
[   +1 ms] Found plugin file_selector_linux at /home/abisin/.pub-cache/hosted/pub.dev/file_selector_linux-0.9.4/
[   +1 ms] Found plugin image_picker_ios at /home/abisin/.pub-cache/hosted/pub.dev/image_picker_ios-0.8.13+3/
[  +11 ms] Found plugin image_picker_for_web at /home/abisin/.pub-cache/hosted/pub.dev/image_picker_for_web-3.1.1/
[  +11 ms] Found plugin image_picker_android at /home/abisin/.pub-cache/hosted/pub.dev/image_picker_android-0.8.13+12/
[  +12 ms] Found plugin flutter_plugin_android_lifecycle at /home/abisin/.pub-cache/hosted/pub.dev/flutter_plugin_android_lifecycle-2.0.33/
[   +2 ms] Found plugin home_widget at /home/abisin/.pub-cache/hosted/pub.dev/home_widget-0.7.0+1/
[  +39 ms] Found plugin camera at /home/abisin/.pub-cache/hosted/pub.dev/camera-0.10.6/
[  +22 ms] Found plugin camera_web at /home/abisin/.pub-cache/hosted/pub.dev/camera_web-0.3.5+3/
[  +22 ms] Found plugin camera_avfoundation at /home/abisin/.pub-cache/hosted/pub.dev/camera_avfoundation-0.9.22+9/
[   +2 ms] Found plugin camera_android at /home/abisin/.pub-cache/hosted/pub.dev/camera_android-0.10.10+14/
[  +17 ms] Found plugin health at /home/abisin/.pub-cache/hosted/pub.dev/health-11.1.1/
[   +2 ms] Found plugin device_info_plus at /home/abisin/.pub-cache/hosted/pub.dev/device_info_plus-10.1.2/
[  +47 ms] Found plugin flutter_secure_storage at /home/abisin/.pub-cache/hosted/pub.dev/flutter_secure_storage-9.2.4/
[   +1 ms] Found plugin flutter_secure_storage_windows at /home/abisin/.pub-cache/hosted/pub.dev/flutter_secure_storage_windows-3.1.2/
[  +27 ms] Found plugin flutter_secure_storage_web at /home/abisin/.pub-cache/hosted/pub.dev/flutter_secure_storage_web-1.2.1/
[   +4 ms] Found plugin flutter_secure_storage_macos at /home/abisin/.pub-cache/hosted/pub.dev/flutter_secure_storage_macos-3.1.3/
[   +1 ms] Found plugin flutter_secure_storage_linux at /home/abisin/.pub-cache/hosted/pub.dev/flutter_secure_storage_linux-1.2.3/
[  +29 ms] Found plugin flutter_local_notifications at /home/abisin/.pub-cache/hosted/pub.dev/flutter_local_notifications-19.5.0/
[   +9 ms] Found plugin flutter_local_notifications_windows at /home/abisin/.pub-cache/hosted/pub.dev/flutter_local_notifications_windows-1.0.3/
[  +19 ms] Found plugin flutter_local_notifications_linux at /home/abisin/.pub-cache/hosted/pub.dev/flutter_local_notifications_linux-6.0.0/
[  +10 ms] Found plugin flutter_background_service at /home/abisin/.pub-cache/hosted/pub.dev/flutter_background_service-5.1.0/
[  +27 ms] Found plugin flutter_background_service_ios at /home/abisin/.pub-cache/hosted/pub.dev/flutter_background_service_ios-5.0.3/
[   +1 ms] Found plugin flutter_background_service_android at /home/abisin/.pub-cache/hosted/pub.dev/flutter_background_service_android-6.3.1/
[  +19 ms] Found plugin dynamic_color at /home/abisin/.pub-cache/hosted/pub.dev/dynamic_color-1.8.1/
[  +12 ms] Found plugin connectivity_plus at /home/abisin/.pub-cache/hosted/pub.dev/connectivity_plus-6.1.5/
[ +199 ms] Found plugin webview_flutter at /home/abisin/.pub-cache/hosted/pub.dev/webview_flutter-4.13.1/
[   +1 ms] Found plugin webview_flutter_wkwebview at /home/abisin/.pub-cache/hosted/pub.dev/webview_flutter_wkwebview-3.23.5/
[   +1 ms] Found plugin webview_flutter_android at /home/abisin/.pub-cache/hosted/pub.dev/webview_flutter_android-4.10.11/
[        ] Found plugin wakelock_plus at /home/abisin/.pub-cache/hosted/pub.dev/wakelock_plus-1.4.0/
[   +1 ms] Found plugin package_info_plus at /home/abisin/.pub-cache/hosted/pub.dev/package_info_plus-9.0.0/
[   +1 ms] Found plugin sqlite3_flutter_libs at /home/abisin/.pub-cache/hosted/pub.dev/sqlite3_flutter_libs-0.5.41/
[        ] Found plugin shared_preferences at /home/abisin/.pub-cache/hosted/pub.dev/shared_preferences-2.5.4/
[        ] Found plugin shared_preferences_windows at /home/abisin/.pub-cache/hosted/pub.dev/shared_preferences_windows-2.4.1/
[        ] Found plugin path_provider_windows at /home/abisin/.pub-cache/hosted/pub.dev/path_provider_windows-2.3.0/
[   +1 ms] Found plugin shared_preferences_web at /home/abisin/.pub-cache/hosted/pub.dev/shared_preferences_web-2.4.3/
[        ] Found plugin shared_preferences_linux at /home/abisin/.pub-cache/hosted/pub.dev/shared_preferences_linux-2.4.1/
[        ] Found plugin path_provider_linux at /home/abisin/.pub-cache/hosted/pub.dev/path_provider_linux-2.2.1/
[        ] Found plugin shared_preferences_foundation at /home/abisin/.pub-cache/hosted/pub.dev/shared_preferences_foundation-2.5.6/
[        ] Found plugin shared_preferences_android at /home/abisin/.pub-cache/hosted/pub.dev/shared_preferences_android-2.4.18/
[        ] Found plugin permission_handler at /home/abisin/.pub-cache/hosted/pub.dev/permission_handler-11.4.0/
[        ] Found plugin permission_handler_windows at /home/abisin/.pub-cache/hosted/pub.dev/permission_handler_windows-0.2.1/
[   +1 ms] Found plugin permission_handler_html at /home/abisin/.pub-cache/hosted/pub.dev/permission_handler_html-0.1.3+5/
[   +1 ms] Found plugin permission_handler_apple at /home/abisin/.pub-cache/hosted/pub.dev/permission_handler_apple-9.4.7/
[        ] Found plugin permission_handler_android at /home/abisin/.pub-cache/hosted/pub.dev/permission_handler_android-12.1.0/
[   +1 ms] Found plugin path_provider at /home/abisin/.pub-cache/hosted/pub.dev/path_provider-2.1.5/
[        ] Found plugin path_provider_foundation at /home/abisin/.pub-cache/hosted/pub.dev/path_provider_foundation-2.6.0/
[   +1 ms] Found plugin path_provider_android at /home/abisin/.pub-cache/hosted/pub.dev/path_provider_android-2.2.22/
[        ] Found plugin url_launcher at /home/abisin/.pub-cache/hosted/pub.dev/url_launcher-6.3.2/
[        ] Found plugin url_launcher_windows at /home/abisin/.pub-cache/hosted/pub.dev/url_launcher_windows-3.1.5/
[        ] Found plugin url_launcher_web at /home/abisin/.pub-cache/hosted/pub.dev/url_launcher_web-2.4.2/
[        ] Found plugin url_launcher_macos at /home/abisin/.pub-cache/hosted/pub.dev/url_launcher_macos-3.2.5/
[        ] Found plugin url_launcher_linux at /home/abisin/.pub-cache/hosted/pub.dev/url_launcher_linux-3.2.2/
[        ] Found plugin url_launcher_ios at /home/abisin/.pub-cache/hosted/pub.dev/url_launcher_ios-6.3.6/
[        ] Found plugin url_launcher_android at /home/abisin/.pub-cache/hosted/pub.dev/url_launcher_android-6.3.28/
[        ] Found plugin android_intent_plus at /home/abisin/.pub-cache/hosted/pub.dev/android_intent_plus-6.0.0/
[        ] Found plugin image_picker at /home/abisin/.pub-cache/hosted/pub.dev/image_picker-1.2.1/
[        ] Found plugin image_picker_windows at /home/abisin/.pub-cache/hosted/pub.dev/image_picker_windows-0.2.2/
[   +1 ms] Found plugin file_selector_windows at /home/abisin/.pub-cache/hosted/pub.dev/file_selector_windows-0.9.3+5/
[        ] Found plugin image_picker_macos at /home/abisin/.pub-cache/hosted/pub.dev/image_picker_macos-0.2.2+1/
[        ] Found plugin file_selector_macos at /home/abisin/.pub-cache/hosted/pub.dev/file_selector_macos-0.9.5/
[        ] Found plugin image_picker_linux at /home/abisin/.pub-cache/hosted/pub.dev/image_picker_linux-0.2.2/
[        ] Found plugin file_selector_linux at /home/abisin/.pub-cache/hosted/pub.dev/file_selector_linux-0.9.4/
[        ] Found plugin image_picker_ios at /home/abisin/.pub-cache/hosted/pub.dev/image_picker_ios-0.8.13+3/
[        ] Found plugin image_picker_for_web at /home/abisin/.pub-cache/hosted/pub.dev/image_picker_for_web-3.1.1/
[        ] Found plugin image_picker_android at /home/abisin/.pub-cache/hosted/pub.dev/image_picker_android-0.8.13+12/
[        ] Found plugin flutter_plugin_android_lifecycle at /home/abisin/.pub-cache/hosted/pub.dev/flutter_plugin_android_lifecycle-2.0.33/
[        ] Found plugin home_widget at /home/abisin/.pub-cache/hosted/pub.dev/home_widget-0.7.0+1/
[   +1 ms] Found plugin camera at /home/abisin/.pub-cache/hosted/pub.dev/camera-0.10.6/
[        ] Found plugin camera_web at /home/abisin/.pub-cache/hosted/pub.dev/camera_web-0.3.5+3/
[   +1 ms] Found plugin camera_avfoundation at /home/abisin/.pub-cache/hosted/pub.dev/camera_avfoundation-0.9.22+9/
[   +1 ms] Found plugin camera_android at /home/abisin/.pub-cache/hosted/pub.dev/camera_android-0.10.10+14/
[        ] Found plugin health at /home/abisin/.pub-cache/hosted/pub.dev/health-11.1.1/
[        ] Found plugin device_info_plus at /home/abisin/.pub-cache/hosted/pub.dev/device_info_plus-10.1.2/
[   +4 ms] Found plugin flutter_secure_storage at /home/abisin/.pub-cache/hosted/pub.dev/flutter_secure_storage-9.2.4/
[        ] Found plugin flutter_secure_storage_windows at /home/abisin/.pub-cache/hosted/pub.dev/flutter_secure_storage_windows-3.1.2/
[   +1 ms] Found plugin flutter_secure_storage_web at /home/abisin/.pub-cache/hosted/pub.dev/flutter_secure_storage_web-1.2.1/
[   +1 ms] Found plugin flutter_secure_storage_macos at /home/abisin/.pub-cache/hosted/pub.dev/flutter_secure_storage_macos-3.1.3/
[        ] Found plugin flutter_secure_storage_linux at /home/abisin/.pub-cache/hosted/pub.dev/flutter_secure_storage_linux-1.2.3/
[   +1 ms] Found plugin flutter_local_notifications at /home/abisin/.pub-cache/hosted/pub.dev/flutter_local_notifications-19.5.0/
[        ] Found plugin flutter_local_notifications_windows at /home/abisin/.pub-cache/hosted/pub.dev/flutter_local_notifications_windows-1.0.3/
[        ] Found plugin flutter_local_notifications_linux at /home/abisin/.pub-cache/hosted/pub.dev/flutter_local_notifications_linux-6.0.0/
[        ] Found plugin flutter_background_service at /home/abisin/.pub-cache/hosted/pub.dev/flutter_background_service-5.1.0/
[        ] Found plugin flutter_background_service_ios at /home/abisin/.pub-cache/hosted/pub.dev/flutter_background_service_ios-5.0.3/
[   +1 ms] Found plugin flutter_background_service_android at /home/abisin/.pub-cache/hosted/pub.dev/flutter_background_service_android-6.3.1/
[   +1 ms] Found plugin dynamic_color at /home/abisin/.pub-cache/hosted/pub.dev/dynamic_color-1.8.1/
[        ] Found plugin connectivity_plus at /home/abisin/.pub-cache/hosted/pub.dev/connectivity_plus-6.1.5/
[ +323 ms] Generating /home/abisin/Desktop/momentum/android/app/src/main/java/io/flutter/plugins/GeneratedPluginRegistrant.java
[  +29 ms] Skipping generating GeneratedPluginRegistrant.java because it is up-to-date.
[ +137 ms] Top-level Gradle build file not found, skipping migration of task "clean".
[   +1 ms] Android Studio version could not be detected, skipping Gradle-Java version compatibility check.
[  +16 ms] CMake project not found, skipping support Android 15 16k page size migration.
[  +12 ms] Using gradle from /home/abisin/Desktop/momentum/android/gradlew.
[ +318 ms] LocalFile: '/home/abisin/Desktop/momentum/android/build.gradle.kts' doesn't provide an AGP version. Checking settings.
[  +21 ms] LocalFile: '/home/abisin/Desktop/momentum/android/settings.gradle.kts' provides AGP version: 8.8.0
[   +1 ms] Running Gradle task 'assembleDebug'...
[   +2 ms] executing: [/home/abisin/Desktop/momentum/android/] /home/abisin/Desktop/momentum/android/gradlew --full-stacktrace --info -Pverbose=true -Ptarget-platform=android-arm,android-arm64,android-x64 -Ptarget=lib/main.dart -Pbase-application-name=android.app.Application -Pdart-defines=RkxVVFRFUl9WRVJTSU9OPTMuMzguNw==,RkxVVFRFUl9DSEFOTkVMPXN0YWJsZQ==,RkxVVFRFUl9HSVRfVVJMPWh0dHBzOi8vZ2l0aHViLmNvbS9mbHV0dGVyL2ZsdXR0ZXIuZ2l0,RkxVVFRFUl9GUkFNRVdPUktfUkVWSVNJT049M2I2MmVmYzJhMw==,RkxVVFRFUl9FTkdJTkVfUkVWSVNJT049NzhmYzMwMTJlNA==,RkxVVFRFUl9EQVJUX1ZFUlNJT049My4xMC43 -Pdart-obfuscation=false -Ptrack-widget-creation=true -Ptree-shake-icons=false assembleDebug
[+7910 ms] Initialized native services in: /home/abisin/.gradle/native
[  +13 ms] Initialized jansi services in: /home/abisin/.gradle/native
[+1049 ms] The client will now receive all logging from the daemon (pid: 12453). The daemon log file: /home/abisin/.gradle/daemon/8.13/daemon-12453.out.log
[        ] Starting 2nd build in daemon [uptime: 6 mins 27.24 secs, performance: 100%, GC rate: 0.00/s, heap usage: 0% of 1 GiB, non-heap usage: 22% of 512 MiB]
[        ] Using 4 worker leases.
[        ] Invalidating in-memory cache of /home/abisin/Desktop/momentum/android/.gradle/8.13/fileHashes/fileHashes.bin
[        ] Invalidating in-memory cache of /home/abisin/Desktop/momentum/android/.gradle/buildOutputCleanup/outputFiles.bin
[        ] Invalidating in-memory cache of /home/abisin/Desktop/momentum/android/.gradle/8.13/fileHashes/resourceHashesCache.bin
[        ] Now considering [/home/abisin/Desktop/momentum/android, /home/abisin/development/flutter/packages/flutter_tools/gradle] as hierarchies to watch
[  +94 ms] Watching the file system is configured to be enabled if available
[   +1 ms] File system watching is active
[        ] Starting Build
[ +199 ms] Now considering [/home/abisin/development/flutter/packages/flutter_tools/gradle, /home/abisin/Desktop/momentum/android] as hierarchies to watch
[   +3 ms] Invalidating in-memory cache of /home/abisin/development/flutter/packages/flutter_tools/gradle/.gradle/buildOutputCleanup/outputFiles.bin
[  +96 ms] Using local directory build cache for build ':gradle' (location = /home/abisin/.gradle/caches/build-cache-1, remove unused entries = after 7 days).
[+2002 ms] > Configure project :gradle
[   +1 ms] Evaluating project ':gradle' using build file '/home/abisin/development/flutter/packages/flutter_tools/gradle/build.gradle.kts'.
[        ] Resolved plugin [id: 'org.gradle.java-gradle-plugin']
[        ] Resolved plugin [id: 'org.gradle.groovy']
[        ] Resolved plugin [id: 'org.gradle.kotlin.kotlin-dsl', version: '5.2.0']
[        ] Resolved plugin [id: 'org.jetbrains.kotlin.jvm', version: '1.9.20']
[        ] Invalidating in-memory cache of /home/abisin/.gradle/caches/journal-1/file-access.bin
[        ] Invalidating in-memory cache of /home/abisin/.gradle/caches/8.13/fileHashes/fileHashes.bin
[        ] Invalidating in-memory cache of /home/abisin/.gradle/caches/8.13/fileHashes/resourceHashesCache.bin
[ +394 ms] Using Kotlin Gradle Plugin gradle85 variant
[        ] kotlin scripting plugin: created the scripting discovery configuration: kotlinScriptDef
[        ] kotlin scripting plugin: created the scripting discovery configuration: testKotlinScriptDef
[ +199 ms] file or directory '/home/abisin/development/flutter/packages/flutter_tools/gradle/src/main/java', not found
[ +100 ms] Resolved plugin [id: 'dev.flutter.flutter-plugin-loader', version: '1.0.0']
[  +99 ms] Resolved plugin [id: 'com.android.application', version: '8.8.0', apply: false]
[ +102 ms] Resolved plugin [id: 'org.jetbrains.kotlin.android', version: '2.1.0', apply: false]
[  +97 ms] Resolve mutations for :gradle:checkKotlinGradlePluginConfigurationErrors (Thread[Execution worker,5,main]) started.
[        ] :gradle:checkKotlinGradlePluginConfigurationErrors (Thread[Execution worker,5,main]) started.
[        ] Invalidating in-memory cache of /home/abisin/development/flutter/packages/flutter_tools/gradle/.gradle/8.13/executionHistory/executionHistory.bin
[   +1 ms] > Task :gradle:checkKotlinGradlePluginConfigurationErrors SKIPPED
[   +1 ms] Skipping task ':gradle:checkKotlinGradlePluginConfigurationErrors' as task onlyIf 'errorDiagnostics are present' is false.
[        ] Resolve mutations for :gradle:compileKotlin (Thread[Execution worker,5,main]) started.
[        ] :gradle:compileKotlin (Thread[Execution worker,5,main]) started.
[+1295 ms] > Task :gradle:compileKotlin UP-TO-DATE
[        ] Build cache key for task ':gradle:compileKotlin' is a85b5afdf49a2eee3dc5ef56008fe39f
[        ] Skipping task ':gradle:compileKotlin' as it is up-to-date.
[        ] Resolve mutations for :gradle:compileJava (Thread[Execution worker Thread 3,5,main]) started.
[        ] :gradle:compileJava (Thread[Execution worker,5,main]) started.
[ +304 ms] > Task :gradle:compileJava NO-SOURCE
[        ] Skipping task ':gradle:compileJava' as it has no source files and no previous output files.
[        ] Resolve mutations for :gradle:compileGroovy (Thread[Execution worker,5,main]) started.
[        ] :gradle:compileGroovy (Thread[Execution worker,5,main]) started.
[        ] > Task :gradle:compileGroovy NO-SOURCE
[        ] Skipping task ':gradle:compileGroovy' as it has no source files and no previous output files.
[        ] Resolve mutations for :gradle:pluginDescriptors (Thread[Execution worker,5,main]) started.
[        ] :gradle:pluginDescriptors (Thread[Execution worker,5,main]) started.
[        ] > Task :gradle:pluginDescriptors UP-TO-DATE
[        ] Caching disabled for task ':gradle:pluginDescriptors' because:
[        ]   Not worth caching
[        ] Skipping task ':gradle:pluginDescriptors' as it is up-to-date.
[        ] Resolve mutations for :gradle:processResources (Thread[Execution worker,5,main]) started.
[        ] :gradle:processResources (Thread[Execution worker,5,main]) started.
[        ] > Task :gradle:processResources UP-TO-DATE
[        ] Caching disabled for task ':gradle:processResources' because:
[        ]   Not worth caching
[        ] Skipping task ':gradle:processResources' as it is up-to-date.
[        ] Resolve mutations for :gradle:classes (Thread[Execution worker,5,main]) started.
[        ] :gradle:classes (Thread[Execution worker,5,main]) started.
[        ] > Task :gradle:classes UP-TO-DATE
[        ] Skipping task ':gradle:classes' as it has no actions.
[        ] Resolve mutations for :gradle:jar (Thread[Execution worker,5,main]) started.
[        ] :gradle:jar (Thread[Execution worker,5,main]) started.
[ +292 ms] > Task :gradle:jar UP-TO-DATE
[        ] Caching disabled for task ':gradle:jar' because:
[        ]   Not worth caching
[        ] Skipping task ':gradle:jar' as it is up-to-date.
[+1698 ms] Settings evaluated using settings file '/home/abisin/Desktop/momentum/android/settings.gradle.kts'.
[        ] Using local directory build cache for the root build (location = /home/abisin/.gradle/caches/build-cache-1, remove unused entries = after 7 days).
[ +199 ms] Projects loaded. Root project using build file '/home/abisin/Desktop/momentum/android/build.gradle.kts'.
[   +1 ms] Included projects: [root project 'android', project ':android_intent_plus', project ':app', project ':camera_android', project ':connectivity_plus', project ':device_info_plus', project ':dynamic_color', project ':flutter_background_service_android', project ':flutter_local_notifications', project ':flutter_plugin_android_lifecycle', project ':flutter_secure_storage', project ':health', project ':home_widget', project ':image_picker_android', project ':package_info_plus', project ':path_provider_android', project ':permission_handler_android', project ':shared_preferences_android', project ':sqlite3_flutter_libs', project ':url_launcher_android', project ':wakelock_plus', project ':webview_flutter_android']
[ +599 ms] > Configure project :app
[        ] Evaluating project ':app' using build file '/home/abisin/Desktop/momentum/android/app/build.gradle.kts'.
[        ] Resolved plugin [id: 'com.android.application']
[        ] Resolved plugin [id: 'kotlin-android']
[        ] Resolved plugin [id: 'dev.flutter.flutter-gradle-plugin']
[        ] Using default execution profile
[        ] Using Kotlin Gradle Plugin gradle85 variant
[        ] C/C++: android.ndkVersion from module build.gradle is [27.0.12077973]
[        ] C/C++: android.ndkPath from module build.gradle is not set
[        ] C/C++: ndk.dir in local.properties is not set
[        ] C/C++: Not considering ANDROID_NDK_HOME because support was removed after deprecation period.
[        ] C/C++: sdkFolder is /home/abisin/development/android-sdk
[        ] C/C++: android.ndkVersion from module build.gradle is [27.0.12077973]
[        ] C/C++: android.ndkPath from module build.gradle is not set
[        ] C/C++: ndk.dir in local.properties is not set
[        ] C/C++: Not considering ANDROID_NDK_HOME because support was removed after deprecation period.
[        ] C/C++: sdkFolder is /home/abisin/development/android-sdk
[        ] C/C++: android.ndkVersion from module build.gradle is [27.0.12077973]
[        ] C/C++: android.ndkPath from module build.gradle is not set
[        ] C/C++: ndk.dir in local.properties is not set
[        ] C/C++: Not considering ANDROID_NDK_HOME because support was removed after deprecation period.
[        ] C/C++: sdkFolder is /home/abisin/development/android-sdk
[        ] C/C++: android.ndkVersion from module build.gradle is [27.0.12077973]
[        ] C/C++: android.ndkPath from module build.gradle is not set
[   +3 ms] C/C++: ndk.dir in local.properties is not set
[        ] C/C++: Not considering ANDROID_NDK_HOME because support was removed after deprecation period.
[        ] C/C++: sdkFolder is /home/abisin/development/android-sdk
[        ] C/C++: android.ndkVersion from module build.gradle is [27.0.12077973]
[        ] C/C++: android.ndkPath from module build.gradle is not set
[        ] C/C++: ndk.dir in local.properties is not set
[        ] C/C++: Not considering ANDROID_NDK_HOME because support was removed after deprecation period.
[        ] C/C++: sdkFolder is /home/abisin/development/android-sdk
[        ] C/C++: android.ndkVersion from module build.gradle is [27.0.12077973]
[        ] C/C++: android.ndkPath from module build.gradle is not set
[        ] C/C++: ndk.dir in local.properties is not set
[        ] C/C++: Not considering ANDROID_NDK_HOME because support was removed after deprecation period.
[        ] C/C++: sdkFolder is /home/abisin/development/android-sdk
[   +5 ms] C/C++: android.ndkVersion from module build.gradle is [27.0.12077973]
[        ] C/C++: android.ndkPath from module build.gradle is not set
[   +1 ms] C/C++: ndk.dir in local.properties is not set
[        ] C/C++: Not considering ANDROID_NDK_HOME because support was removed after deprecation period.
[        ] C/C++: sdkFolder is /home/abisin/development/android-sdk
[        ] C/C++: android.ndkVersion from module build.gradle is [27.0.12077973]
[        ] C/C++: android.ndkPath from module build.gradle is not set
[        ] C/C++: ndk.dir in local.properties is not set
[        ] C/C++: Not considering ANDROID_NDK_HOME because support was removed after deprecation period.
[        ] C/C++: sdkFolder is /home/abisin/development/android-sdk
[        ] C/C++: android.ndkVersion from module build.gradle is [27.0.12077973]
[        ] C/C++: android.ndkPath from module build.gradle is not set
[   +2 ms] C/C++: ndk.dir in local.properties is not set
[        ] C/C++: Not considering ANDROID_NDK_HOME because support was removed after deprecation period.
[        ] C/C++: sdkFolder is /home/abisin/development/android-sdk
[        ] C/C++: android.ndkVersion from module build.gradle is [27.0.12077973]
[        ] C/C++: android.ndkPath from module build.gradle is not set
[        ] C/C++: ndk.dir in local.properties is not set
[        ] C/C++: Not considering ANDROID_NDK_HOME because support was removed after deprecation period.
[        ] C/C++: sdkFolder is /home/abisin/development/android-sdk
[        ] C/C++: android.ndkVersion from module build.gradle is [27.0.12077973]
[        ] C/C++: android.ndkPath from module build.gradle is not set
[        ] C/C++: ndk.dir in local.properties is not set
[        ] C/C++: Not considering ANDROID_NDK_HOME because support was removed after deprecation period.
[        ] C/C++: sdkFolder is /home/abisin/development/android-sdk
[        ] C/C++: android.ndkVersion from module build.gradle is [27.0.12077973]
[        ] C/C++: android.ndkPath from module build.gradle is not set
[        ] C/C++: ndk.dir in local.properties is not set
[        ] C/C++: Not considering ANDROID_NDK_HOME because support was removed after deprecation period.
[        ] C/C++: sdkFolder is /home/abisin/development/android-sdk
[        ] C/C++: android.ndkVersion from module build.gradle is [27.0.12077973]
[        ] C/C++: android.ndkPath from module build.gradle is not set
[        ] C/C++: ndk.dir in local.properties is not set
[        ] C/C++: Not considering ANDROID_NDK_HOME because support was removed after deprecation period.
[        ] C/C++: sdkFolder is /home/abisin/development/android-sdk
[        ] C/C++: android.ndkVersion from module build.gradle is [27.0.12077973]
[        ] C/C++: android.ndkPath from module build.gradle is not set
[        ] C/C++: ndk.dir in local.properties is not set
[        ] C/C++: Not considering ANDROID_NDK_HOME because support was removed after deprecation period.
[        ] C/C++: sdkFolder is /home/abisin/development/android-sdk
[        ] C/C++: android.ndkVersion from module build.gradle is [27.0.12077973]
[        ] C/C++: android.ndkPath from module build.gradle is not set
[        ] C/C++: ndk.dir in local.properties is not set
[        ] C/C++: Not considering ANDROID_NDK_HOME because support was removed after deprecation period.
[        ] C/C++: sdkFolder is /home/abisin/development/android-sdk
[        ] C/C++: android.ndkVersion from module build.gradle is [27.0.12077973]
[        ] C/C++: android.ndkPath from module build.gradle is not set
[   +1 ms] C/C++: ndk.dir in local.properties is not set
[        ] C/C++: Not considering ANDROID_NDK_HOME because support was removed after deprecation period.
[        ] C/C++: sdkFolder is /home/abisin/development/android-sdk
[        ] C/C++: android.ndkVersion from module build.gradle is [27.0.12077973]
[        ] C/C++: android.ndkPath from module build.gradle is not set
[        ] C/C++: ndk.dir in local.properties is not set
[        ] C/C++: Not considering ANDROID_NDK_HOME because support was removed after deprecation period.
[        ] C/C++: sdkFolder is /home/abisin/development/android-sdk
[        ] C/C++: android.ndkVersion from module build.gradle is [27.0.12077973]
[        ] C/C++: android.ndkPath from module build.gradle is not set
[        ] C/C++: ndk.dir in local.properties is not set
[        ] C/C++: Not considering ANDROID_NDK_HOME because support was removed after deprecation period.
[        ] C/C++: sdkFolder is /home/abisin/development/android-sdk
[        ] C/C++: android.ndkVersion from module build.gradle is [27.0.12077973]
[        ] C/C++: android.ndkPath from module build.gradle is not set
[        ] C/C++: ndk.dir in local.properties is not set
[        ] C/C++: Not considering ANDROID_NDK_HOME because support was removed after deprecation period.
[        ] C/C++: sdkFolder is /home/abisin/development/android-sdk
[        ] > Configure project :
[        ] Evaluating root project 'android' using build file '/home/abisin/Desktop/momentum/android/build.gradle.kts'.
[ +377 ms] > Configure project :android_intent_plus
[        ] Evaluating project ':android_intent_plus' using build file '/home/abisin/.pub-cache/hosted/pub.dev/android_intent_plus-6.0.0/android/build.gradle'.
[        ] Using default execution profile
[        ] Warning: The plugin android_intent_plus requires Android SDK version 36 or higher.
[        ] For more information about build configuration, see https://flutter.dev/to/review-gradle-config.
[ +396 ms] > Configure project :camera_android
[   +2 ms] Evaluating project ':camera_android' using build file '/home/abisin/.pub-cache/hosted/pub.dev/camera_android-0.10.10+14/android/build.gradle'.
[        ] Using default execution profile
[        ] Warning: The plugin camera_android requires Android SDK version 36 or higher.
[        ] For more information about build configuration, see https://flutter.dev/to/review-gradle-config.
[ +597 ms] > Configure project :connectivity_plus
[   +1 ms] Evaluating project ':connectivity_plus' using build file '/home/abisin/.pub-cache/hosted/pub.dev/connectivity_plus-6.1.5/android/build.gradle'.
[        ] Using default execution profile
[ +699 ms] > Configure project :device_info_plus
[        ] Evaluating project ':device_info_plus' using build file '/home/abisin/.pub-cache/hosted/pub.dev/device_info_plus-10.1.2/android/build.gradle'.
[        ] Using default execution profile
[        ] Using Kotlin Gradle Plugin gradle85 variant
[+1198 ms] > Configure project :dynamic_color
[   +4 ms] Evaluating project ':dynamic_color' using build file '/home/abisin/.pub-cache/hosted/pub.dev/dynamic_color-1.8.1/android/build.gradle'.
[   +1 ms] Using default execution profile
[   +2 ms] Using Kotlin Gradle Plugin gradle85 variant
[  +89 ms] > Configure project :flutter_background_service_android
[        ] Evaluating project ':flutter_background_service_android' using build file '/home/abisin/.pub-cache/hosted/pub.dev/flutter_background_service_android-6.3.1/android/build.gradle'.
[        ] Using default execution profile
[+1599 ms] > Configure project :flutter_local_notifications
[        ] Evaluating project ':flutter_local_notifications' using build file '/home/abisin/.pub-cache/hosted/pub.dev/flutter_local_notifications-19.5.0/android/build.gradle'.
[        ] Using default execution profile
[        ] Warning: The plugin flutter_local_notifications requires Android SDK version 35 or higher.
[        ] For more information about build configuration, see https://flutter.dev/to/review-gradle-config.
[  +99 ms] > Configure project :flutter_plugin_android_lifecycle
[        ] Evaluating project ':flutter_plugin_android_lifecycle' using build file '/home/abisin/.pub-cache/hosted/pub.dev/flutter_plugin_android_lifecycle-2.0.33/android/build.gradle'.
[        ] Using default execution profile
[        ] Warning: The plugin flutter_plugin_android_lifecycle requires Android SDK version 36 or higher.
[        ] For more information about build configuration, see https://flutter.dev/to/review-gradle-config.
[ +299 ms] > Configure project :flutter_secure_storage
[        ] Evaluating project ':flutter_secure_storage' using build file '/home/abisin/.pub-cache/hosted/pub.dev/flutter_secure_storage-9.2.4/android/build.gradle'.
[        ] Using default execution profile
[+1999 ms] > Configure project :health
[        ] Evaluating project ':health' using build file '/home/abisin/.pub-cache/hosted/pub.dev/health-11.1.1/android/build.gradle'.
[+4602 ms] Using default execution profile
[        ] Using Kotlin Gradle Plugin gradle85 variant
[ +897 ms] > Configure project :home_widget
[        ] Evaluating project ':home_widget' using build file '/home/abisin/.pub-cache/hosted/pub.dev/home_widget-0.7.0+1/android/build.gradle'.
[        ] Using default execution profile
[        ] Using Kotlin Gradle Plugin gradle85 variant
[ +299 ms] > Configure project :image_picker_android
[        ] Evaluating project ':image_picker_android' using build file '/home/abisin/.pub-cache/hosted/pub.dev/image_picker_android-0.8.13+12/android/build.gradle'.
[        ] Using default execution profile
[        ] Warning: The plugin image_picker_android requires Android SDK version 36 or higher.
[        ] For more information about build configuration, see https://flutter.dev/to/review-gradle-config.
[ +700 ms] > Configure project :package_info_plus
[        ] Evaluating project ':package_info_plus' using build file '/home/abisin/.pub-cache/hosted/pub.dev/package_info_plus-9.0.0/android/build.gradle'.
[        ] Using default execution profile
[        ] Using Kotlin Gradle Plugin gradle85 variant
[        ] Warning: The plugin package_info_plus requires Android SDK version 36 or higher.
[        ] For more information about build configuration, see https://flutter.dev/to/review-gradle-config.
[  +96 ms] > Configure project :path_provider_android
[        ] Evaluating project ':path_provider_android' using build file '/home/abisin/.pub-cache/hosted/pub.dev/path_provider_android-2.2.22/android/build.gradle'.
[        ] Using default execution profile
[        ] Warning: The plugin path_provider_android requires Android SDK version 36 or higher.
[        ] For more information about build configuration, see https://flutter.dev/to/review-gradle-config.
[ +300 ms] > Configure project :permission_handler_android
[        ] Evaluating project ':permission_handler_android' using build file '/home/abisin/.pub-cache/hosted/pub.dev/permission_handler_android-12.1.0/android/build.gradle'.
[        ] Using default execution profile
[ +399 ms] > Configure project :shared_preferences_android
[        ] Evaluating project ':shared_preferences_android' using build file '/home/abisin/.pub-cache/hosted/pub.dev/shared_preferences_android-2.4.18/android/build.gradle'.
[        ] Using default execution profile
[        ] Using Kotlin Gradle Plugin gradle85 variant
[        ] Warning: The plugin shared_preferences_android requires Android SDK version 36 or higher.
[        ] For more information about build configuration, see https://flutter.dev/to/review-gradle-config.
[ +399 ms] > Configure project :sqlite3_flutter_libs
[        ] Evaluating project ':sqlite3_flutter_libs' using build file '/home/abisin/.pub-cache/hosted/pub.dev/sqlite3_flutter_libs-0.5.41/android/build.gradle'.
[        ] Using default execution profile
[        ] Warning: The plugin sqlite3_flutter_libs requires Android SDK version 35 or higher.
[        ] For more information about build configuration, see https://flutter.dev/to/review-gradle-config.
[  +98 ms] > Configure project :url_launcher_android
[        ] Evaluating project ':url_launcher_android' using build file '/home/abisin/.pub-cache/hosted/pub.dev/url_launcher_android-6.3.28/android/build.gradle'.
[        ] Using default execution profile
[        ] Warning: The plugin url_launcher_android requires Android SDK version 36 or higher.
[        ] For more information about build configuration, see https://flutter.dev/to/review-gradle-config.
[ +102 ms] > Configure project :wakelock_plus
[        ] Evaluating project ':wakelock_plus' using build file '/home/abisin/.pub-cache/hosted/pub.dev/wakelock_plus-1.4.0/android/build.gradle'.
[        ] Using default execution profile
[        ] Using Kotlin Gradle Plugin gradle85 variant
[        ] Warning: The plugin wakelock_plus requires Android SDK version 36 or higher.
[        ] For more information about build configuration, see https://flutter.dev/to/review-gradle-config.
[ +195 ms] > Configure project :webview_flutter_android
[        ] Evaluating project ':webview_flutter_android' using build file '/home/abisin/.pub-cache/hosted/pub.dev/webview_flutter_android-4.10.11/android/build.gradle'.
[        ] Using default execution profile
[        ] Using Kotlin Gradle Plugin gradle85 variant
[        ] Warning: The plugin webview_flutter_android requires Android SDK version 36 or higher.
[        ] For more information about build configuration, see https://flutter.dev/to/review-gradle-config.
[   +3 ms] Your project is configured to compile against Android SDK 34, but the following plugin(s) require to be compiled against a higher Android SDK version:
[   +1 ms] - android_intent_plus compiles against Android SDK 36
[        ] - camera_android compiles against Android SDK 36
[        ] - flutter_local_notifications compiles against Android SDK 35
[   +1 ms] - flutter_plugin_android_lifecycle compiles against Android SDK 36
[        ] - image_picker_android compiles against Android SDK 36
[        ] - package_info_plus compiles against Android SDK 36
[        ] - path_provider_android compiles against Android SDK 36
[        ] - shared_preferences_android compiles against Android SDK 36
[        ] - sqlite3_flutter_libs compiles against Android SDK 35
[        ] - url_launcher_android compiles against Android SDK 36
[        ] - wakelock_plus compiles against Android SDK 36
[        ] - webview_flutter_android compiles against Android SDK 36
[        ] Fix this issue by compiling against the highest Android SDK version (they are backward compatible).
[        ] Add the following to /home/abisin/Desktop/momentum/android/app/build.gradle.kts:
[        ]     android {
[        ]         compileSdk = 36
[        ]         ...
[        ]     }
[        ] All projects evaluated.
[  +89 ms] Task name matched 'assembleDebug'
[        ] Selected primary task 'assembleDebug' from project :
[  +99 ms] WARNING: We recommend using a newer Android Gradle plugin to use compileSdk = 36
[        ] This Android Gradle plugin (8.8.0) was tested up to compileSdk = 35.
[        ] You are strongly encouraged to update your project to use a newer
[        ] Android Gradle plugin that has been tested with compileSdk = 36.
[        ] If you are already using the latest version of the Android Gradle plugin,
[        ] you may need to wait until a newer version with support for compileSdk = 36 is available.
[        ] For more information refer to the compatibility table:
[        ] https://d.android.com/r/tools/api-level-support
[        ] To suppress this warning, add/update
[        ]     android.suppressUnsupportedCompileSdk=36
[        ] to this project's gradle.properties.
[+1306 ms] Tasks to be executed: [task ':android_intent_plus:preBuild', task ':android_intent_plus:preDebugBuild', task ':android_intent_plus:mergeDebugJniLibFolders', task ':android_intent_plus:mergeDebugNativeLibs', task ':android_intent_plus:stripDebugDebugSymbols', task ':android_intent_plus:copyDebugJniLibsProjectAndLocalJars', task ':android_intent_plus:generateDebugResValues', task ':android_intent_plus:generateDebugResources', task ':android_intent_plus:packageDebugResources', task ':android_intent_plus:parseDebugLocalResources', task ':android_intent_plus:generateDebugRFile', task ':android_intent_plus:extractDebugAnnotations', task ':android_intent_plus:extractDeepLinksForAarDebug', task ':android_intent_plus:javaPreCompileDebug', task ':android_intent_plus:compileDebugJavaWithJavac', task ':android_intent_plus:mergeDebugGeneratedProguardFiles', task ':android_intent_plus:mergeDebugConsumerProguardFiles', task ':android_intent_plus:mergeDebugShaders', task ':android_intent_plus:compileDebugShaders', task ':android_intent_plus:generateDebugAssets', task ':android_intent_plus:packageDebugAssets', task ':android_intent_plus:prepareDebugArtProfile', task ':android_intent_plus:prepareLintJarForPublish', task ':android_intent_plus:processDebugManifest', task ':android_intent_plus:processDebugJavaRes', task ':android_intent_plus:mergeDebugJavaResource', task ':android_intent_plus:syncDebugLibJars', task ':android_intent_plus:writeDebugAarMetadata', task ':android_intent_plus:bundleDebugAar', task ':android_intent_plus:assembleDebug', task ':app:DebugMinSdkCheck', task ':app:preBuild', task ':app:preDebugBuild', task ':app:mergeDebugNativeDebugMetadata', task ':android_intent_plus:bundleLibCompileToJarDebug', task ':app:checkKotlinGradlePluginConfigurationErrors', task ':app:compileFlutterBuildDebug', task ':app:packJniLibsflutterBuildDebug', task ':android_intent_plus:compileDebugLibraryResources', task ':camera_android:preBuild', task ':camera_android:preDebugBuild', task ':camera_android:writeDebugAarMetadata', task ':connectivity_plus:preBuild', task ':connectivity_plus:preDebugBuild', task ':connectivity_plus:writeDebugAarMetadata', task ':device_info_plus:preBuild', task ':device_info_plus:preDebugBuild', task ':device_info_plus:writeDebugAarMetadata', task ':dynamic_color:preBuild', task ':dynamic_color:preDebugBuild', task ':dynamic_color:writeDebugAarMetadata', task ':flutter_background_service_android:preBuild', task ':flutter_background_service_android:preDebugBuild', task ':flutter_background_service_android:writeDebugAarMetadata', task ':flutter_local_notifications:preBuild', task ':flutter_local_notifications:preDebugBuild', task ':flutter_local_notifications:writeDebugAarMetadata', task ':flutter_plugin_android_lifecycle:preBuild', task ':flutter_plugin_android_lifecycle:preDebugBuild', task ':flutter_plugin_android_lifecycle:writeDebugAarMetadata', task ':flutter_secure_storage:preBuild', task ':flutter_secure_storage:preDebugBuild', task ':flutter_secure_storage:writeDebugAarMetadata', task ':health:preBuild', task ':health:preDebugBuild', task ':health:writeDebugAarMetadata', task ':home_widget:preBuild', task ':home_widget:preDebugBuild', task ':home_widget:writeDebugAarMetadata', task ':image_picker_android:preBuild', task ':image_picker_android:preDebugBuild', task ':image_picker_android:writeDebugAarMetadata', task ':package_info_plus:preBuild', task ':package_info_plus:preDebugBuild', task ':package_info_plus:writeDebugAarMetadata', task ':path_provider_android:preBuild', task ':path_provider_android:preDebugBuild', task ':path_provider_android:writeDebugAarMetadata', task ':permission_handler_android:preBuild', task ':permission_handler_android:preDebugBuild', task ':permission_handler_android:writeDebugAarMetadata', task ':shared_preferences_android:preBuild', task ':shared_preferences_android:preDebugBuild', task ':shared_preferences_android:writeDebugAarMetadata', task ':sqlite3_flutter_libs:preBuild', task ':sqlite3_flutter_libs:preDebugBuild', task ':sqlite3_flutter_libs:writeDebugAarMetadata', task ':url_launcher_android:preBuild', task ':url_launcher_android:preDebugBuild', task ':url_launcher_android:writeDebugAarMetadata', task ':wakelock_plus:preBuild', task ':wakelock_plus:preDebugBuild', task ':wakelock_plus:writeDebugAarMetadata', task ':webview_flutter_android:preBuild', task ':webview_flutter_android:preDebugBuild', task ':webview_flutter_android:writeDebugAarMetadata', task ':app:checkDebugAarMetadata', task ':app:cleanMergeDebugAssets', task ':app:mergeDebugShaders', task ':app:compileDebugShaders', task ':app:generateDebugAssets', task ':camera_android:mergeDebugShaders', task ':camera_android:compileDebugShaders', task ':camera_android:generateDebugAssets', task ':camera_android:packageDebugAssets', task ':connectivity_plus:mergeDebugShaders', task ':connectivity_plus:compileDebugShaders', task ':connectivity_plus:generateDebugAssets', task ':connectivity_plus:packageDebugAssets', task ':device_info_plus:mergeDebugShaders', task ':device_info_plus:compileDebugShaders', task ':device_info_plus:generateDebugAssets', task ':device_info_plus:packageDebugAssets', task ':dynamic_color:mergeDebugShaders', task ':dynamic_color:compileDebugShaders', task ':dynamic_color:generateDebugAssets', task ':dynamic_color:packageDebugAssets', task ':flutter_background_service_android:mergeDebugShaders', task ':flutter_background_service_android:compileDebugShaders', task ':flutter_background_service_android:generateDebugAssets', task ':flutter_background_service_android:packageDebugAssets', task ':flutter_local_notifications:mergeDebugShaders', task ':flutter_local_notifications:compileDebugShaders', task ':flutter_local_notifications:generateDebugAssets', task ':flutter_local_notifications:packageDebugAssets', task ':flutter_plugin_android_lifecycle:mergeDebugShaders', task ':flutter_plugin_android_lifecycle:compileDebugShaders', task ':flutter_plugin_android_lifecycle:generateDebugAssets', task ':flutter_plugin_android_lifecycle:packageDebugAssets', task ':flutter_secure_storage:mergeDebugShaders', task ':flutter_secure_storage:compileDebugShaders', task ':flutter_secure_storage:generateDebugAssets', task ':flutter_secure_storage:packageDebugAssets', task ':health:mergeDebugShaders', task ':health:compileDebugShaders', task ':health:generateDebugAssets', task ':health:packageDebugAssets', task ':home_widget:mergeDebugShaders', task ':home_widget:compileDebugShaders', task ':home_widget:generateDebugAssets', task ':home_widget:packageDebugAssets', task ':image_picker_android:mergeDebugShaders', task ':image_picker_android:compileDebugShaders', task ':image_picker_android:generateDebugAssets', task ':image_picker_android:packageDebugAssets', task ':package_info_plus:mergeDebugShaders', task ':package_info_plus:compileDebugShaders', task ':package_info_plus:generateDebugAssets', task ':package_info_plus:packageDebugAssets', task ':path_provider_android:mergeDebugShaders', task ':path_provider_android:compileDebugShaders', task ':path_provider_android:generateDebugAssets', task ':path_provider_android:packageDebugAssets', task ':permission_handler_android:mergeDebugShaders', task ':permission_handler_android:compileDebugShaders', task ':permission_handler_android:generateDebugAssets', task ':permission_handler_android:packageDebugAssets', task ':shared_preferences_android:mergeDebugShaders', task ':shared_preferences_android:compileDebugShaders', task ':shared_preferences_android:generateDebugAssets', task ':shared_preferences_android:packageDebugAssets', task ':sqlite3_flutter_libs:mergeDebugShaders', task ':sqlite3_flutter_libs:compileDebugShaders', task ':sqlite3_flutter_libs:generateDebugAssets', task ':sqlite3_flutter_libs:packageDebugAssets', task ':url_launcher_android:mergeDebugShaders', task ':url_launcher_android:compileDebugShaders', task ':url_launcher_android:generateDebugAssets', task ':url_launcher_android:packageDebugAssets', task ':wakelock_plus:mergeDebugShaders', task ':wakelock_plus:compileDebugShaders', task ':wakelock_plus:generateDebugAssets', task ':wakelock_plus:packageDebugAssets', task ':webview_flutter_android:mergeDebugShaders', task ':webview_flutter_android:compileDebugShaders', task ':webview_flutter_android:generateDebugAssets', task ':webview_flutter_android:packageDebugAssets', task ':app:mergeDebugAssets', task ':app:copyFlutterAssetsDebug', task ':app:generateDebugResValues', task ':camera_android:generateDebugResValues', task ':camera_android:generateDebugResources', task ':camera_android:packageDebugResources', task ':connectivity_plus:generateDebugResValues', task ':connectivity_plus:generateDebugResources', task ':connectivity_plus:packageDebugResources', task ':device_info_plus:generateDebugResValues', task ':device_info_plus:generateDebugResources', task ':device_info_plus:packageDebugResources', task ':dynamic_color:generateDebugResValues', task ':dynamic_color:generateDebugResources', task ':dynamic_color:packageDebugResources', task ':flutter_background_service_android:generateDebugResValues', task ':flutter_background_service_android:generateDebugResources', task ':flutter_background_service_android:packageDebugResources', task ':flutter_local_notifications:generateDebugResValues', task ':flutter_local_notifications:generateDebugResources', task ':flutter_local_notifications:packageDebugResources', task ':flutter_plugin_android_lifecycle:generateDebugResValues', task ':flutter_plugin_android_lifecycle:generateDebugResources', task ':flutter_plugin_android_lifecycle:packageDebugResources', task ':flutter_secure_storage:generateDebugResValues', task ':flutter_secure_storage:generateDebugResources', task ':flutter_secure_storage:packageDebugResources', task ':health:generateDebugResValues', task ':health:generateDebugResources', task ':health:packageDebugResources', task ':home_widget:generateDebugResValues', task ':home_widget:generateDebugResources', task ':home_widget:packageDebugResources', task ':image_picker_android:generateDebugResValues', task ':image_picker_android:generateDebugResources', task ':image_picker_android:packageDebugResources', task ':package_info_plus:generateDebugResValues', task ':package_info_plus:generateDebugResources', task ':package_info_plus:packageDebugResources', task ':path_provider_android:generateDebugResValues', task ':path_provider_android:generateDebugResources', task ':path_provider_android:packageDebugResources', task ':permission_handler_android:generateDebugResValues', task ':permission_handler_android:generateDebugResources', task ':permission_handler_android:packageDebugResources', task ':shared_preferences_android:generateDebugResValues', task ':shared_preferences_android:generateDebugResources', task ':shared_preferences_android:packageDebugResources', task ':sqlite3_flutter_libs:generateDebugResValues', task ':sqlite3_flutter_libs:generateDebugResources', task ':sqlite3_flutter_libs:packageDebugResources', task ':url_launcher_android:generateDebugResValues', task ':url_launcher_android:generateDebugResources', task ':url_launcher_android:packageDebugResources', task ':wakelock_plus:generateDebugResValues', task ':wakelock_plus:generateDebugResources', task ':wakelock_plus:packageDebugResources', task ':webview_flutter_android:generateDebugResValues', task ':webview_flutter_android:generateDebugResources', task ':webview_flutter_android:packageDebugResources', task ':app:mapDebugSourceSetPaths', task ':app:generateDebugResources', task ':app:mergeDebugResources', task ':app:packageDebugResources', task ':app:parseDebugLocalResources', task ':app:createDebugCompatibleScreenManifests', task ':android_intent_plus:extractDeepLinksDebug', task ':app:extractDeepLinksDebug', task ':camera_android:extractDeepLinksDebug', task ':camera_android:processDebugManifest', task ':connectivity_plus:extractDeepLinksDebug', task ':connectivity_plus:processDebugManifest', task ':device_info_plus:extractDeepLinksDebug', task ':device_info_plus:processDebugManifest', task ':dynamic_color:extractDeepLinksDebug', task ':dynamic_color:processDebugManifest', task ':flutter_background_service_android:extractDeepLinksDebug', task ':flutter_background_service_android:processDebugManifest', task ':flutter_local_notifications:extractDeepLinksDebug', task ':flutter_local_notifications:processDebugManifest', task ':flutter_plugin_android_lifecycle:extractDeepLinksDebug', task ':flutter_plugin_android_lifecycle:processDebugManifest', task ':flutter_secure_storage:extractDeepLinksDebug', task ':flutter_secure_storage:processDebugManifest', task ':health:extractDeepLinksDebug', task ':health:processDebugManifest', task ':home_widget:extractDeepLinksDebug', task ':home_widget:processDebugManifest', task ':image_picker_android:extractDeepLinksDebug', task ':image_picker_android:processDebugManifest', task ':package_info_plus:extractDeepLinksDebug', task ':package_info_plus:processDebugManifest', task ':path_provider_android:extractDeepLinksDebug', task ':path_provider_android:processDebugManifest', task ':permission_handler_android:extractDeepLinksDebug', task ':permission_handler_android:processDebugManifest', task ':shared_preferences_android:extractDeepLinksDebug', task ':shared_preferences_android:processDebugManifest', task ':sqlite3_flutter_libs:extractDeepLinksDebug', task ':sqlite3_flutter_libs:processDebugManifest', task ':url_launcher_android:extractDeepLinksDebug', task ':url_launcher_android:processDebugManifest', task ':wakelock_plus:extractDeepLinksDebug', task ':wakelock_plus:processDebugManifest', task ':webview_flutter_android:extractDeepLinksDebug', task ':webview_flutter_android:processDebugManifest', task ':app:processDebugMainManifest', task ':app:outputDebugAppLinkSettings', task ':app:processDebugManifest', task ':app:processDebugManifestForPackage', task ':camera_android:compileDebugLibraryResources', task ':camera_android:parseDebugLocalResources', task ':camera_android:generateDebugRFile', task ':connectivity_plus:compileDebugLibraryResources', task ':connectivity_plus:parseDebugLocalResources', task ':connectivity_plus:generateDebugRFile', task ':device_info_plus:compileDebugLibraryResources', task ':device_info_plus:parseDebugLocalResources', task ':device_info_plus:generateDebugRFile', task ':dynamic_color:compileDebugLibraryResources', task ':dynamic_color:parseDebugLocalResources', task ':dynamic_color:generateDebugRFile', task ':flutter_background_service_android:compileDebugLibraryResources', task ':flutter_background_service_android:parseDebugLocalResources', task ':flutter_background_service_android:generateDebugRFile', task ':flutter_local_notifications:compileDebugLibraryResources', task ':flutter_local_notifications:parseDebugLocalResources', task ':flutter_local_notifications:generateDebugRFile', task ':flutter_plugin_android_lifecycle:compileDebugLibraryResources', task ':flutter_plugin_android_lifecycle:parseDebugLocalResources', task ':flutter_plugin_android_lifecycle:generateDebugRFile', task ':flutter_secure_storage:compileDebugLibraryResources', task ':flutter_secure_storage:parseDebugLocalResources', task ':flutter_secure_storage:generateDebugRFile', task ':health:compileDebugLibraryResources', task ':health:parseDebugLocalResources', task ':health:generateDebugRFile', task ':home_widget:compileDebugLibraryResources', task ':home_widget:parseDebugLocalResources', task ':home_widget:generateDebugRFile', task ':image_picker_android:compileDebugLibraryResources', task ':image_picker_android:parseDebugLocalResources', task ':image_picker_android:generateDebugRFile', task ':package_info_plus:compileDebugLibraryResources', task ':package_info_plus:parseDebugLocalResources', task ':package_info_plus:generateDebugRFile', task ':path_provider_android:compileDebugLibraryResources', task ':path_provider_android:parseDebugLocalResources', task ':path_provider_android:generateDebugRFile', task ':permission_handler_android:compileDebugLibraryResources', task ':permission_handler_android:parseDebugLocalResources', task ':permission_handler_android:generateDebugRFile', task ':shared_preferences_android:compileDebugLibraryResources', task ':shared_preferences_android:parseDebugLocalResources', task ':shared_preferences_android:generateDebugRFile', task ':sqlite3_flutter_libs:compileDebugLibraryResources', task ':sqlite3_flutter_libs:parseDebugLocalResources', task ':sqlite3_flutter_libs:generateDebugRFile', task ':url_launcher_android:compileDebugLibraryResources', task ':url_launcher_android:parseDebugLocalResources', task ':url_launcher_android:generateDebugRFile', task ':wakelock_plus:compileDebugLibraryResources', task ':wakelock_plus:parseDebugLocalResources', task ':wakelock_plus:generateDebugRFile', task ':webview_flutter_android:compileDebugLibraryResources', task ':webview_flutter_android:parseDebugLocalResources', task ':webview_flutter_android:generateDebugRFile', task ':app:processDebugResources', task ':camera_android:generateDebugBuildConfig', task ':camera_android:javaPreCompileDebug', task ':flutter_plugin_android_lifecycle:javaPreCompileDebug', task ':flutter_plugin_android_lifecycle:compileDebugJavaWithJavac', task ':flutter_plugin_android_lifecycle:bundleLibCompileToJarDebug', task ':camera_android:compileDebugJavaWithJavac', task ':camera_android:bundleLibCompileToJarDebug', task ':connectivity_plus:javaPreCompileDebug', task ':connectivity_plus:compileDebugJavaWithJavac', task ':connectivity_plus:bundleLibCompileToJarDebug', task ':device_info_plus:checkKotlinGradlePluginConfigurationErrors', task ':device_info_plus:compileDebugKotlin', task ':device_info_plus:javaPreCompileDebug', task ':device_info_plus:compileDebugJavaWithJavac', task ':device_info_plus:bundleLibCompileToJarDebug', task ':dynamic_color:checkKotlinGradlePluginConfigurationErrors', task ':dynamic_color:compileDebugKotlin', task ':dynamic_color:javaPreCompileDebug', task ':dynamic_color:compileDebugJavaWithJavac', task ':dynamic_color:bundleLibCompileToJarDebug', task ':flutter_background_service_android:javaPreCompileDebug', task ':flutter_background_service_android:compileDebugJavaWithJavac', task ':flutter_background_service_android:bundleLibCompileToJarDebug', task ':flutter_local_notifications:javaPreCompileDebug', task ':flutter_local_notifications:compileDebugJavaWithJavac', task ':flutter_local_notifications:bundleLibCompileToJarDebug', task ':flutter_secure_storage:generateDebugBuildConfig', task ':flutter_secure_storage:javaPreCompileDebug', task ':flutter_secure_storage:compileDebugJavaWithJavac', task ':flutter_secure_storage:bundleLibCompileToJarDebug', task ':health:checkKotlinGradlePluginConfigurationErrors', task ':health:compileDebugKotlin', task ':health:javaPreCompileDebug', task ':health:compileDebugJavaWithJavac', task ':health:bundleLibCompileToJarDebug', task ':home_widget:checkKotlinGradlePluginConfigurationErrors', task ':home_widget:compileDebugKotlin', task ':home_widget:javaPreCompileDebug', task ':home_widget:compileDebugJavaWithJavac', task ':home_widget:bundleLibCompileToJarDebug', task ':image_picker_android:javaPreCompileDebug', task ':image_picker_android:compileDebugJavaWithJavac', task ':image_picker_android:bundleLibCompileToJarDebug', task ':package_info_plus:checkKotlinGradlePluginConfigurationErrors', task ':package_info_plus:compileDebugKotlin', task ':package_info_plus:javaPreCompileDebug', task ':package_info_plus:compileDebugJavaWithJavac', task ':package_info_plus:bundleLibCompileToJarDebug', task ':path_provider_android:javaPreCompileDebug', task ':path_provider_android:compileDebugJavaWithJavac', task ':path_provider_android:bundleLibCompileToJarDebug', task ':permission_handler_android:javaPreCompileDebug', task ':permission_handler_android:compileDebugJavaWithJavac', task ':permission_handler_android:bundleLibCompileToJarDebug', task ':shared_preferences_android:checkKotlinGradlePluginConfigurationErrors', task ':shared_preferences_android:compileDebugKotlin', task ':shared_preferences_android:javaPreCompileDebug', task ':shared_preferences_android:compileDebugJavaWithJavac', task ':shared_preferences_android:bundleLibCompileToJarDebug', task ':sqlite3_flutter_libs:javaPreCompileDebug', task ':sqlite3_flutter_libs:compileDebugJavaWithJavac', task ':sqlite3_flutter_libs:bundleLibCompileToJarDebug', task ':url_launcher_android:generateDebugBuildConfig', task ':url_launcher_android:javaPreCompileDebug', task ':url_launcher_android:compileDebugJavaWithJavac', task ':url_launcher_android:bundleLibCompileToJarDebug', task ':wakelock_plus:checkKotlinGradlePluginConfigurationErrors', task ':wakelock_plus:compileDebugKotlin', task ':wakelock_plus:javaPreCompileDebug', task ':wakelock_plus:compileDebugJavaWithJavac', task ':wakelock_plus:bundleLibCompileToJarDebug', task ':webview_flutter_android:checkKotlinGradlePluginConfigurationErrors', task ':webview_flutter_android:compileDebugKotlin', task ':webview_flutter_android:javaPreCompileDebug', task ':webview_flutter_android:compileDebugJavaWithJavac', task ':webview_flutter_android:bundleLibCompileToJarDebug', task ':app:compileDebugKotlin', task ':app:javaPreCompileDebug', task ':app:compileDebugJavaWithJavac', task ':app:compressDebugAssets', task ':android_intent_plus:bundleLibRuntimeToJarDebug', task ':camera_android:bundleLibRuntimeToJarDebug', task ':connectivity_plus:bundleLibRuntimeToJarDebug', task ':health:bundleLibRuntimeToJarDebug', task ':device_info_plus:bundleLibRuntimeToJarDebug', task ':dynamic_color:bundleLibRuntimeToJarDebug', task ':flutter_background_service_android:bundleLibRuntimeToJarDebug', task ':flutter_local_notifications:bundleLibRuntimeToJarDebug', task ':image_picker_android:bundleLibRuntimeToJarDebug', task ':flutter_plugin_android_lifecycle:bundleLibRuntimeToJarDebug', task ':flutter_secure_storage:bundleLibRuntimeToJarDebug', task ':home_widget:bundleLibRuntimeToJarDebug', task ':wakelock_plus:bundleLibRuntimeToJarDebug', task ':package_info_plus:bundleLibRuntimeToJarDebug', task ':path_provider_android:bundleLibRuntimeToJarDebug', task ':permission_handler_android:bundleLibRuntimeToJarDebug', task ':shared_preferences_android:bundleLibRuntimeToJarDebug', task ':sqlite3_flutter_libs:bundleLibRuntimeToJarDebug', task ':url_launcher_android:bundleLibRuntimeToJarDebug', task ':webview_flutter_android:bundleLibRuntimeToJarDebug', task ':app:desugarDebugFileDependencies', task ':app:dexBuilderDebug', task ':app:mergeDebugGlobalSynthetics', task ':app:processDebugJavaRes', task ':camera_android:processDebugJavaRes', task ':connectivity_plus:processDebugJavaRes', task ':device_info_plus:processDebugJavaRes', task ':dynamic_color:processDebugJavaRes', task ':flutter_background_service_android:processDebugJavaRes', task ':flutter_local_notifications:processDebugJavaRes', task ':flutter_plugin_android_lifecycle:processDebugJavaRes', task ':flutter_secure_storage:processDebugJavaRes', task ':health:processDebugJavaRes', task ':home_widget:processDebugJavaRes', task ':image_picker_android:processDebugJavaRes', task ':package_info_plus:processDebugJavaRes', task ':path_provider_android:processDebugJavaRes', task ':permission_handler_android:processDebugJavaRes', task ':shared_preferences_android:processDebugJavaRes', task ':sqlite3_flutter_libs:processDebugJavaRes', task ':url_launcher_android:processDebugJavaRes', task ':wakelock_plus:processDebugJavaRes', task ':webview_flutter_android:processDebugJavaRes', task ':app:mergeDebugJavaResource', task ':app:checkDebugDuplicateClasses', task ':app:mergeExtDexDebug', task ':android_intent_plus:bundleLibRuntimeToDirDebug', task ':camera_android:bundleLibRuntimeToDirDebug', task ':connectivity_plus:bundleLibRuntimeToDirDebug', task ':health:bundleLibRuntimeToDirDebug', task ':device_info_plus:bundleLibRuntimeToDirDebug', task ':dynamic_color:bundleLibRuntimeToDirDebug', task ':flutter_background_service_android:bundleLibRuntimeToDirDebug', task ':flutter_local_notifications:bundleLibRuntimeToDirDebug', task ':image_picker_android:bundleLibRuntimeToDirDebug', task ':flutter_plugin_android_lifecycle:bundleLibRuntimeToDirDebug', task ':flutter_secure_storage:bundleLibRuntimeToDirDebug', task ':home_widget:bundleLibRuntimeToDirDebug', task ':wakelock_plus:bundleLibRuntimeToDirDebug', task ':package_info_plus:bundleLibRuntimeToDirDebug', task ':path_provider_android:bundleLibRuntimeToDirDebug', task ':permission_handler_android:bundleLibRuntimeToDirDebug', task ':shared_preferences_android:bundleLibRuntimeToDirDebug', task ':sqlite3_flutter_libs:bundleLibRuntimeToDirDebug', task ':url_launcher_android:bundleLibRuntimeToDirDebug', task ':webview_flutter_android:bundleLibRuntimeToDirDebug', task ':app:mergeLibDexDebug', task ':app:mergeProjectDexDebug', task ':android_intent_plus:copyDebugJniLibsProjectOnly', task ':app:configureCMakeDebug[arm64-v8a]', task ':app:buildCMakeDebug[arm64-v8a]', task ':app:configureCMakeDebug[armeabi-v7a]', task ':app:buildCMakeDebug[armeabi-v7a]', task ':app:configureCMakeDebug[x86_64]', task ':app:buildCMakeDebug[x86_64]', task ':app:mergeDebugJniLibFolders', task ':camera_android:mergeDebugJniLibFolders', task ':camera_android:mergeDebugNativeLibs', task ':camera_android:copyDebugJniLibsProjectOnly', task ':connectivity_plus:mergeDebugJniLibFolders', task ':connectivity_plus:mergeDebugNativeLibs', task ':connectivity_plus:copyDebugJniLibsProjectOnly', task ':device_info_plus:mergeDebugJniLibFolders', task ':device_info_plus:mergeDebugNativeLibs', task ':device_info_plus:copyDebugJniLibsProjectOnly', task ':dynamic_color:mergeDebugJniLibFolders', task ':dynamic_color:mergeDebugNativeLibs', task ':dynamic_color:copyDebugJniLibsProjectOnly', task ':flutter_background_service_android:mergeDebugJniLibFolders', task ':flutter_background_service_android:mergeDebugNativeLibs', task ':flutter_background_service_android:copyDebugJniLibsProjectOnly', task ':flutter_local_notifications:mergeDebugJniLibFolders', task ':flutter_local_notifications:mergeDebugNativeLibs', task ':flutter_local_notifications:copyDebugJniLibsProjectOnly', task ':flutter_plugin_android_lifecycle:mergeDebugJniLibFolders', task ':flutter_plugin_android_lifecycle:mergeDebugNativeLibs', task ':flutter_plugin_android_lifecycle:copyDebugJniLibsProjectOnly', task ':flutter_secure_storage:mergeDebugJniLibFolders', task ':flutter_secure_storage:mergeDebugNativeLibs', task ':flutter_secure_storage:copyDebugJniLibsProjectOnly', task ':health:mergeDebugJniLibFolders', task ':health:mergeDebugNativeLibs', task ':health:copyDebugJniLibsProjectOnly', task ':home_widget:mergeDebugJniLibFolders', task ':home_widget:mergeDebugNativeLibs', task ':home_widget:copyDebugJniLibsProjectOnly', task ':image_picker_android:mergeDebugJniLibFolders', task ':image_picker_android:mergeDebugNativeLibs', task ':image_picker_android:copyDebugJniLibsProjectOnly', task ':package_info_plus:mergeDebugJniLibFolders', task ':package_info_plus:mergeDebugNativeLibs', task ':package_info_plus:copyDebugJniLibsProjectOnly', task ':path_provider_android:mergeDebugJniLibFolders', task ':path_provider_android:mergeDebugNativeLibs', task ':path_provider_android:copyDebugJniLibsProjectOnly', task ':permission_handler_android:mergeDebugJniLibFolders', task ':permission_handler_android:mergeDebugNativeLibs', task ':permission_handler_android:copyDebugJniLibsProjectOnly', task ':shared_preferences_android:mergeDebugJniLibFolders', task ':shared_preferences_android:mergeDebugNativeLibs', task ':shared_preferences_android:copyDebugJniLibsProjectOnly', task ':sqlite3_flutter_libs:mergeDebugJniLibFolders', task ':sqlite3_flutter_libs:mergeDebugNativeLibs', task ':sqlite3_flutter_libs:copyDebugJniLibsProjectOnly', task ':url_launcher_android:mergeDebugJniLibFolders', task ':url_launcher_android:mergeDebugNativeLibs', task ':url_launcher_android:copyDebugJniLibsProjectOnly', task ':wakelock_plus:mergeDebugJniLibFolders', task ':wakelock_plus:mergeDebugNativeLibs', task ':wakelock_plus:copyDebugJniLibsProjectOnly', task ':webview_flutter_android:mergeDebugJniLibFolders', task ':webview_flutter_android:mergeDebugNativeLibs', task ':webview_flutter_android:copyDebugJniLibsProjectOnly', task ':app:mergeDebugNativeLibs', task ':app:stripDebugDebugSymbols', task ':app:validateSigningDebug', task ':app:writeDebugAppMetadata', task ':app:writeDebugSigningConfigVersions', task ':app:packageDebug', task ':app:createDebugApkListingFileRedirect', task ':app:assembleDebug', task ':camera_android:stripDebugDebugSymbols', task ':camera_android:copyDebugJniLibsProjectAndLocalJars', task ':camera_android:extractDebugAnnotations', task ':camera_android:extractDeepLinksForAarDebug', task ':camera_android:mergeDebugGeneratedProguardFiles', task ':camera_android:mergeDebugConsumerProguardFiles', task ':camera_android:prepareDebugArtProfile', task ':camera_android:prepareLintJarForPublish', task ':camera_android:mergeDebugJavaResource', task ':camera_android:syncDebugLibJars', task ':camera_android:bundleDebugAar', task ':camera_android:assembleDebug', task ':connectivity_plus:stripDebugDebugSymbols', task ':connectivity_plus:copyDebugJniLibsProjectAndLocalJars', task ':connectivity_plus:extractDebugAnnotations', task ':connectivity_plus:extractDeepLinksForAarDebug', task ':connectivity_plus:mergeDebugGeneratedProguardFiles', task ':connectivity_plus:mergeDebugConsumerProguardFiles', task ':connectivity_plus:prepareDebugArtProfile', task ':connectivity_plus:prepareLintJarForPublish', task ':connectivity_plus:mergeDebugJavaResource', task ':connectivity_plus:syncDebugLibJars', task ':connectivity_plus:bundleDebugAar', task ':connectivity_plus:assembleDebug', task ':device_info_plus:stripDebugDebugSymbols', task ':device_info_plus:copyDebugJniLibsProjectAndLocalJars', task ':device_info_plus:extractDebugAnnotations', task ':device_info_plus:extractDeepLinksForAarDebug', task ':device_info_plus:mergeDebugGeneratedProguardFiles', task ':device_info_plus:mergeDebugConsumerProguardFiles', task ':device_info_plus:prepareDebugArtProfile', task ':device_info_plus:prepareLintJarForPublish', task ':device_info_plus:mergeDebugJavaResource', task ':device_info_plus:syncDebugLibJars', task ':device_info_plus:bundleDebugAar', task ':device_info_plus:assembleDebug', task ':dynamic_color:stripDebugDebugSymbols', task ':dynamic_color:copyDebugJniLibsProjectAndLocalJars', task ':dynamic_color:extractDebugAnnotations', task ':dynamic_color:extractDeepLinksForAarDebug', task ':dynamic_color:mergeDebugGeneratedProguardFiles', task ':dynamic_color:mergeDebugConsumerProguardFiles', task ':dynamic_color:prepareDebugArtProfile', task ':dynamic_color:prepareLintJarForPublish', task ':dynamic_color:mergeDebugJavaResource', task ':dynamic_color:syncDebugLibJars', task ':dynamic_color:bundleDebugAar', task ':dynamic_color:assembleDebug', task ':flutter_background_service_android:stripDebugDebugSymbols', task ':flutter_background_service_android:copyDebugJniLibsProjectAndLocalJars', task ':flutter_background_service_android:extractDebugAnnotations', task ':flutter_background_service_android:extractDeepLinksForAarDebug', task ':flutter_background_service_android:mergeDebugGeneratedProguardFiles', task ':flutter_background_service_android:mergeDebugConsumerProguardFiles', task ':flutter_background_service_android:prepareDebugArtProfile', task ':flutter_background_service_android:prepareLintJarForPublish', task ':flutter_background_service_android:mergeDebugJavaResource', task ':flutter_background_service_android:syncDebugLibJars', task ':flutter_background_service_android:bundleDebugAar', task ':flutter_background_service_android:assembleDebug', task ':flutter_local_notifications:stripDebugDebugSymbols', task ':flutter_local_notifications:copyDebugJniLibsProjectAndLocalJars', task ':flutter_local_notifications:extractDebugAnnotations', task ':flutter_local_notifications:extractDeepLinksForAarDebug', task ':flutter_local_notifications:mergeDebugGeneratedProguardFiles', task ':flutter_local_notifications:mergeDebugConsumerProguardFiles', task ':flutter_local_notifications:prepareDebugArtProfile', task ':flutter_local_notifications:prepareLintJarForPublish', task ':flutter_local_notifications:mergeDebugJavaResource', task ':flutter_local_notifications:syncDebugLibJars', task ':flutter_local_notifications:bundleDebugAar', task ':flutter_local_notifications:assembleDebug', task ':flutter_plugin_android_lifecycle:stripDebugDebugSymbols', task ':flutter_plugin_android_lifecycle:copyDebugJniLibsProjectAndLocalJars', task ':flutter_plugin_android_lifecycle:extractDebugAnnotations', task ':flutter_plugin_android_lifecycle:extractDeepLinksForAarDebug', task ':flutter_plugin_android_lifecycle:mergeDebugGeneratedProguardFiles', task ':flutter_plugin_android_lifecycle:mergeDebugConsumerProguardFiles', task ':flutter_plugin_android_lifecycle:prepareDebugArtProfile', task ':flutter_plugin_android_lifecycle:prepareLintJarForPublish', task ':flutter_plugin_android_lifecycle:mergeDebugJavaResource', task ':flutter_plugin_android_lifecycle:syncDebugLibJars', task ':flutter_plugin_android_lifecycle:bundleDebugAar', task ':flutter_plugin_android_lifecycle:assembleDebug', task ':flutter_secure_storage:stripDebugDebugSymbols', task ':flutter_secure_storage:copyDebugJniLibsProjectAndLocalJars', task ':flutter_secure_storage:extractDebugAnnotations', task ':flutter_secure_storage:extractDeepLinksForAarDebug', task ':flutter_secure_storage:mergeDebugGeneratedProguardFiles', task ':flutter_secure_storage:mergeDebugConsumerProguardFiles', task ':flutter_secure_storage:prepareDebugArtProfile', task ':flutter_secure_storage:prepareLintJarForPublish', task ':flutter_secure_storage:mergeDebugJavaResource', task ':flutter_secure_storage:syncDebugLibJars', task ':flutter_secure_storage:bundleDebugAar', task ':flutter_secure_storage:assembleDebug', task ':health:stripDebugDebugSymbols', task ':health:copyDebugJniLibsProjectAndLocalJars', task ':health:extractDebugAnnotations', task ':health:extractDeepLinksForAarDebug', task ':health:mergeDebugGeneratedProguardFiles', task ':health:mergeDebugConsumerProguardFiles', task ':health:prepareDebugArtProfile', task ':health:prepareLintJarForPublish', task ':health:mergeDebugJavaResource', task ':health:syncDebugLibJars', task ':health:bundleDebugAar', task ':health:assembleDebug', task ':home_widget:stripDebugDebugSymbols', task ':home_widget:copyDebugJniLibsProjectAndLocalJars', task ':home_widget:extractDebugAnnotations', task ':home_widget:extractDeepLinksForAarDebug', task ':home_widget:mergeDebugGeneratedProguardFiles', task ':home_widget:mergeDebugConsumerProguardFiles', task ':home_widget:prepareDebugArtProfile', task ':home_widget:prepareLintJarForPublish', task ':home_widget:mergeDebugJavaResource', task ':home_widget:syncDebugLibJars', task ':home_widget:bundleDebugAar', task ':home_widget:assembleDebug', task ':image_picker_android:stripDebugDebugSymbols', task ':image_picker_android:copyDebugJniLibsProjectAndLocalJars', task ':image_picker_android:extractDebugAnnotations', task ':image_picker_android:extractDeepLinksForAarDebug', task ':image_picker_android:mergeDebugGeneratedProguardFiles', task ':image_picker_android:mergeDebugConsumerProguardFiles', task ':image_picker_android:prepareDebugArtProfile', task ':image_picker_android:prepareLintJarForPublish', task ':image_picker_android:mergeDebugJavaResource', task ':image_picker_android:syncDebugLibJars', task ':image_picker_android:bundleDebugAar', task ':image_picker_android:assembleDebug', task ':package_info_plus:stripDebugDebugSymbols', task ':package_info_plus:copyDebugJniLibsProjectAndLocalJars', task ':package_info_plus:extractDebugAnnotations', task ':package_info_plus:extractDeepLinksForAarDebug', task ':package_info_plus:mergeDebugGeneratedProguardFiles', task ':package_info_plus:mergeDebugConsumerProguardFiles', task ':package_info_plus:prepareDebugArtProfile', task ':package_info_plus:prepareLintJarForPublish', task ':package_info_plus:mergeDebugJavaResource', task ':package_info_plus:syncDebugLibJars', task ':package_info_plus:bundleDebugAar', task ':package_info_plus:assembleDebug', task ':path_provider_android:stripDebugDebugSymbols', task ':path_provider_android:copyDebugJniLibsProjectAndLocalJars', task ':path_provider_android:extractDebugAnnotations', task ':path_provider_android:extractDeepLinksForAarDebug', task ':path_provider_android:mergeDebugGeneratedProguardFiles', task ':path_provider_android:mergeDebugConsumerProguardFiles', task ':path_provider_android:prepareDebugArtProfile', task ':path_provider_android:prepareLintJarForPublish', task ':path_provider_android:mergeDebugJavaResource', task ':path_provider_android:syncDebugLibJars', task ':path_provider_android:bundleDebugAar', task ':path_provider_android:assembleDebug', task ':permission_handler_android:stripDebugDebugSymbols', task ':permission_handler_android:copyDebugJniLibsProjectAndLocalJars', task ':permission_handler_android:extractDebugAnnotations', task ':permission_handler_android:extractDeepLinksForAarDebug', task ':permission_handler_android:mergeDebugGeneratedProguardFiles', task ':permission_handler_android:mergeDebugConsumerProguardFiles', task ':permission_handler_android:prepareDebugArtProfile', task ':permission_handler_android:prepareLintJarForPublish', task ':permission_handler_android:mergeDebugJavaResource', task ':permission_handler_android:syncDebugLibJars', task ':permission_handler_android:bundleDebugAar', task ':permission_handler_android:assembleDebug', task ':shared_preferences_android:stripDebugDebugSymbols', task ':shared_preferences_android:copyDebugJniLibsProjectAndLocalJars', task ':shared_preferences_android:extractDebugAnnotations', task ':shared_preferences_android:extractDeepLinksForAarDebug', task ':shared_preferences_android:mergeDebugGeneratedProguardFiles', task ':shared_preferences_android:mergeDebugConsumerProguardFiles', task ':shared_preferences_android:prepareDebugArtProfile', task ':shared_preferences_android:prepareLintJarForPublish', task ':shared_preferences_android:mergeDebugJavaResource', task ':shared_preferences_android:syncDebugLibJars', task ':shared_preferences_android:bundleDebugAar', task ':shared_preferences_android:assembleDebug', task ':sqlite3_flutter_libs:stripDebugDebugSymbols', task ':sqlite3_flutter_libs:copyDebugJniLibsProjectAndLocalJars', task ':sqlite3_flutter_libs:extractDebugAnnotations', task ':sqlite3_flutter_libs:extractDeepLinksForAarDebug', task ':sqlite3_flutter_libs:mergeDebugGeneratedProguardFiles', task ':sqlite3_flutter_libs:mergeDebugConsumerProguardFiles', task ':sqlite3_flutter_libs:prepareDebugArtProfile', task ':sqlite3_flutter_libs:prepareLintJarForPublish', task ':sqlite3_flutter_libs:mergeDebugJavaResource', task ':sqlite3_flutter_libs:syncDebugLibJars', task ':sqlite3_flutter_libs:bundleDebugAar', task ':sqlite3_flutter_libs:assembleDebug', task ':url_launcher_android:stripDebugDebugSymbols', task ':url_launcher_android:copyDebugJniLibsProjectAndLocalJars', task ':url_launcher_android:extractDebugAnnotations', task ':url_launcher_android:extractDeepLinksForAarDebug', task ':url_launcher_android:mergeDebugGeneratedProguardFiles', task ':url_launcher_android:mergeDebugConsumerProguardFiles', task ':url_launcher_android:prepareDebugArtProfile', task ':url_launcher_android:prepareLintJarForPublish', task ':url_launcher_android:mergeDebugJavaResource', task ':url_launcher_android:syncDebugLibJars', task ':url_launcher_android:bundleDebugAar', task ':url_launcher_android:assembleDebug', task ':wakelock_plus:stripDebugDebugSymbols', task ':wakelock_plus:copyDebugJniLibsProjectAndLocalJars', task ':wakelock_plus:extractDebugAnnotations', task ':wakelock_plus:extractDeepLinksForAarDebug', task ':wakelock_plus:mergeDebugGeneratedProguardFiles', task ':wakelock_plus:mergeDebugConsumerProguardFiles', task ':wakelock_plus:prepareDebugArtProfile', task ':wakelock_plus:prepareLintJarForPublish', task ':wakelock_plus:mergeDebugJavaResource', task ':wakelock_plus:syncDebugLibJars', task ':wakelock_plus:bundleDebugAar', task ':wakelock_plus:assembleDebug', task ':webview_flutter_android:stripDebugDebugSymbols', task ':webview_flutter_android:copyDebugJniLibsProjectAndLocalJars', task ':webview_flutter_android:extractDebugAnnotations', task ':webview_flutter_android:extractDeepLinksForAarDebug', task ':webview_flutter_android:mergeDebugGeneratedProguardFiles', task ':webview_flutter_android:mergeDebugConsumerProguardFiles', task ':webview_flutter_android:prepareDebugArtProfile', task ':webview_flutter_android:prepareLintJarForPublish', task ':webview_flutter_android:mergeDebugJavaResource', task ':webview_flutter_android:syncDebugLibJars', task ':webview_flutter_android:bundleDebugAar', task ':webview_flutter_android:assembleDebug']
[        ] Tasks that were excluded: []
[        ] work action Parameters of IdentityTransform (Thread[included builds,5,main]) started.
[        ] work action Parameters of DexingNoClasspathTransform (Thread[included builds,5,main]) started.
[        ] work action Parameters of DexingOutputSplitTransform (Thread[included builds,5,main]) started.
[        ] work action Parameters of ClassesDirToClassesTransform (Thread[included builds,5,main]) started.
[        ] work action Parameters of DexingOutputSplitTransform (Thread[included builds,5,main]) started.
[        ] Resolve mutations for :android_intent_plus:preBuild (Thread[included builds,5,main]) started.
[        ] :android_intent_plus:preBuild (Thread[included builds,5,main]) started.
[        ] Invalidating in-memory cache of /home/abisin/Desktop/momentum/android/.gradle/8.13/executionHistory/executionHistory.bin
[        ] > Task :android_intent_plus:preBuild UP-TO-DATE
[        ] Skipping task ':android_intent_plus:preBuild' as it has no actions.
[        ] Resolve mutations for :android_intent_plus:preDebugBuild (Thread[included builds,5,main]) started.
[        ] :android_intent_plus:preDebugBuild (Thread[Execution worker,5,main]) started.
[        ] > Task :android_intent_plus:preDebugBuild UP-TO-DATE
[        ] Skipping task ':android_intent_plus:preDebugBuild' as it has no actions.
[        ] Resolve mutations for :android_intent_plus:mergeDebugJniLibFolders (Thread[Execution worker,5,main]) started.
[        ] :android_intent_plus:mergeDebugJniLibFolders (Thread[Execution worker Thread 3,5,main]) started.
[ +390 ms] > Task :android_intent_plus:mergeDebugJniLibFolders UP-TO-DATE
[        ] Caching disabled for task ':android_intent_plus:mergeDebugJniLibFolders' because:
[        ]   Simple merging task
[        ] Skipping task ':android_intent_plus:mergeDebugJniLibFolders' as it is up-to-date.
[        ] Resolve mutations for :android_intent_plus:mergeDebugNativeLibs (Thread[included builds,5,main]) started.
[        ] :android_intent_plus:mergeDebugNativeLibs (Thread[included builds,5,main]) started.
[        ] > Task :android_intent_plus:mergeDebugNativeLibs NO-SOURCE
[        ] Skipping task ':android_intent_plus:mergeDebugNativeLibs' as it has no source files and no previous output files.
[        ] Resolve mutations for :android_intent_plus:stripDebugDebugSymbols (Thread[Execution worker Thread 3,5,main]) started.
[        ] :android_intent_plus:stripDebugDebugSymbols (Thread[Execution worker Thread 3,5,main]) started.
[        ] > Task :android_intent_plus:stripDebugDebugSymbols NO-SOURCE
[        ] Skipping task ':android_intent_plus:stripDebugDebugSymbols' as it has no source files and no previous output files.
[        ] Resolve mutations for :android_intent_plus:copyDebugJniLibsProjectAndLocalJars (Thread[Execution worker Thread 3,5,main]) started.
[        ] :android_intent_plus:copyDebugJniLibsProjectAndLocalJars (Thread[Execution worker Thread 3,5,main]) started.
[        ] > Task :android_intent_plus:copyDebugJniLibsProjectAndLocalJars UP-TO-DATE
[        ] Caching disabled for task ':android_intent_plus:copyDebugJniLibsProjectAndLocalJars' because:
[        ]   Caching has been disabled for the task
[        ] Skipping task ':android_intent_plus:copyDebugJniLibsProjectAndLocalJars' as it is up-to-date.
[        ] Resolve mutations for :android_intent_plus:generateDebugResValues (Thread[Execution worker Thread 3,5,main]) started.
[        ] :android_intent_plus:generateDebugResValues (Thread[Execution worker Thread 3,5,main]) started.
[  +98 ms] > Task :android_intent_plus:generateDebugResValues UP-TO-DATE
[        ] Build cache key for task ':android_intent_plus:generateDebugResValues' is 8cae0f4edb254756d6ad53db0707137b
[        ] Skipping task ':android_intent_plus:generateDebugResValues' as it is up-to-date.
[        ] Resolve mutations for :android_intent_plus:generateDebugResources (Thread[included builds,5,main]) started.
[        ] :android_intent_plus:generateDebugResources (Thread[Execution worker Thread 2,5,main]) started.
[ +198 ms] > Task :android_intent_plus:generateDebugResources UP-TO-DATE
[        ] Build cache key for task ':android_intent_plus:generateDebugResources' is b955658b0c8e0cc918d62c783ee887f7
[        ] Skipping task ':android_intent_plus:generateDebugResources' as it is up-to-date.
[        ] Resolve mutations for :android_intent_plus:packageDebugResources (Thread[Execution worker Thread 2,5,main]) started.
[        ] :android_intent_plus:packageDebugResources (Thread[Execution worker Thread 2,5,main]) started.
[        ] > Task :android_intent_plus:packageDebugResources UP-TO-DATE
[        ] Build cache key for task ':android_intent_plus:packageDebugResources' is 518b798b95ceb9d620423882490bcf63
[        ] Skipping task ':android_intent_plus:packageDebugResources' as it is up-to-date.
[        ] work action resolve packageDebugResources (project :android_intent_plus) (Thread[Execution worker Thread 2,5,main]) started.
[        ] Resolve mutations for :android_intent_plus:parseDebugLocalResources (Thread[Execution worker Thread 2,5,main]) started.
[        ] :android_intent_plus:parseDebugLocalResources (Thread[Execution worker Thread 2,5,main]) started.
[  +95 ms] > Task :android_intent_plus:parseDebugLocalResources UP-TO-DATE
[        ] Build cache key for task ':android_intent_plus:parseDebugLocalResources' is 75db9916cfe1977369e69ecee8a56a3a
[        ] Skipping task ':android_intent_plus:parseDebugLocalResources' as it is up-to-date.
[        ] Resolve mutations for :android_intent_plus:generateDebugRFile (Thread[Execution worker Thread 2,5,main]) started.
[        ] :android_intent_plus:generateDebugRFile (Thread[included builds,5,main]) started.
[        ] > Task :android_intent_plus:generateDebugRFile UP-TO-DATE
[        ] Build cache key for task ':android_intent_plus:generateDebugRFile' is 06de046a0e98284d58a450396438f4f8
[        ] Skipping task ':android_intent_plus:generateDebugRFile' as it is up-to-date.
[        ] work action resolve package-aware-r.txt (project :android_intent_plus) (Thread[Execution worker Thread 2,5,main]) started.
[        ] Resolve mutations for :android_intent_plus:extractDebugAnnotations (Thread[Execution worker,5,main]) started.
[        ] :android_intent_plus:extractDebugAnnotations (Thread[Execution worker,5,main]) started.
[+6298 ms] > Task :android_intent_plus:extractDebugAnnotations UP-TO-DATE
[        ] Build cache key for task ':android_intent_plus:extractDebugAnnotations' is fa471777d32385317074cfc42f9f9b1b
[        ] Skipping task ':android_intent_plus:extractDebugAnnotations' as it is up-to-date.
[        ] Resolve mutations for :android_intent_plus:extractDeepLinksForAarDebug (Thread[Execution worker,5,main]) started.
[        ] :android_intent_plus:extractDeepLinksForAarDebug (Thread[Execution worker,5,main]) started.
[        ] > Task :android_intent_plus:extractDeepLinksForAarDebug UP-TO-DATE
[        ] Build cache key for task ':android_intent_plus:extractDeepLinksForAarDebug' is 6ffd4a5a7f701fae3eb818037a4346b6
[        ] Skipping task ':android_intent_plus:extractDeepLinksForAarDebug' as it is up-to-date.
[        ] Resolve mutations for :android_intent_plus:javaPreCompileDebug (Thread[Execution worker,5,main]) started.
[        ] :android_intent_plus:javaPreCompileDebug (Thread[Execution worker,5,main]) started.
[        ] > Task :android_intent_plus:javaPreCompileDebug UP-TO-DATE
[        ] Build cache key for task ':android_intent_plus:javaPreCompileDebug' is 4c6157d89b05cb871fa25887af19b8a9
[        ] Skipping task ':android_intent_plus:javaPreCompileDebug' as it is up-to-date.
[        ] Resolve mutations for :android_intent_plus:compileDebugJavaWithJavac (Thread[Execution worker,5,main]) started.
[        ] :android_intent_plus:compileDebugJavaWithJavac (Thread[Execution worker,5,main]) started.
[  +98 ms] > Task :android_intent_plus:compileDebugJavaWithJavac UP-TO-DATE
[        ] Custom actions are attached to task ':android_intent_plus:compileDebugJavaWithJavac'.
[        ] Build cache key for task ':android_intent_plus:compileDebugJavaWithJavac' is 9a5ee494352486f20f487662a668c40e
[        ] Skipping task ':android_intent_plus:compileDebugJavaWithJavac' as it is up-to-date.
[        ] No compile result for :android_intent_plus:compileDebugJavaWithJavac
[        ] No compile result for :android_intent_plus:compileDebugJavaWithJavac
[        ] Resolve mutations for :android_intent_plus:mergeDebugGeneratedProguardFiles (Thread[Execution worker,5,main]) started.
[        ] :android_intent_plus:mergeDebugGeneratedProguardFiles (Thread[Execution worker,5,main]) started.
[        ] > Task :android_intent_plus:mergeDebugGeneratedProguardFiles UP-TO-DATE
[        ] Caching disabled for task ':android_intent_plus:mergeDebugGeneratedProguardFiles' because:
[        ]   Simple merging task
[        ] Skipping task ':android_intent_plus:mergeDebugGeneratedProguardFiles' as it is up-to-date.
[        ] Resolve mutations for :android_intent_plus:mergeDebugConsumerProguardFiles (Thread[Execution worker,5,main]) started.
[        ] :android_intent_plus:mergeDebugConsumerProguardFiles (Thread[Execution worker,5,main]) started.
[        ] > Task :android_intent_plus:mergeDebugConsumerProguardFiles UP-TO-DATE
[        ] Caching disabled for task ':android_intent_plus:mergeDebugConsumerProguardFiles' because:
[        ]   Simple merging task
[        ] Skipping task ':android_intent_plus:mergeDebugConsumerProguardFiles' as it is up-to-date.
[        ] Resolve mutations for :android_intent_plus:mergeDebugShaders (Thread[Execution worker,5,main]) started.
[        ] :android_intent_plus:mergeDebugShaders (Thread[Execution worker,5,main]) started.
[        ] > Task :android_intent_plus:mergeDebugShaders UP-TO-DATE
[        ] Caching disabled for task ':android_intent_plus:mergeDebugShaders' because:
[        ]   Simple merging task
[        ] Skipping task ':android_intent_plus:mergeDebugShaders' as it is up-to-date.
[        ] Resolve mutations for :android_intent_plus:compileDebugShaders (Thread[Execution worker,5,main]) started.
[        ] :android_intent_plus:compileDebugShaders (Thread[Execution worker,5,main]) started.
[        ] > Task :android_intent_plus:compileDebugShaders NO-SOURCE
[        ] Skipping task ':android_intent_plus:compileDebugShaders' as it has no source files and no previous output files.
[        ] Resolve mutations for :android_intent_plus:generateDebugAssets (Thread[Execution worker,5,main]) started.
[        ] :android_intent_plus:generateDebugAssets (Thread[Execution worker,5,main]) started.
[        ] > Task :android_intent_plus:generateDebugAssets UP-TO-DATE
[        ] Skipping task ':android_intent_plus:generateDebugAssets' as it has no actions.
[        ] Resolve mutations for :android_intent_plus:packageDebugAssets (Thread[Execution worker,5,main]) started.
[        ] :android_intent_plus:packageDebugAssets (Thread[Execution worker,5,main]) started.
[        ] > Task :android_intent_plus:packageDebugAssets UP-TO-DATE
[        ] Caching disabled for task ':android_intent_plus:packageDebugAssets' because:
[        ]   Simple merging task
[        ] Skipping task ':android_intent_plus:packageDebugAssets' as it is up-to-date.
[        ] work action resolve out (project :android_intent_plus) (Thread[Execution worker,5,main]) started.
[        ] Resolve mutations for :android_intent_plus:prepareDebugArtProfile (Thread[Execution worker,5,main]) started.
[        ] :android_intent_plus:prepareDebugArtProfile (Thread[Execution worker,5,main]) started.
[        ] > Task :android_intent_plus:prepareDebugArtProfile UP-TO-DATE
[        ] Caching disabled for task ':android_intent_plus:prepareDebugArtProfile' because:
[        ]   Caching has been disabled for the task
[        ] Skipping task ':android_intent_plus:prepareDebugArtProfile' as it is up-to-date.
[        ] Resolve mutations for :android_intent_plus:prepareLintJarForPublish (Thread[Execution worker,5,main]) started.
[        ] :android_intent_plus:prepareLintJarForPublish (Thread[Execution worker,5,main]) started.
[        ] > Task :android_intent_plus:prepareLintJarForPublish UP-TO-DATE
[        ] Caching disabled for task ':android_intent_plus:prepareLintJarForPublish' because:
[        ]   Caching has been disabled for the task
[        ] Skipping task ':android_intent_plus:prepareLintJarForPublish' as it is up-to-date.
[        ] Resolve mutations for :android_intent_plus:processDebugManifest (Thread[Execution worker,5,main]) started.
[        ] :android_intent_plus:processDebugManifest (Thread[Execution worker,5,main]) started.
[ +196 ms] > Task :android_intent_plus:processDebugManifest UP-TO-DATE
[        ] Build cache key for task ':android_intent_plus:processDebugManifest' is cf02ee933d3ea725994a3ca39e08c577
[        ] Skipping task ':android_intent_plus:processDebugManifest' as it is up-to-date.
[        ] work action resolve AndroidManifest.xml (project :android_intent_plus) (Thread[Execution worker,5,main]) started.
[        ] Resolve mutations for :android_intent_plus:processDebugJavaRes (Thread[Execution worker,5,main]) started.
[        ] :android_intent_plus:processDebugJavaRes (Thread[Execution worker,5,main]) started.
[        ] > Task :android_intent_plus:processDebugJavaRes NO-SOURCE
[        ] file or directory '/home/abisin/.pub-cache/hosted/pub.dev/android_intent_plus-6.0.0/android/src/main/resources', not found
[        ] file or directory '/home/abisin/.pub-cache/hosted/pub.dev/android_intent_plus-6.0.0/android/src/debug/resources', not found
[        ] Skipping task ':android_intent_plus:processDebugJavaRes' as it has no source files and no previous output files.
[        ] work action resolve out (project :android_intent_plus) (Thread[Execution worker,5,main]) started.
[        ] Resolve mutations for :android_intent_plus:mergeDebugJavaResource (Thread[Execution worker,5,main]) started.
[        ] :android_intent_plus:mergeDebugJavaResource (Thread[Execution worker,5,main]) started.
[        ] > Task :android_intent_plus:mergeDebugJavaResource UP-TO-DATE
[        ] Caching disabled for task ':android_intent_plus:mergeDebugJavaResource' because:
[        ]   Caching has been disabled for the task
[        ] Skipping task ':android_intent_plus:mergeDebugJavaResource' as it is up-to-date.
[        ] Resolve mutations for :android_intent_plus:syncDebugLibJars (Thread[Execution worker,5,main]) started.
[        ] :android_intent_plus:syncDebugLibJars (Thread[Execution worker,5,main]) started.
[        ] > Task :android_intent_plus:syncDebugLibJars UP-TO-DATE
[        ] Build cache key for task ':android_intent_plus:syncDebugLibJars' is 23716d7de4ec2890595ab258c229d477
[        ] Skipping task ':android_intent_plus:syncDebugLibJars' as it is up-to-date.
[        ] Resolve mutations for :android_intent_plus:writeDebugAarMetadata (Thread[Execution worker,5,main]) started.
[        ] :android_intent_plus:writeDebugAarMetadata (Thread[Execution worker,5,main]) started.
[        ] > Task :android_intent_plus:writeDebugAarMetadata UP-TO-DATE
[        ] Caching disabled for task ':android_intent_plus:writeDebugAarMetadata' because:
[        ]   Caching has been disabled for the task
[        ] Skipping task ':android_intent_plus:writeDebugAarMetadata' as it is up-to-date.
[        ] work action resolve aar-metadata.properties (project :android_intent_plus) (Thread[Execution worker,5,main]) started.
[        ] Resolve mutations for :android_intent_plus:bundleDebugAar (Thread[Execution worker,5,main]) started.
[        ] :android_intent_plus:bundleDebugAar (Thread[Execution worker,5,main]) started.
[        ] > Task :android_intent_plus:bundleDebugAar UP-TO-DATE
[        ] Caching disabled for task ':android_intent_plus:bundleDebugAar' because:
[        ]   Caching has been disabled for the task
[        ] Skipping task ':android_intent_plus:bundleDebugAar' as it is up-to-date.
[        ] Resolve mutations for :android_intent_plus:assembleDebug (Thread[Execution worker,5,main]) started.
[        ] :android_intent_plus:assembleDebug (Thread[Execution worker,5,main]) started.
[        ] > Task :android_intent_plus:assembleDebug UP-TO-DATE
[        ] Skipping task ':android_intent_plus:assembleDebug' as it has no actions.
[        ] Resolve mutations for :app:DebugMinSdkCheck (Thread[Execution worker,5,main]) started.
[        ] :app:DebugMinSdkCheck (Thread[Execution worker,5,main]) started.
[        ] > Task :app:DebugMinSdkCheck
[        ] Custom actions are attached to task ':app:DebugMinSdkCheck'.
[        ] Caching disabled for task ':app:DebugMinSdkCheck' because:
[        ]   Gradle would require more information to cache this task
[        ] Task ':app:DebugMinSdkCheck' is not up-to-date because:
[        ]   Task has not declared any outputs despite executing actions.
[        ] Resolve mutations for :app:preBuild (Thread[Execution worker,5,main]) started.
[        ] :app:preBuild (Thread[Execution worker,5,main]) started.
[        ] > Task :app:preBuild UP-TO-DATE
[        ] Skipping task ':app:preBuild' as it has no actions.
[        ] Resolve mutations for :app:preDebugBuild (Thread[Execution worker,5,main]) started.
[        ] :app:preDebugBuild (Thread[Execution worker,5,main]) started.
[  +96 ms] > Task :app:preDebugBuild UP-TO-DATE
[        ] Skipping task ':app:preDebugBuild' as it has no actions.
[        ] Resolve mutations for :app:mergeDebugNativeDebugMetadata (Thread[Execution worker,5,main]) started.
[        ] :app:mergeDebugNativeDebugMetadata (Thread[Execution worker,5,main]) started.
[        ] > Task :app:mergeDebugNativeDebugMetadata NO-SOURCE
[        ] Skipping task ':app:mergeDebugNativeDebugMetadata' as it has no source files and no previous output files.
[        ] Resolve mutations for :android_intent_plus:bundleLibCompileToJarDebug (Thread[Execution worker,5,main]) started.
[        ] :android_intent_plus:bundleLibCompileToJarDebug (Thread[Execution worker,5,main]) started.
[        ] > Task :android_intent_plus:bundleLibCompileToJarDebug UP-TO-DATE
[        ] Caching disabled for task ':android_intent_plus:bundleLibCompileToJarDebug' because:
[        ]   Simple merging task
[        ] Skipping task ':android_intent_plus:bundleLibCompileToJarDebug' as it is up-to-date.
[        ] work action resolve classes.jar (project :android_intent_plus) (Thread[Execution worker,5,main]) started.
[        ] Resolve mutations for :app:checkKotlinGradlePluginConfigurationErrors (Thread[Execution worker,5,main]) started.
[        ] :app:checkKotlinGradlePluginConfigurationErrors (Thread[Execution worker,5,main]) started.
[        ] > Task :app:checkKotlinGradlePluginConfigurationErrors SKIPPED
[        ] Skipping task ':app:checkKotlinGradlePluginConfigurationErrors' as task onlyIf 'errorDiagnostics are present' is false.
[        ] Resolve mutations for :app:compileFlutterBuildDebug (Thread[Execution worker,5,main]) started.
[        ] :app:compileFlutterBuildDebug (Thread[Execution worker,5,main]) started.
[+1898 ms] > Task :app:compileFlutterBuildDebug
[        ] Caching disabled for task ':app:compileFlutterBuildDebug' because:
[        ]   Caching has not been enabled for the task
[        ] Task ':app:compileFlutterBuildDebug' is not up-to-date because:
[        ]   Task has failed previously.
[        ] Starting process 'command '/home/abisin/development/flutter/bin/flutter''. Working directory: /home/abisin/Desktop/momentum Command: /home/abisin/development/flutter/bin/flutter --verbose assemble --no-version-check --depfile /home/abisin/Desktop/momentum/build/app/intermediates/flutter/debug/flutter_build.d --output /home/abisin/Desktop/momentum/build/app/intermediates/flutter/debug -dTargetFile=lib/main.dart -dTargetPlatform=android -dBuildMode=debug -dTrackWidgetCreation=true --DartDefines=RkxVVFRFUl9WRVJTSU9OPTMuMzguNw==,RkxVVFRFUl9DSEFOTkVMPXN0YWJsZQ==,RkxVVFRFUl9HSVRfVVJMPWh0dHBzOi8vZ2l0aHViLmNvbS9mbHV0dGVyL2ZsdXR0ZXIuZ2l0,RkxVVFRFUl9GUkFNRVdPUktfUkVWSVNJT049M2I2MmVmYzJhMw==,RkxVVFRFUl9FTkdJTkVfUkVWSVNJT049NzhmYzMwMTJlNA==,RkxVVFRFUl9EQVJUX1ZFUlNJT049My4xMC43 -dFlavor= -dAndroidArchs=android-arm android-arm64 android-x64 -dMinSdkVersion=24 debug_android_application
[        ] Successfully started process 'command '/home/abisin/development/flutter/bin/flutter''
[        ] [ +150 ms] executing: uname -m
[        ] [   +8 ms] Exit code 0 from: uname -m
[        ] [        ] x86_64
[        ] [   +6 ms] Artifact Instance of 'MaterialFonts' is not required, skipping update.
[        ] [        ] Artifact Instance of 'GradleWrapper' is not required, skipping update.
[        ] [        ] Artifact Instance of 'AndroidGenSnapshotArtifacts' is not required, skipping update.
[        ] [        ] Artifact Instance of 'AndroidInternalBuildArtifacts' is not required, skipping update.
[        ] [        ] Artifact Instance of 'IOSEngineArtifacts' is not required, skipping update.
[        ] [        ] Artifact Instance of 'FlutterWebSdk' is not required, skipping update.
[        ] [   +3 ms] Artifact Instance of 'LegacyCanvasKitRemover' is not required, skipping update.
[        ] [        ] Artifact Instance of 'FlutterSdk' is not required, skipping update.
[        ] [        ] Artifact Instance of 'WindowsEngineArtifacts' is not required, skipping update.
[        ] [        ] Artifact Instance of 'MacOSEngineArtifacts' is not required, skipping update.
[        ] [        ] Artifact Instance of 'LinuxEngineArtifacts' is not required, skipping update.
[        ] [        ] Artifact Instance of 'LinuxFuchsiaSDKArtifacts' is not required, skipping update.
[        ] [        ] Artifact Instance of 'MacOSFuchsiaSDKArtifacts' is not required, skipping update.
[        ] [        ] Artifact Instance of 'FlutterRunnerSDKArtifacts' is not required, skipping update.
[        ] [        ] Artifact Instance of 'FlutterRunnerDebugSymbols' is not required, skipping update.
[        ] [        ] Artifact Instance of 'IosUsbArtifacts' is not required, skipping update.
[        ] [        ] Artifact Instance of 'IosUsbArtifacts' is not required, skipping update.
[        ] [        ] Artifact Instance of 'IosUsbArtifacts' is not required, skipping update.
[        ] [        ] Artifact Instance of 'IosUsbArtifacts' is not required, skipping update.
[        ] [        ] Artifact Instance of 'IosUsbArtifacts' is not required, skipping update.
[        ] [        ] Artifact Instance of 'IosUsbArtifacts' is not required, skipping update.
[        ] [        ] Artifact Instance of 'FontSubsetArtifacts' is not required, skipping update.
[        ] [        ] Artifact Instance of 'PubDependencies' is not required, skipping update.
[        ] [ +273 ms] Artifact Instance of 'AndroidGenSnapshotArtifacts' is not required, skipping update.
[        ] [        ] Artifact Instance of 'AndroidInternalBuildArtifacts' is not required, skipping update.
[        ] [        ] Artifact Instance of 'IOSEngineArtifacts' is not required, skipping update.
[        ] [        ] Artifact Instance of 'FlutterWebSdk' is not required, skipping update.
[        ] [        ] Artifact Instance of 'FlutterEngineStamp' is not required, skipping update.
[        ] [        ] Artifact Instance of 'LegacyCanvasKitRemover' is not required, skipping update.
[        ] [  +48 ms] Artifact Instance of 'WindowsEngineArtifacts' is not required, skipping update.
[        ] [        ] Artifact Instance of 'MacOSEngineArtifacts' is not required, skipping update.
[        ] [        ] Artifact Instance of 'LinuxEngineArtifacts' is not required, skipping update.
[        ] [        ] Artifact Instance of 'LinuxFuchsiaSDKArtifacts' is not required, skipping update.
[        ] [        ] Artifact Instance of 'MacOSFuchsiaSDKArtifacts' is not required, skipping update.
[        ] [        ] Artifact Instance of 'FlutterRunnerSDKArtifacts' is not required, skipping update.
[        ] [        ] Artifact Instance of 'FlutterRunnerDebugSymbols' is not required, skipping update.
[ +794 ms] [ +867 ms] Artifact Instance of 'MaterialFonts' is not required, skipping update.
[        ] [        ] Artifact Instance of 'GradleWrapper' is not required, skipping update.
[  +99 ms] [  +18 ms] Artifact Instance of 'AndroidInternalBuildArtifacts' is not required, skipping update.
[        ] [        ] Artifact Instance of 'IOSEngineArtifacts' is not required, skipping update.
[        ] [        ] Artifact Instance of 'FlutterWebSdk' is not required, skipping update.
[        ] [        ] Artifact Instance of 'FlutterEngineStamp' is not required, skipping update.
[        ] [        ] Artifact Instance of 'LegacyCanvasKitRemover' is not required, skipping update.
[        ] [        ] Artifact Instance of 'FlutterSdk' is not required, skipping update.
[        ] [        ] Artifact Instance of 'WindowsEngineArtifacts' is not required, skipping update.
[        ] [        ] Artifact Instance of 'MacOSEngineArtifacts' is not required, skipping update.
[        ] [        ] Artifact Instance of 'LinuxEngineArtifacts' is not required, skipping update.
[        ] [        ] Artifact Instance of 'LinuxFuchsiaSDKArtifacts' is not required, skipping update.
[        ] [        ] Artifact Instance of 'MacOSFuchsiaSDKArtifacts' is not required, skipping update.
[        ] [        ] Artifact Instance of 'FlutterRunnerSDKArtifacts' is not required, skipping update.
[        ] [        ] Artifact Instance of 'FlutterRunnerDebugSymbols' is not required, skipping update.
[        ] [        ] Artifact Instance of 'IosUsbArtifacts' is not required, skipping update.
[        ] [        ] Artifact Instance of 'IosUsbArtifacts' is not required, skipping update.
[        ] [        ] Artifact Instance of 'IosUsbArtifacts' is not required, skipping update.
[        ] [        ] Artifact Instance of 'IosUsbArtifacts' is not required, skipping update.
[        ] [        ] Artifact Instance of 'IosUsbArtifacts' is not required, skipping update.
[        ] [        ] Artifact Instance of 'IosUsbArtifacts' is not required, skipping update.
[        ] [        ] Artifact Instance of 'FontSubsetArtifacts' is not required, skipping update.
[        ] [        ] Artifact Instance of 'PubDependencies' is not required, skipping update.
[        ] [  +15 ms] Initializing file store
[  +97 ms] [  +80 ms] Done initializing file store
[ +799 ms] [ +817 ms] Skipping target: gen_dart_plugin_registrant
[        ] [   +1 ms] dart_build: Starting due to {InvalidatedReasonKind.inputChanged: The following inputs have updated contents: /home/abisin/Desktop/momentum/.dart_tool/flutter_build/a17231ccd41d177c2ffb30dd03f3c2e0/dart_build_result.json}
[        ] [   +3 ms] Skipping target: gen_localizations
[+1999 ms] [+1985 ms] Skipping target: kernel_snapshot_program
[ +299 ms] [ +346 ms] Building native assets for android_arm, android_arm64, android_x64.
[ +200 ms] [ +131 ms] input.json contents:
[        ]            {
[        ]              "assets": {},
[        ]              "config": {
[        ]                "build_asset_types": [
[        ]                  "code_assets/code"
[        ]                ],
[        ]                "extensions": {
[        ]                  "code_assets": {
[        ]                    "android": {
[        ]                      "target_ndk_api": 24
[        ]                    },
[        ]                    "c_compiler": {
[        ]                      "ar": "/home/abisin/development/android-sdk/ndk/28.2.13676358/toolchains/llvm/prebuilt/linux-x86_64/bin/llvm-ar",
[        ]                      "cc": "/home/abisin/development/android-sdk/ndk/28.2.13676358/toolchains/llvm/prebuilt/linux-x86_64/bin/clang",
[        ]                      "ld": "/home/abisin/development/android-sdk/ndk/28.2.13676358/toolchains/llvm/prebuilt/linux-x86_64/bin/ld.lld"
[        ]                    },
[        ]                    "link_mode_preference": "dynamic",
[        ]                    "target_architecture": "arm",
[        ]                    "target_os": "android"
[        ]                  }
[        ]                },
[        ]                "linking_enabled": false
[        ]              },
[        ]              "out_dir_shared": "/home/abisin/Desktop/momentum/.dart_tool/hooks_runner/shared/objective_c/build/",
[        ]              "out_file": "/home/abisin/Desktop/momentum/.dart_tool/hooks_runner/objective_c/2ae616dc30869c5a0e9c5b1590a6db5b/output.json",
[        ]              "package_name": "objective_c",
[        ]              "package_root": "/home/abisin/.pub-cache/hosted/pub.dev/objective_c-9.2.4/",
[        ]              "user_defines": {}
[        ]            }
[        ] [   +7 ms] output.json contents:
[        ]            {
[        ]              "assets_for_linking": {},
[        ]              "status": "success",
[        ]              "timestamp": "2026-01-25 19:56:58.000"
[        ]            }
[        ] [  +40 ms] Skipping build for objective_c in /home/abisin/Desktop/momentum/.dart_tool/hooks_runner/objective_c/2ae616dc30869c5a0e9c5b1590a6db5b/. Last build on 2026-01-25 19:56:58.000.
[  +97 ms] [  +71 ms] input.json contents:
[        ]            {
[        ]              "assets": {},
[        ]              "config": {
[        ]                "build_asset_types": [
[        ]                  "code_assets/code"
[        ]                ],
[        ]                "extensions": {
[        ]                  "code_assets": {
[        ]                    "android": {
[        ]                      "target_ndk_api": 24
[        ]                    },
[        ]                    "c_compiler": {
[        ]                      "ar": "/home/abisin/development/android-sdk/ndk/28.2.13676358/toolchains/llvm/prebuilt/linux-x86_64/bin/llvm-ar",
[        ]                      "cc": "/home/abisin/development/android-sdk/ndk/28.2.13676358/toolchains/llvm/prebuilt/linux-x86_64/bin/clang",
[        ]                      "ld": "/home/abisin/development/android-sdk/ndk/28.2.13676358/toolchains/llvm/prebuilt/linux-x86_64/bin/ld.lld"
[        ]                    },
[        ]                    "link_mode_preference": "dynamic",
[        ]                    "target_architecture": "arm64",
[        ]                    "target_os": "android"
[        ]                  }
[        ]                },
[        ]                "linking_enabled": false
[        ]              },
[        ]              "out_dir_shared": "/home/abisin/Desktop/momentum/.dart_tool/hooks_runner/shared/objective_c/build/",
[        ]              "out_file": "/home/abisin/Desktop/momentum/.dart_tool/hooks_runner/objective_c/57f1c8551a397e521d77f719123f7447/output.json",
[   +1 ms]              "package_name": "objective_c",
[        ]              "package_root": "/home/abisin/.pub-cache/hosted/pub.dev/objective_c-9.2.4/",
[        ]              "user_defines": {}
[        ]            }
[        ] [  +11 ms] output.json contents:
[        ]            {
[        ]              "assets_for_linking": {},
[        ]              "status": "success",
[        ]              "timestamp": "2026-01-25 19:57:02.000"
[        ]            }
[        ] [  +56 ms] Skipping build for objective_c in /home/abisin/Desktop/momentum/.dart_tool/hooks_runner/objective_c/57f1c8551a397e521d77f719123f7447/. Last build on 2026-01-25 19:57:02.000.
[  +96 ms] [  +26 ms] input.json contents:
[        ]            {
[        ]              "assets": {},
[        ]              "config": {
[        ]                "build_asset_types": [
[        ]                  "code_assets/code"
[        ]                ],
[        ]                "extensions": {
[        ]                  "code_assets": {
[        ]                    "android": {
[        ]                      "target_ndk_api": 24
[        ]                    },
[        ]                    "c_compiler": {
[        ]                      "ar": "/home/abisin/development/android-sdk/ndk/28.2.13676358/toolchains/llvm/prebuilt/linux-x86_64/bin/llvm-ar",
[        ]                      "cc": "/home/abisin/development/android-sdk/ndk/28.2.13676358/toolchains/llvm/prebuilt/linux-x86_64/bin/clang",
[        ]                      "ld": "/home/abisin/development/android-sdk/ndk/28.2.13676358/toolchains/llvm/prebuilt/linux-x86_64/bin/ld.lld"
[        ]                    },
[        ]                    "link_mode_preference": "dynamic",
[        ]                    "target_architecture": "x64",
[        ]                    "target_os": "android"
[        ]                  }
[        ]                },
[        ]                "linking_enabled": false
[        ]              },
[        ]              "out_dir_shared": "/home/abisin/Desktop/momentum/.dart_tool/hooks_runner/shared/objective_c/build/",
[        ]              "out_file": "/home/abisin/Desktop/momentum/.dart_tool/hooks_runner/objective_c/441a0f901db67f17b7696e1513333153/output.json",
[        ]              "package_name": "objective_c",
[        ]              "package_root": "/home/abisin/.pub-cache/hosted/pub.dev/objective_c-9.2.4/",
[        ]              "user_defines": {}
[        ]            }
[        ] [   +1 ms] output.json contents:
[        ]            {
[        ]              "assets_for_linking": {},
[        ]              "status": "success",
[        ]              "timestamp": "2026-01-25 19:57:03.000"
[        ]            }
[        ] [        ] Skipping build for objective_c in /home/abisin/Desktop/momentum/.dart_tool/hooks_runner/objective_c/441a0f901db67f17b7696e1513333153/. Last build on 2026-01-25 19:57:03.000.
[        ] [        ] Building native assets for android_arm, android_arm64, android_x64 done.
[  +97 ms] [ +146 ms] dart_build: Complete
[  +99 ms] [  +96 ms] Skipping target: install_code_assets
[        ] [        ] debug_android_application: Starting due to {}
[+14500 ms] [+14443 ms] Manifest contained wildcard assets. Inserting missing file into build graph to force rerun. for more information see #56466.
[        ] [  +11 ms] shaderc command: [/home/abisin/development/flutter/bin/cache/artifacts/engine/linux-x64/impellerc, --sksl, --runtime-stage-gles, --runtime-stage-gles3, --runtime-stage-vulkan, --iplr, --sl=/home/abisin/Desktop/momentum/build/app/intermediates/flutter/debug/flutter_assets/shaders/ink_sparkle.frag, --spirv=/home/abisin/Desktop/momentum/build/app/intermediates/flutter/debug/flutter_assets/shaders/ink_sparkle.frag.spirv, --input=/home/abisin/development/flutter/packages/flutter/lib/src/material/shaders/ink_sparkle.frag, --input-type=frag, --include=/home/abisin/development/flutter/packages/flutter/lib/src/material/shaders, --include=/home/abisin/development/flutter/bin/cache/artifacts/engine/linux-x64/shader_lib]
[        ] [   +1 ms] shaderc command: [/home/abisin/development/flutter/bin/cache/artifacts/engine/linux-x64/impellerc, --sksl, --runtime-stage-gles, --runtime-stage-gles3, --runtime-stage-vulkan, --iplr, --sl=/home/abisin/Desktop/momentum/build/app/intermediates/flutter/debug/flutter_assets/shaders/stretch_effect.frag, --spirv=/home/abisin/Desktop/momentum/build/app/intermediates/flutter/debug/flutter_assets/shaders/stretch_effect.frag.spirv, --input=/home/abisin/development/flutter/packages/flutter/lib/src/material/shaders/stretch_effect.frag, --input-type=frag, --include=/home/abisin/development/flutter/packages/flutter/lib/src/material/shaders, --include=/home/abisin/development/flutter/bin/cache/artifacts/engine/linux-x64/shader_lib]
[+1498 ms] [+1489 ms] debug_android_application: Complete
[+1100 ms] [+1108 ms] Persisting file store
[        ] [  +31 ms] Done persisting file store
[        ] [  +31 ms] build succeeded.
[ +299 ms] [ +246 ms] "flutter assemble" took 22,413ms.
[        ] [  +15 ms] Running 1 shutdown hook
[        ] [        ] Shutdown hooks complete
[        ] [        ] exiting with code 0
[ +199 ms] Invalidating in-memory cache of /home/abisin/Desktop/momentum/android/.gradle/8.13/fileHashes/fileHashes.bin
[        ] Invalidating in-memory cache of /home/abisin/Desktop/momentum/android/.gradle/8.13/fileHashes/resourceHashesCache.bin
[        ] Invalidating in-memory cache of /home/abisin/Desktop/momentum/android/.gradle/8.13/executionHistory/executionHistory.bin
[        ] Invalidating in-memory cache of /home/abisin/Desktop/momentum/android/.gradle/buildOutputCleanup/outputFiles.bin
[        ] Resolve mutations for :app:packJniLibsflutterBuildDebug (Thread[Execution worker,5,main]) started.
[        ] :app:packJniLibsflutterBuildDebug (Thread[Execution worker,5,main]) started.
[        ] > Task :app:packJniLibsflutterBuildDebug UP-TO-DATE
[        ] Caching disabled for task ':app:packJniLibsflutterBuildDebug' because:
[        ]   Not worth caching
[        ] Skipping task ':app:packJniLibsflutterBuildDebug' as it is up-to-date.
[        ] Resolve mutations for :android_intent_plus:compileDebugLibraryResources (Thread[Execution worker,5,main]) started.
[        ] :android_intent_plus:compileDebugLibraryResources (Thread[Execution worker,5,main]) started.
[        ] > Task :android_intent_plus:compileDebugLibraryResources UP-TO-DATE
[        ] Build cache key for task ':android_intent_plus:compileDebugLibraryResources' is 32c80c7339d9ae8925c9ce57393758d1
[        ] Skipping task ':android_intent_plus:compileDebugLibraryResources' as it is up-to-date.
[        ] work action resolve out (project :android_intent_plus) (Thread[Execution worker,5,main]) started.
[        ] Resolve mutations for :camera_android:preBuild (Thread[Execution worker,5,main]) started.
[        ] :camera_android:preBuild (Thread[Execution worker,5,main]) started.
[        ] > Task :camera_android:preBuild UP-TO-DATE
[        ] Skipping task ':camera_android:preBuild' as it has no actions.
[        ] Resolve mutations for :camera_android:preDebugBuild (Thread[Execution worker,5,main]) started.
[        ] :camera_android:preDebugBuild (Thread[Execution worker,5,main]) started.
[        ] > Task :camera_android:preDebugBuild UP-TO-DATE
[        ] Skipping task ':camera_android:preDebugBuild' as it has no actions.
[        ] Resolve mutations for :camera_android:writeDebugAarMetadata (Thread[Execution worker,5,main]) started.
[        ] :camera_android:writeDebugAarMetadata (Thread[Execution worker,5,main]) started.
[        ] > Task :camera_android:writeDebugAarMetadata UP-TO-DATE
[        ] Caching disabled for task ':camera_android:writeDebugAarMetadata' because:
[        ]   Caching has been disabled for the task
[        ] Skipping task ':camera_android:writeDebugAarMetadata' as it is up-to-date.
[        ] work action resolve aar-metadata.properties (project :camera_android) (Thread[Execution worker,5,main]) started.
[        ] Resolve mutations for :connectivity_plus:preBuild (Thread[Execution worker,5,main]) started.
[        ] :connectivity_plus:preBuild (Thread[Execution worker,5,main]) started.
[        ] > Task :connectivity_plus:preBuild UP-TO-DATE
[        ] Skipping task ':connectivity_plus:preBuild' as it has no actions.
[        ] Resolve mutations for :connectivity_plus:preDebugBuild (Thread[Execution worker,5,main]) started.
[        ] :connectivity_plus:preDebugBuild (Thread[Execution worker,5,main]) started.
[        ] > Task :connectivity_plus:preDebugBuild UP-TO-DATE
[        ] Skipping task ':connectivity_plus:preDebugBuild' as it has no actions.
[        ] Resolve mutations for :connectivity_plus:writeDebugAarMetadata (Thread[Execution worker,5,main]) started.
[        ] :connectivity_plus:writeDebugAarMetadata (Thread[Execution worker,5,main]) started.
[        ] > Task :connectivity_plus:writeDebugAarMetadata UP-TO-DATE
[        ] Caching disabled for task ':connectivity_plus:writeDebugAarMetadata' because:
[        ]   Caching has been disabled for the task
[        ] Skipping task ':connectivity_plus:writeDebugAarMetadata' as it is up-to-date.
[        ] work action resolve aar-metadata.properties (project :connectivity_plus) (Thread[Execution worker,5,main]) started.
[        ] Resolve mutations for :device_info_plus:preBuild (Thread[Execution worker,5,main]) started.
[        ] :device_info_plus:preBuild (Thread[Execution worker,5,main]) started.
[        ] > Task :device_info_plus:preBuild UP-TO-DATE
[        ] Skipping task ':device_info_plus:preBuild' as it has no actions.
[        ] Resolve mutations for :device_info_plus:preDebugBuild (Thread[Execution worker,5,main]) started.
[        ] :device_info_plus:preDebugBuild (Thread[Execution worker,5,main]) started.
[        ] > Task :device_info_plus:preDebugBuild UP-TO-DATE
[        ] Skipping task ':device_info_plus:preDebugBuild' as it has no actions.
[        ] Resolve mutations for :device_info_plus:writeDebugAarMetadata (Thread[Execution worker,5,main]) started.
[        ] :device_info_plus:writeDebugAarMetadata (Thread[Execution worker,5,main]) started.
[        ] > Task :device_info_plus:writeDebugAarMetadata UP-TO-DATE
[        ] Caching disabled for task ':device_info_plus:writeDebugAarMetadata' because:
[        ]   Caching has been disabled for the task
[        ] Skipping task ':device_info_plus:writeDebugAarMetadata' as it is up-to-date.
[        ] work action resolve aar-metadata.properties (project :device_info_plus) (Thread[Execution worker,5,main]) started.
[        ] Resolve mutations for :dynamic_color:preBuild (Thread[Execution worker,5,main]) started.
[        ] :dynamic_color:preBuild (Thread[Execution worker,5,main]) started.
[        ] > Task :dynamic_color:preBuild UP-TO-DATE
[        ] Skipping task ':dynamic_color:preBuild' as it has no actions.
[        ] Resolve mutations for :dynamic_color:preDebugBuild (Thread[Execution worker,5,main]) started.
[        ] :dynamic_color:preDebugBuild (Thread[Execution worker,5,main]) started.
[        ] > Task :dynamic_color:preDebugBuild UP-TO-DATE
[        ] Skipping task ':dynamic_color:preDebugBuild' as it has no actions.
[        ] Resolve mutations for :dynamic_color:writeDebugAarMetadata (Thread[Execution worker,5,main]) started.
[        ] :dynamic_color:writeDebugAarMetadata (Thread[Execution worker,5,main]) started.
[        ] > Task :dynamic_color:writeDebugAarMetadata UP-TO-DATE
[        ] Caching disabled for task ':dynamic_color:writeDebugAarMetadata' because:
[        ]   Caching has been disabled for the task
[        ] Skipping task ':dynamic_color:writeDebugAarMetadata' as it is up-to-date.
[        ] work action resolve aar-metadata.properties (project :dynamic_color) (Thread[Execution worker,5,main]) started.
[        ] Resolve mutations for :flutter_background_service_android:preBuild (Thread[Execution worker,5,main]) started.
[        ] :flutter_background_service_android:preBuild (Thread[Execution worker,5,main]) started.
[        ] > Task :flutter_background_service_android:preBuild UP-TO-DATE
[        ] Skipping task ':flutter_background_service_android:preBuild' as it has no actions.
[        ] Resolve mutations for :flutter_background_service_android:preDebugBuild (Thread[Execution worker,5,main]) started.
[        ] :flutter_background_service_android:preDebugBuild (Thread[Execution worker,5,main]) started.
[        ] > Task :flutter_background_service_android:preDebugBuild UP-TO-DATE
[        ] Skipping task ':flutter_background_service_android:preDebugBuild' as it has no actions.
[        ] Resolve mutations for :flutter_background_service_android:writeDebugAarMetadata (Thread[Execution worker,5,main]) started.
[        ] :flutter_background_service_android:writeDebugAarMetadata (Thread[Execution worker,5,main]) started.
[        ] > Task :flutter_background_service_android:writeDebugAarMetadata UP-TO-DATE
[        ] Caching disabled for task ':flutter_background_service_android:writeDebugAarMetadata' because:
[        ]   Caching has been disabled for the task
[        ] Skipping task ':flutter_background_service_android:writeDebugAarMetadata' as it is up-to-date.
[        ] work action resolve aar-metadata.properties (project :flutter_background_service_android) (Thread[Execution worker,5,main]) started.
[        ] Resolve mutations for :flutter_local_notifications:preBuild (Thread[Execution worker,5,main]) started.
[        ] :flutter_local_notifications:preBuild (Thread[Execution worker,5,main]) started.
[        ] > Task :flutter_local_notifications:preBuild UP-TO-DATE
[        ] Skipping task ':flutter_local_notifications:preBuild' as it has no actions.
[        ] Resolve mutations for :flutter_local_notifications:preDebugBuild (Thread[Execution worker Thread 3,5,main]) started.
[        ] :flutter_local_notifications:preDebugBuild (Thread[Execution worker Thread 3,5,main]) started.
[        ] > Task :flutter_local_notifications:preDebugBuild UP-TO-DATE
[        ] Skipping task ':flutter_local_notifications:preDebugBuild' as it has no actions.
[        ] Resolve mutations for :flutter_local_notifications:writeDebugAarMetadata (Thread[Execution worker Thread 3,5,main]) started.
[        ] :flutter_local_notifications:writeDebugAarMetadata (Thread[Execution worker Thread 3,5,main]) started.
[+1792 ms] Resolve mutations for :flutter_plugin_android_lifecycle:preBuild (Thread[Execution worker,5,main]) started.
[        ] :flutter_plugin_android_lifecycle:preBuild (Thread[included builds,5,main]) started.
[        ] > Task :flutter_plugin_android_lifecycle:preBuild UP-TO-DATE
[        ] Skipping task ':flutter_plugin_android_lifecycle:preBuild' as it has no actions.
[        ] Resolve mutations for :flutter_plugin_android_lifecycle:preDebugBuild (Thread[included builds,5,main]) started.
[        ] :flutter_plugin_android_lifecycle:preDebugBuild (Thread[included builds,5,main]) started.
[        ] > Task :flutter_plugin_android_lifecycle:preDebugBuild UP-TO-DATE
[        ] Skipping task ':flutter_plugin_android_lifecycle:preDebugBuild' as it has no actions.
[        ] Resolve mutations for :flutter_plugin_android_lifecycle:writeDebugAarMetadata (Thread[included builds,5,main]) started.
[        ] :flutter_plugin_android_lifecycle:writeDebugAarMetadata (Thread[included builds,5,main]) started.
[        ] > Task :flutter_local_notifications:writeDebugAarMetadata
[        ] Caching disabled for task ':flutter_local_notifications:writeDebugAarMetadata' because:
[        ]   Caching has been disabled for the task
[        ] Task ':flutter_local_notifications:writeDebugAarMetadata' is not up-to-date because:
[        ]   Output property 'output' file /home/abisin/Desktop/momentum/build/flutter_local_notifications/intermediates/aar_metadata/debug/writeDebugAarMetadata/aar-metadata.properties has been removed.
[        ] Invalidating in-memory cache of /home/abisin/Desktop/momentum/android/.gradle/8.13/fileHashes/fileHashes.bin
[        ] Invalidating in-memory cache of /home/abisin/Desktop/momentum/android/.gradle/8.13/fileHashes/resourceHashesCache.bin
[   +3 ms] Invalidating in-memory cache of /home/abisin/Desktop/momentum/android/.gradle/8.13/executionHistory/executionHistory.bin
[ +100 ms] > Task :flutter_plugin_android_lifecycle:writeDebugAarMetadata UP-TO-DATE
[        ] Invalidating in-memory cache of /home/abisin/Desktop/momentum/android/.gradle/buildOutputCleanup/outputFiles.bin
[        ] Caching disabled for task ':flutter_plugin_android_lifecycle:writeDebugAarMetadata' because:
[        ]   Caching has been disabled for the task
[        ] Skipping task ':flutter_plugin_android_lifecycle:writeDebugAarMetadata' as it is up-to-date.
[        ] work action resolve aar-metadata.properties (project :flutter_plugin_android_lifecycle) (Thread[included builds,5,main]) started.
[        ] work action resolve aar-metadata.properties (project :flutter_local_notifications) (Thread[included builds,5,main]) started.
[        ] Resolve mutations for :flutter_secure_storage:preBuild (Thread[included builds,5,main]) started.
[        ] :flutter_secure_storage:preBuild (Thread[included builds,5,main]) started.
[        ] > Task :flutter_secure_storage:preBuild UP-TO-DATE
[        ] Skipping task ':flutter_secure_storage:preBuild' as it has no actions.
[   +1 ms] Resolve mutations for :flutter_secure_storage:preDebugBuild (Thread[included builds,5,main]) started.
[   +1 ms] :flutter_secure_storage:preDebugBuild (Thread[included builds,5,main]) started.
[   +2 ms] > Task :flutter_secure_storage:preDebugBuild UP-TO-DATE
[   +1 ms] Skipping task ':flutter_secure_storage:preDebugBuild' as it has no actions.
[   +1 ms] Resolve mutations for :flutter_secure_storage:writeDebugAarMetadata (Thread[included builds,5,main]) started.
[   +2 ms] :flutter_secure_storage:writeDebugAarMetadata (Thread[included builds,5,main]) started.
[        ] > Task :flutter_secure_storage:writeDebugAarMetadata UP-TO-DATE
[        ] Caching disabled for task ':flutter_secure_storage:writeDebugAarMetadata' because:
[        ]   Caching has been disabled for the task
[        ] Skipping task ':flutter_secure_storage:writeDebugAarMetadata' as it is up-to-date.
[        ] work action resolve aar-metadata.properties (project :flutter_secure_storage) (Thread[Execution worker Thread 3,5,main]) started.
[        ] Resolve mutations for :health:preBuild (Thread[Execution worker Thread 3,5,main]) started.
[        ] :health:preBuild (Thread[Execution worker Thread 3,5,main]) started.
[        ] > Task :health:preBuild UP-TO-DATE
[        ] Skipping task ':health:preBuild' as it has no actions.
[        ] Resolve mutations for :health:preDebugBuild (Thread[Execution worker Thread 3,5,main]) started.
[        ] :health:preDebugBuild (Thread[Execution worker Thread 3,5,main]) started.
[        ] > Task :health:preDebugBuild UP-TO-DATE
[        ] Skipping task ':health:preDebugBuild' as it has no actions.
[        ] Resolve mutations for :health:writeDebugAarMetadata (Thread[Execution worker Thread 3,5,main]) started.
[   +2 ms] :health:writeDebugAarMetadata (Thread[Execution worker Thread 3,5,main]) started.
[        ] > Task :health:writeDebugAarMetadata UP-TO-DATE
[        ] Caching disabled for task ':health:writeDebugAarMetadata' because:
[        ]   Caching has been disabled for the task
[   +1 ms] Skipping task ':health:writeDebugAarMetadata' as it is up-to-date.
[   +1 ms] work action resolve aar-metadata.properties (project :health) (Thread[Execution worker Thread 3,5,main]) started.
[        ] Resolve mutations for :home_widget:preBuild (Thread[Execution worker Thread 3,5,main]) started.
[        ] :home_widget:preBuild (Thread[Execution worker Thread 3,5,main]) started.
[        ] > Task :home_widget:preBuild UP-TO-DATE
[   +1 ms] Skipping task ':home_widget:preBuild' as it has no actions.
[        ] Resolve mutations for :home_widget:preDebugBuild (Thread[Execution worker Thread 3,5,main]) started.
[        ] :home_widget:preDebugBuild (Thread[Execution worker Thread 3,5,main]) started.
[        ] > Task :home_widget:preDebugBuild UP-TO-DATE
[        ] Skipping task ':home_widget:preDebugBuild' as it has no actions.
[        ] Resolve mutations for :home_widget:writeDebugAarMetadata (Thread[Execution worker Thread 3,5,main]) started.
[        ] :home_widget:writeDebugAarMetadata (Thread[Execution worker Thread 3,5,main]) started.
[        ] > Task :home_widget:writeDebugAarMetadata UP-TO-DATE
[        ] Caching disabled for task ':home_widget:writeDebugAarMetadata' because:
[        ]   Caching has been disabled for the task
[        ] Skipping task ':home_widget:writeDebugAarMetadata' as it is up-to-date.
[        ] work action resolve aar-metadata.properties (project :home_widget) (Thread[Execution worker Thread 3,5,main]) started.
[        ] Resolve mutations for :image_picker_android:preBuild (Thread[Execution worker Thread 3,5,main]) started.
[        ] :image_picker_android:preBuild (Thread[Execution worker Thread 3,5,main]) started.
[        ] > Task :image_picker_android:preBuild UP-TO-DATE
[        ] Skipping task ':image_picker_android:preBuild' as it has no actions.
[        ] Resolve mutations for :image_picker_android:preDebugBuild (Thread[Execution worker Thread 3,5,main]) started.
[        ] :image_picker_android:preDebugBuild (Thread[Execution worker Thread 3,5,main]) started.
[        ] > Task :image_picker_android:preDebugBuild UP-TO-DATE
[        ] Skipping task ':image_picker_android:preDebugBuild' as it has no actions.
[        ] Resolve mutations for :image_picker_android:writeDebugAarMetadata (Thread[Execution worker Thread 3,5,main]) started.
[        ] :image_picker_android:writeDebugAarMetadata (Thread[Execution worker Thread 3,5,main]) started.
[        ] > Task :image_picker_android:writeDebugAarMetadata UP-TO-DATE
[        ] Caching disabled for task ':image_picker_android:writeDebugAarMetadata' because:
[        ]   Caching has been disabled for the task
[        ] Skipping task ':image_picker_android:writeDebugAarMetadata' as it is up-to-date.
[        ] work action resolve aar-metadata.properties (project :image_picker_android) (Thread[Execution worker Thread 3,5,main]) started.
[        ] Resolve mutations for :package_info_plus:preBuild (Thread[Execution worker Thread 3,5,main]) started.
[        ] :package_info_plus:preBuild (Thread[Execution worker Thread 3,5,main]) started.
[        ] > Task :package_info_plus:preBuild UP-TO-DATE
[        ] Skipping task ':package_info_plus:preBuild' as it has no actions.
[        ] Resolve mutations for :package_info_plus:preDebugBuild (Thread[Execution worker Thread 3,5,main]) started.
[        ] :package_info_plus:preDebugBuild (Thread[Execution worker Thread 3,5,main]) started.
[        ] > Task :package_info_plus:preDebugBuild UP-TO-DATE
[        ] Skipping task ':package_info_plus:preDebugBuild' as it has no actions.
[        ] Resolve mutations for :package_info_plus:writeDebugAarMetadata (Thread[Execution worker Thread 3,5,main]) started.
[        ] :package_info_plus:writeDebugAarMetadata (Thread[Execution worker Thread 3,5,main]) started.
[        ] > Task :package_info_plus:writeDebugAarMetadata UP-TO-DATE
[        ] Caching disabled for task ':package_info_plus:writeDebugAarMetadata' because:
[        ]   Caching has been disabled for the task
[        ] Skipping task ':package_info_plus:writeDebugAarMetadata' as it is up-to-date.
[        ] work action resolve aar-metadata.properties (project :package_info_plus) (Thread[Execution worker Thread 3,5,main]) started.
[        ] Resolve mutations for :path_provider_android:preBuild (Thread[Execution worker Thread 3,5,main]) started.
[        ] :path_provider_android:preBuild (Thread[Execution worker Thread 3,5,main]) started.
[        ] > Task :path_provider_android:preBuild UP-TO-DATE
[        ] Skipping task ':path_provider_android:preBuild' as it has no actions.
[        ] Resolve mutations for :path_provider_android:preDebugBuild (Thread[Execution worker Thread 3,5,main]) started.
[        ] :path_provider_android:preDebugBuild (Thread[Execution worker Thread 3,5,main]) started.
[        ] > Task :path_provider_android:preDebugBuild UP-TO-DATE
[        ] Skipping task ':path_provider_android:preDebugBuild' as it has no actions.
[        ] Resolve mutations for :path_provider_android:writeDebugAarMetadata (Thread[Execution worker Thread 3,5,main]) started.
[        ] :path_provider_android:writeDebugAarMetadata (Thread[Execution worker Thread 3,5,main]) started.
[        ] > Task :path_provider_android:writeDebugAarMetadata UP-TO-DATE
[        ] Caching disabled for task ':path_provider_android:writeDebugAarMetadata' because:
[        ]   Caching has been disabled for the task
[        ] Skipping task ':path_provider_android:writeDebugAarMetadata' as it is up-to-date.
[        ] work action resolve aar-metadata.properties (project :path_provider_android) (Thread[Execution worker Thread 3,5,main]) started.
[        ] Resolve mutations for :permission_handler_android:preBuild (Thread[Execution worker Thread 3,5,main]) started.
[        ] :permission_handler_android:preBuild (Thread[Execution worker Thread 3,5,main]) started.
[        ] > Task :permission_handler_android:preBuild UP-TO-DATE
[        ] Skipping task ':permission_handler_android:preBuild' as it has no actions.
[        ] Resolve mutations for :permission_handler_android:preDebugBuild (Thread[Execution worker Thread 3,5,main]) started.
[        ] :permission_handler_android:preDebugBuild (Thread[Execution worker Thread 3,5,main]) started.
[        ] > Task :permission_handler_android:preDebugBuild UP-TO-DATE
[        ] Skipping task ':permission_handler_android:preDebugBuild' as it has no actions.
[        ] Resolve mutations for :permission_handler_android:writeDebugAarMetadata (Thread[Execution worker Thread 3,5,main]) started.
[        ] :permission_handler_android:writeDebugAarMetadata (Thread[Execution worker Thread 3,5,main]) started.
[        ] > Task :permission_handler_android:writeDebugAarMetadata UP-TO-DATE
[        ] Caching disabled for task ':permission_handler_android:writeDebugAarMetadata' because:
[        ]   Caching has been disabled for the task
[        ] Skipping task ':permission_handler_android:writeDebugAarMetadata' as it is up-to-date.
[        ] work action resolve aar-metadata.properties (project :permission_handler_android) (Thread[Execution worker Thread 3,5,main]) started.
[        ] Resolve mutations for :shared_preferences_android:preBuild (Thread[Execution worker Thread 3,5,main]) started.
[        ] :shared_preferences_android:preBuild (Thread[Execution worker Thread 3,5,main]) started.
[        ] > Task :shared_preferences_android:preBuild UP-TO-DATE
[        ] Skipping task ':shared_preferences_android:preBuild' as it has no actions.
[        ] Resolve mutations for :shared_preferences_android:preDebugBuild (Thread[Execution worker Thread 3,5,main]) started.
[        ] :shared_preferences_android:preDebugBuild (Thread[Execution worker Thread 3,5,main]) started.
[        ] > Task :shared_preferences_android:preDebugBuild UP-TO-DATE
[        ] Skipping task ':shared_preferences_android:preDebugBuild' as it has no actions.
[        ] Resolve mutations for :shared_preferences_android:writeDebugAarMetadata (Thread[Execution worker Thread 3,5,main]) started.
[        ] :shared_preferences_android:writeDebugAarMetadata (Thread[Execution worker Thread 3,5,main]) started.
[        ] > Task :shared_preferences_android:writeDebugAarMetadata UP-TO-DATE
[        ] Caching disabled for task ':shared_preferences_android:writeDebugAarMetadata' because:
[        ]   Caching has been disabled for the task
[        ] Skipping task ':shared_preferences_android:writeDebugAarMetadata' as it is up-to-date.
[        ] work action resolve aar-metadata.properties (project :shared_preferences_android) (Thread[Execution worker Thread 3,5,main]) started.
[        ] Resolve mutations for :sqlite3_flutter_libs:preBuild (Thread[Execution worker Thread 3,5,main]) started.
[        ] :sqlite3_flutter_libs:preBuild (Thread[Execution worker Thread 3,5,main]) started.
[        ] > Task :sqlite3_flutter_libs:preBuild UP-TO-DATE
[        ] Skipping task ':sqlite3_flutter_libs:preBuild' as it has no actions.
[        ] Resolve mutations for :sqlite3_flutter_libs:preDebugBuild (Thread[Execution worker Thread 3,5,main]) started.
[        ] :sqlite3_flutter_libs:preDebugBuild (Thread[Execution worker Thread 3,5,main]) started.
[        ] > Task :sqlite3_flutter_libs:preDebugBuild UP-TO-DATE
[        ] Skipping task ':sqlite3_flutter_libs:preDebugBuild' as it has no actions.
[        ] Resolve mutations for :sqlite3_flutter_libs:writeDebugAarMetadata (Thread[Execution worker Thread 2,5,main]) started.
[        ] :sqlite3_flutter_libs:writeDebugAarMetadata (Thread[included builds,5,main]) started.
[        ] > Task :sqlite3_flutter_libs:writeDebugAarMetadata UP-TO-DATE
[        ] Caching disabled for task ':sqlite3_flutter_libs:writeDebugAarMetadata' because:
[        ]   Caching has been disabled for the task
[        ] Skipping task ':sqlite3_flutter_libs:writeDebugAarMetadata' as it is up-to-date.
[        ] work action resolve aar-metadata.properties (project :sqlite3_flutter_libs) (Thread[Execution worker Thread 2,5,main]) started.
[        ] Resolve mutations for :url_launcher_android:preBuild (Thread[Execution worker,5,main]) started.
[        ] :url_launcher_android:preBuild (Thread[Execution worker,5,main]) started.
[        ] > Task :url_launcher_android:preBuild UP-TO-DATE
[        ] Skipping task ':url_launcher_android:preBuild' as it has no actions.
[        ] Resolve mutations for :url_launcher_android:preDebugBuild (Thread[Execution worker,5,main]) started.
[        ] :url_launcher_android:preDebugBuild (Thread[Execution worker,5,main]) started.
[        ] > Task :url_launcher_android:preDebugBuild UP-TO-DATE
[        ] Skipping task ':url_launcher_android:preDebugBuild' as it has no actions.
[        ] Resolve mutations for :url_launcher_android:writeDebugAarMetadata (Thread[Execution worker,5,main]) started.
[        ] :url_launcher_android:writeDebugAarMetadata (Thread[Execution worker,5,main]) started.
[        ] > Task :url_launcher_android:writeDebugAarMetadata UP-TO-DATE
[        ] Caching disabled for task ':url_launcher_android:writeDebugAarMetadata' because:
[        ]   Caching has been disabled for the task
[        ] Skipping task ':url_launcher_android:writeDebugAarMetadata' as it is up-to-date.
[        ] work action resolve aar-metadata.properties (project :url_launcher_android) (Thread[Execution worker,5,main]) started.
[        ] Resolve mutations for :wakelock_plus:preBuild (Thread[Execution worker,5,main]) started.
[        ] :wakelock_plus:preBuild (Thread[Execution worker,5,main]) started.
[        ] > Task :wakelock_plus:preBuild UP-TO-DATE
[        ] Skipping task ':wakelock_plus:preBuild' as it has no actions.
[        ] Resolve mutations for :wakelock_plus:preDebugBuild (Thread[Execution worker,5,main]) started.
[        ] :wakelock_plus:preDebugBuild (Thread[Execution worker,5,main]) started.
[        ] > Task :wakelock_plus:preDebugBuild UP-TO-DATE
[        ] Skipping task ':wakelock_plus:preDebugBuild' as it has no actions.
[        ] Resolve mutations for :wakelock_plus:writeDebugAarMetadata (Thread[Execution worker,5,main]) started.
[        ] :wakelock_plus:writeDebugAarMetadata (Thread[Execution worker,5,main]) started.
[        ] > Task :wakelock_plus:writeDebugAarMetadata UP-TO-DATE
[        ] Caching disabled for task ':wakelock_plus:writeDebugAarMetadata' because:
[        ]   Caching has been disabled for the task
[        ] Skipping task ':wakelock_plus:writeDebugAarMetadata' as it is up-to-date.
[        ] work action resolve aar-metadata.properties (project :wakelock_plus) (Thread[Execution worker,5,main]) started.
[        ] Resolve mutations for :webview_flutter_android:preBuild (Thread[Execution worker,5,main]) started.
[        ] :webview_flutter_android:preBuild (Thread[Execution worker,5,main]) started.
[        ] > Task :webview_flutter_android:preBuild UP-TO-DATE
[        ] Skipping task ':webview_flutter_android:preBuild' as it has no actions.
[        ] Resolve mutations for :webview_flutter_android:preDebugBuild (Thread[Execution worker,5,main]) started.
[        ] :webview_flutter_android:preDebugBuild (Thread[Execution worker,5,main]) started.
[        ] > Task :webview_flutter_android:preDebugBuild UP-TO-DATE
[        ] Skipping task ':webview_flutter_android:preDebugBuild' as it has no actions.
[        ] Resolve mutations for :webview_flutter_android:writeDebugAarMetadata (Thread[included builds,5,main]) started.
[        ] :webview_flutter_android:writeDebugAarMetadata (Thread[included builds,5,main]) started.
[        ] > Task :webview_flutter_android:writeDebugAarMetadata UP-TO-DATE
[        ] Caching disabled for task ':webview_flutter_android:writeDebugAarMetadata' because:
[        ]   Caching has been disabled for the task
[        ] Skipping task ':webview_flutter_android:writeDebugAarMetadata' as it is up-to-date.
[        ] work action resolve aar-metadata.properties (project :webview_flutter_android) (Thread[included builds,5,main]) started.
[        ] Resolve mutations for :app:checkDebugAarMetadata (Thread[included builds,5,main]) started.
[        ] :app:checkDebugAarMetadata (Thread[included builds,5,main]) started.
[+2043 ms] > Task :app:checkDebugAarMetadata
[        ] Invalidating in-memory cache of /home/abisin/.gradle/caches/journal-1/file-access.bin
[+1699 ms] Invalidating in-memory cache of /home/abisin/.gradle/caches/journal-1/file-access.bin
[+1099 ms] Invalidating in-memory cache of /home/abisin/.gradle/caches/journal-1/file-access.bin
[+2100 ms] Invalidating in-memory cache of /home/abisin/.gradle/caches/journal-1/file-access.bin
[ +599 ms] Invalidating in-memory cache of /home/abisin/.gradle/caches/journal-1/file-access.bin
[+1199 ms] Invalidating in-memory cache of /home/abisin/.gradle/caches/journal-1/file-access.bin
[ +499 ms] Invalidating in-memory cache of /home/abisin/.gradle/caches/journal-1/file-access.bin
[ +700 ms] Invalidating in-memory cache of /home/abisin/.gradle/caches/journal-1/file-access.bin
[+4399 ms] Invalidating in-memory cache of /home/abisin/.gradle/caches/journal-1/file-access.bin
[+6899 ms] Invalidating in-memory cache of /home/abisin/.gradle/caches/journal-1/file-access.bin
[+1600 ms] Invalidating in-memory cache of /home/abisin/.gradle/caches/journal-1/file-access.bin
[+1999 ms] Caching disabled for task ':app:checkDebugAarMetadata' because:
[        ]   Caching has been disabled for the task
[        ] Task ':app:checkDebugAarMetadata' is not up-to-date because:
[        ]   Task has failed previously.
[ +199 ms] Resolve mutations for :app:cleanMergeDebugAssets (Thread[Execution worker,5,main]) started.
[        ] :app:cleanMergeDebugAssets (Thread[Execution worker,5,main]) started.
[ +499 ms] > Task :app:cleanMergeDebugAssets
[        ] Caching disabled for task ':app:cleanMergeDebugAssets' because:
[        ]   Deletion cannot be cached
[        ] Task ':app:cleanMergeDebugAssets' is not up-to-date because:
[        ]   Task has not declared any outputs despite executing actions.
[        ] Resolve mutations for :app:mergeDebugShaders (Thread[Execution worker,5,main]) started.
[        ] :app:mergeDebugShaders (Thread[Execution worker,5,main]) started.
[  +99 ms] > Task :app:mergeDebugShaders UP-TO-DATE
[        ] Invalidating in-memory cache of /home/abisin/Desktop/momentum/android/.gradle/buildOutputCleanup/outputFiles.bin
[        ] Invalidating in-memory cache of /home/abisin/Desktop/momentum/android/.gradle/8.13/executionHistory/executionHistory.bin
[        ] Caching disabled for task ':app:mergeDebugShaders' because:
[        ]   Simple merging task
[        ] Skipping task ':app:mergeDebugShaders' as it is up-to-date.
[        ] Resolve mutations for :app:compileDebugShaders (Thread[Execution worker,5,main]) started.
[        ] :app:compileDebugShaders (Thread[Execution worker,5,main]) started.
[        ] > Task :app:compileDebugShaders NO-SOURCE
[        ] Skipping task ':app:compileDebugShaders' as it has no source files and no previous output files.
[        ] Resolve mutations for :app:generateDebugAssets (Thread[Execution worker,5,main]) started.
[        ] :app:generateDebugAssets (Thread[Execution worker,5,main]) started.
[        ] > Task :app:generateDebugAssets UP-TO-DATE
[   +1 ms] Skipping task ':app:generateDebugAssets' as it has no actions.
[        ] Resolve mutations for :camera_android:mergeDebugShaders (Thread[Execution worker,5,main]) started.
[        ] :camera_android:mergeDebugShaders (Thread[Execution worker,5,main]) started.
[        ] > Task :camera_android:mergeDebugShaders UP-TO-DATE
[        ] Caching disabled for task ':camera_android:mergeDebugShaders' because:
[        ]   Simple merging task
[        ] Skipping task ':camera_android:mergeDebugShaders' as it is up-to-date.
[        ] Resolve mutations for :camera_android:compileDebugShaders (Thread[Execution worker,5,main]) started.
[        ] :camera_android:compileDebugShaders (Thread[Execution worker,5,main]) started.
[        ] > Task :camera_android:compileDebugShaders NO-SOURCE
[        ] Skipping task ':camera_android:compileDebugShaders' as it has no source files and no previous output files.
[        ] Resolve mutations for :camera_android:generateDebugAssets (Thread[Execution worker,5,main]) started.
[        ] :camera_android:generateDebugAssets (Thread[Execution worker,5,main]) started.
[        ] > Task :camera_android:generateDebugAssets UP-TO-DATE
[        ] Skipping task ':camera_android:generateDebugAssets' as it has no actions.
[        ] Resolve mutations for :camera_android:packageDebugAssets (Thread[Execution worker,5,main]) started.
[  +96 ms] :camera_android:packageDebugAssets (Thread[Execution worker,5,main]) started.
[        ] > Task :camera_android:packageDebugAssets UP-TO-DATE
[        ] Caching disabled for task ':camera_android:packageDebugAssets' because:
[        ]   Simple merging task
[        ] Skipping task ':camera_android:packageDebugAssets' as it is up-to-date.
[        ] work action resolve out (project :camera_android) (Thread[Execution worker,5,main]) started.
[        ] Resolve mutations for :connectivity_plus:mergeDebugShaders (Thread[Execution worker,5,main]) started.
[        ] :connectivity_plus:mergeDebugShaders (Thread[Execution worker,5,main]) started.
[        ] > Task :connectivity_plus:mergeDebugShaders UP-TO-DATE
[        ] Caching disabled for task ':connectivity_plus:mergeDebugShaders' because:
[        ]   Simple merging task
[        ] Skipping task ':connectivity_plus:mergeDebugShaders' as it is up-to-date.
[        ] Resolve mutations for :connectivity_plus:compileDebugShaders (Thread[Execution worker,5,main]) started.
[        ] :connectivity_plus:compileDebugShaders (Thread[Execution worker,5,main]) started.
[        ] > Task :connectivity_plus:compileDebugShaders NO-SOURCE
[        ] Skipping task ':connectivity_plus:compileDebugShaders' as it has no source files and no previous output files.
[        ] Resolve mutations for :connectivity_plus:generateDebugAssets (Thread[Execution worker,5,main]) started.
[        ] :connectivity_plus:generateDebugAssets (Thread[Execution worker,5,main]) started.
[        ] > Task :connectivity_plus:generateDebugAssets UP-TO-DATE
[        ] Skipping task ':connectivity_plus:generateDebugAssets' as it has no actions.
[        ] Resolve mutations for :connectivity_plus:packageDebugAssets (Thread[Execution worker,5,main]) started.
[        ] :connectivity_plus:packageDebugAssets (Thread[Execution worker,5,main]) started.
[        ] > Task :connectivity_plus:packageDebugAssets UP-TO-DATE
[        ] Caching disabled for task ':connectivity_plus:packageDebugAssets' because:
[        ]   Simple merging task
[        ] Skipping task ':connectivity_plus:packageDebugAssets' as it is up-to-date.
[        ] work action resolve out (project :connectivity_plus) (Thread[Execution worker,5,main]) started.
[        ] Resolve mutations for :device_info_plus:mergeDebugShaders (Thread[Execution worker,5,main]) started.
[        ] :device_info_plus:mergeDebugShaders (Thread[Execution worker,5,main]) started.
[        ] > Task :device_info_plus:mergeDebugShaders UP-TO-DATE
[        ] Caching disabled for task ':device_info_plus:mergeDebugShaders' because:
[        ]   Simple merging task
[        ] Skipping task ':device_info_plus:mergeDebugShaders' as it is up-to-date.
[        ] Resolve mutations for :device_info_plus:compileDebugShaders (Thread[Execution worker,5,main]) started.
[        ] :device_info_plus:compileDebugShaders (Thread[Execution worker,5,main]) started.
[        ] > Task :device_info_plus:compileDebugShaders NO-SOURCE
[        ] Skipping task ':device_info_plus:compileDebugShaders' as it has no source files and no previous output files.
[        ] Resolve mutations for :device_info_plus:generateDebugAssets (Thread[Execution worker,5,main]) started.
[        ] :device_info_plus:generateDebugAssets (Thread[Execution worker,5,main]) started.
[        ] > Task :device_info_plus:generateDebugAssets UP-TO-DATE
[        ] Skipping task ':device_info_plus:generateDebugAssets' as it has no actions.
[        ] Resolve mutations for :device_info_plus:packageDebugAssets (Thread[Execution worker,5,main]) started.
[        ] :device_info_plus:packageDebugAssets (Thread[Execution worker,5,main]) started.
[        ] > Task :device_info_plus:packageDebugAssets UP-TO-DATE
[        ] Caching disabled for task ':device_info_plus:packageDebugAssets' because:
[        ]   Simple merging task
[        ] Skipping task ':device_info_plus:packageDebugAssets' as it is up-to-date.
[        ] work action resolve out (project :device_info_plus) (Thread[Execution worker,5,main]) started.
[        ] Resolve mutations for :dynamic_color:mergeDebugShaders (Thread[Execution worker,5,main]) started.
[        ] :dynamic_color:mergeDebugShaders (Thread[Execution worker,5,main]) started.
[        ] > Task :dynamic_color:mergeDebugShaders UP-TO-DATE
[        ] Caching disabled for task ':dynamic_color:mergeDebugShaders' because:
[        ]   Simple merging task
[        ] Skipping task ':dynamic_color:mergeDebugShaders' as it is up-to-date.
[        ] Resolve mutations for :dynamic_color:compileDebugShaders (Thread[Execution worker,5,main]) started.
[        ] :dynamic_color:compileDebugShaders (Thread[Execution worker,5,main]) started.
[        ] > Task :dynamic_color:compileDebugShaders NO-SOURCE
[        ] Skipping task ':dynamic_color:compileDebugShaders' as it has no source files and no previous output files.
[        ] Resolve mutations for :dynamic_color:generateDebugAssets (Thread[Execution worker,5,main]) started.
[        ] :dynamic_color:generateDebugAssets (Thread[Execution worker,5,main]) started.
[        ] > Task :dynamic_color:generateDebugAssets UP-TO-DATE
[        ] Skipping task ':dynamic_color:generateDebugAssets' as it has no actions.
[        ] Resolve mutations for :dynamic_color:packageDebugAssets (Thread[Execution worker,5,main]) started.
[        ] :dynamic_color:packageDebugAssets (Thread[Execution worker,5,main]) started.
[        ] > Task :dynamic_color:packageDebugAssets UP-TO-DATE
[        ] Caching disabled for task ':dynamic_color:packageDebugAssets' because:
[        ]   Simple merging task
[        ] Skipping task ':dynamic_color:packageDebugAssets' as it is up-to-date.
[        ] work action resolve out (project :dynamic_color) (Thread[Execution worker,5,main]) started.
[        ] Resolve mutations for :flutter_background_service_android:mergeDebugShaders (Thread[Execution worker,5,main]) started.
[        ] :flutter_background_service_android:mergeDebugShaders (Thread[Execution worker,5,main]) started.
[        ] > Task :flutter_background_service_android:mergeDebugShaders UP-TO-DATE
[        ] Caching disabled for task ':flutter_background_service_android:mergeDebugShaders' because:
[        ]   Simple merging task
[        ] Skipping task ':flutter_background_service_android:mergeDebugShaders' as it is up-to-date.
[        ] Resolve mutations for :flutter_background_service_android:compileDebugShaders (Thread[Execution worker,5,main]) started.
[        ] :flutter_background_service_android:compileDebugShaders (Thread[Execution worker,5,main]) started.
[        ] > Task :flutter_background_service_android:compileDebugShaders NO-SOURCE
[        ] Skipping task ':flutter_background_service_android:compileDebugShaders' as it has no source files and no previous output files.
[        ] Resolve mutations for :flutter_background_service_android:generateDebugAssets (Thread[Execution worker,5,main]) started.
[        ] :flutter_background_service_android:generateDebugAssets (Thread[Execution worker,5,main]) started.
[        ] > Task :flutter_background_service_android:generateDebugAssets UP-TO-DATE
[        ] Skipping task ':flutter_background_service_android:generateDebugAssets' as it has no actions.
[        ] Resolve mutations for :flutter_background_service_android:packageDebugAssets (Thread[Execution worker,5,main]) started.
[        ] :flutter_background_service_android:packageDebugAssets (Thread[Execution worker,5,main]) started.
[        ] > Task :flutter_background_service_android:packageDebugAssets UP-TO-DATE
[        ] Caching disabled for task ':flutter_background_service_android:packageDebugAssets' because:
[        ]   Simple merging task
[        ] Skipping task ':flutter_background_service_android:packageDebugAssets' as it is up-to-date.
[        ] work action resolve out (project :flutter_background_service_android) (Thread[Execution worker,5,main]) started.
[        ] Resolve mutations for :flutter_local_notifications:mergeDebugShaders (Thread[Execution worker,5,main]) started.
[        ] :flutter_local_notifications:mergeDebugShaders (Thread[Execution worker,5,main]) started.
[        ] > Task :flutter_local_notifications:mergeDebugShaders UP-TO-DATE
[        ] Caching disabled for task ':flutter_local_notifications:mergeDebugShaders' because:
[        ]   Simple merging task
[        ] Skipping task ':flutter_local_notifications:mergeDebugShaders' as it is up-to-date.
[        ] Resolve mutations for :flutter_local_notifications:compileDebugShaders (Thread[Execution worker,5,main]) started.
[        ] :flutter_local_notifications:compileDebugShaders (Thread[Execution worker,5,main]) started.
[        ] > Task :flutter_local_notifications:compileDebugShaders NO-SOURCE
[        ] Skipping task ':flutter_local_notifications:compileDebugShaders' as it has no source files and no previous output files.
[        ] Resolve mutations for :flutter_local_notifications:generateDebugAssets (Thread[Execution worker,5,main]) started.
[        ] :flutter_local_notifications:generateDebugAssets (Thread[Execution worker,5,main]) started.
[        ] > Task :flutter_local_notifications:generateDebugAssets UP-TO-DATE
[        ] Skipping task ':flutter_local_notifications:generateDebugAssets' as it has no actions.
[        ] Resolve mutations for :flutter_local_notifications:packageDebugAssets (Thread[Execution worker,5,main]) started.
[        ] :flutter_local_notifications:packageDebugAssets (Thread[Execution worker,5,main]) started.
[        ] > Task :flutter_local_notifications:packageDebugAssets UP-TO-DATE
[        ] Caching disabled for task ':flutter_local_notifications:packageDebugAssets' because:
[        ]   Simple merging task
[        ] Skipping task ':flutter_local_notifications:packageDebugAssets' as it is up-to-date.
[        ] work action resolve out (project :flutter_local_notifications) (Thread[Execution worker,5,main]) started.
[        ] Resolve mutations for :flutter_plugin_android_lifecycle:mergeDebugShaders (Thread[Execution worker,5,main]) started.
[        ] :flutter_plugin_android_lifecycle:mergeDebugShaders (Thread[Execution worker,5,main]) started.
[        ] > Task :flutter_plugin_android_lifecycle:mergeDebugShaders UP-TO-DATE
[        ] Caching disabled for task ':flutter_plugin_android_lifecycle:mergeDebugShaders' because:
[        ]   Simple merging task
[        ] Skipping task ':flutter_plugin_android_lifecycle:mergeDebugShaders' as it is up-to-date.
[        ] Resolve mutations for :flutter_plugin_android_lifecycle:compileDebugShaders (Thread[Execution worker,5,main]) started.
[        ] :flutter_plugin_android_lifecycle:compileDebugShaders (Thread[Execution worker,5,main]) started.
[        ] > Task :flutter_plugin_android_lifecycle:compileDebugShaders NO-SOURCE
[        ] Skipping task ':flutter_plugin_android_lifecycle:compileDebugShaders' as it has no source files and no previous output files.
[        ] Resolve mutations for :flutter_plugin_android_lifecycle:generateDebugAssets (Thread[Execution worker,5,main]) started.
[        ] :flutter_plugin_android_lifecycle:generateDebugAssets (Thread[Execution worker,5,main]) started.
[        ] > Task :flutter_plugin_android_lifecycle:generateDebugAssets UP-TO-DATE
[        ] Skipping task ':flutter_plugin_android_lifecycle:generateDebugAssets' as it has no actions.
[        ] Resolve mutations for :flutter_plugin_android_lifecycle:packageDebugAssets (Thread[Execution worker,5,main]) started.
[        ] :flutter_plugin_android_lifecycle:packageDebugAssets (Thread[Execution worker,5,main]) started.
[        ] > Task :flutter_plugin_android_lifecycle:packageDebugAssets UP-TO-DATE
[        ] Caching disabled for task ':flutter_plugin_android_lifecycle:packageDebugAssets' because:
[        ]   Simple merging task
[        ] Skipping task ':flutter_plugin_android_lifecycle:packageDebugAssets' as it is up-to-date.
[        ] work action resolve out (project :flutter_plugin_android_lifecycle) (Thread[Execution worker,5,main]) started.
[        ] Resolve mutations for :flutter_secure_storage:mergeDebugShaders (Thread[Execution worker,5,main]) started.
[        ] :flutter_secure_storage:mergeDebugShaders (Thread[Execution worker,5,main]) started.
[        ] > Task :flutter_secure_storage:mergeDebugShaders UP-TO-DATE
[        ] Caching disabled for task ':flutter_secure_storage:mergeDebugShaders' because:
[        ]   Simple merging task
[        ] Skipping task ':flutter_secure_storage:mergeDebugShaders' as it is up-to-date.
[        ] Resolve mutations for :flutter_secure_storage:compileDebugShaders (Thread[Execution worker,5,main]) started.
[        ] :flutter_secure_storage:compileDebugShaders (Thread[Execution worker,5,main]) started.
[        ] > Task :flutter_secure_storage:compileDebugShaders NO-SOURCE
[        ] Skipping task ':flutter_secure_storage:compileDebugShaders' as it has no source files and no previous output files.
[        ] Resolve mutations for :flutter_secure_storage:generateDebugAssets (Thread[Execution worker,5,main]) started.
[        ] :flutter_secure_storage:generateDebugAssets (Thread[Execution worker,5,main]) started.
[        ] > Task :flutter_secure_storage:generateDebugAssets UP-TO-DATE
[        ] Skipping task ':flutter_secure_storage:generateDebugAssets' as it has no actions.
[        ] Resolve mutations for :flutter_secure_storage:packageDebugAssets (Thread[Execution worker,5,main]) started.
[        ] :flutter_secure_storage:packageDebugAssets (Thread[Execution worker,5,main]) started.
[        ] > Task :flutter_secure_storage:packageDebugAssets UP-TO-DATE
[        ] Caching disabled for task ':flutter_secure_storage:packageDebugAssets' because:
[        ]   Simple merging task
[        ] Skipping task ':flutter_secure_storage:packageDebugAssets' as it is up-to-date.
[        ] work action resolve out (project :flutter_secure_storage) (Thread[Execution worker Thread 2,5,main]) started.
[        ] Resolve mutations for :health:mergeDebugShaders (Thread[Execution worker Thread 2,5,main]) started.
[        ] :health:mergeDebugShaders (Thread[Execution worker Thread 2,5,main]) started.
[        ] > Task :health:mergeDebugShaders UP-TO-DATE
[        ] Caching disabled for task ':health:mergeDebugShaders' because:
[        ]   Simple merging task
[        ] Skipping task ':health:mergeDebugShaders' as it is up-to-date.
[        ] Resolve mutations for :health:compileDebugShaders (Thread[Execution worker Thread 2,5,main]) started.
[        ] :health:compileDebugShaders (Thread[Execution worker Thread 2,5,main]) started.
[        ] > Task :health:compileDebugShaders NO-SOURCE
[        ] Skipping task ':health:compileDebugShaders' as it has no source files and no previous output files.
[        ] Resolve mutations for :health:generateDebugAssets (Thread[Execution worker Thread 2,5,main]) started.
[        ] :health:generateDebugAssets (Thread[Execution worker Thread 2,5,main]) started.
[        ] > Task :health:generateDebugAssets UP-TO-DATE
[        ] Skipping task ':health:generateDebugAssets' as it has no actions.
[        ] Resolve mutations for :health:packageDebugAssets (Thread[Execution worker Thread 2,5,main]) started.
[        ] :health:packageDebugAssets (Thread[Execution worker Thread 2,5,main]) started.
[        ] > Task :health:packageDebugAssets UP-TO-DATE
[        ] Caching disabled for task ':health:packageDebugAssets' because:
[        ]   Simple merging task
[        ] Skipping task ':health:packageDebugAssets' as it is up-to-date.
[        ] work action resolve out (project :health) (Thread[Execution worker Thread 2,5,main]) started.
[        ] Resolve mutations for :home_widget:mergeDebugShaders (Thread[Execution worker Thread 2,5,main]) started.
[        ] :home_widget:mergeDebugShaders (Thread[Execution worker Thread 2,5,main]) started.
[        ] > Task :home_widget:mergeDebugShaders UP-TO-DATE
[        ] Caching disabled for task ':home_widget:mergeDebugShaders' because:
[        ]   Simple merging task
[        ] Skipping task ':home_widget:mergeDebugShaders' as it is up-to-date.
[        ] Resolve mutations for :home_widget:compileDebugShaders (Thread[Execution worker Thread 2,5,main]) started.
[        ] :home_widget:compileDebugShaders (Thread[Execution worker Thread 2,5,main]) started.
[        ] > Task :home_widget:compileDebugShaders NO-SOURCE
[        ] Skipping task ':home_widget:compileDebugShaders' as it has no source files and no previous output files.
[        ] Resolve mutations for :home_widget:generateDebugAssets (Thread[Execution worker Thread 2,5,main]) started.
[        ] :home_widget:generateDebugAssets (Thread[Execution worker Thread 2,5,main]) started.
[        ] > Task :home_widget:generateDebugAssets UP-TO-DATE
[        ] Skipping task ':home_widget:generateDebugAssets' as it has no actions.
[        ] Resolve mutations for :home_widget:packageDebugAssets (Thread[Execution worker Thread 2,5,main]) started.
[        ] :home_widget:packageDebugAssets (Thread[Execution worker Thread 2,5,main]) started.
[        ] > Task :home_widget:packageDebugAssets UP-TO-DATE
[        ] Caching disabled for task ':home_widget:packageDebugAssets' because:
[        ]   Simple merging task
[        ] Skipping task ':home_widget:packageDebugAssets' as it is up-to-date.
[        ] work action resolve out (project :home_widget) (Thread[Execution worker Thread 2,5,main]) started.
[        ] Resolve mutations for :image_picker_android:mergeDebugShaders (Thread[Execution worker Thread 2,5,main]) started.
[        ] :image_picker_android:mergeDebugShaders (Thread[Execution worker Thread 2,5,main]) started.
[        ] > Task :image_picker_android:mergeDebugShaders UP-TO-DATE
[        ] Caching disabled for task ':image_picker_android:mergeDebugShaders' because:
[        ]   Simple merging task
[        ] Skipping task ':image_picker_android:mergeDebugShaders' as it is up-to-date.
[        ] Resolve mutations for :image_picker_android:compileDebugShaders (Thread[Execution worker,5,main]) started.
[        ] :image_picker_android:compileDebugShaders (Thread[Execution worker,5,main]) started.
[        ] > Task :image_picker_android:compileDebugShaders NO-SOURCE
[        ] Skipping task ':image_picker_android:compileDebugShaders' as it has no source files and no previous output files.
[        ] Resolve mutations for :image_picker_android:generateDebugAssets (Thread[Execution worker Thread 2,5,main]) started.
[        ] :image_picker_android:generateDebugAssets (Thread[Execution worker Thread 3,5,main]) started.
[        ] > Task :image_picker_android:generateDebugAssets UP-TO-DATE
[        ] Skipping task ':image_picker_android:generateDebugAssets' as it has no actions.
[        ] Resolve mutations for :image_picker_android:packageDebugAssets (Thread[Execution worker Thread 3,5,main]) started.
[        ] :image_picker_android:packageDebugAssets (Thread[Execution worker Thread 3,5,main]) started.
[        ] > Task :image_picker_android:packageDebugAssets UP-TO-DATE
[        ] Caching disabled for task ':image_picker_android:packageDebugAssets' because:
[        ]   Simple merging task
[        ] Skipping task ':image_picker_android:packageDebugAssets' as it is up-to-date.
[        ] work action resolve out (project :image_picker_android) (Thread[Execution worker Thread 3,5,main]) started.
[        ] Resolve mutations for :package_info_plus:mergeDebugShaders (Thread[Execution worker Thread 3,5,main]) started.
[        ] :package_info_plus:mergeDebugShaders (Thread[Execution worker Thread 3,5,main]) started.
[        ] > Task :package_info_plus:mergeDebugShaders UP-TO-DATE
[        ] Caching disabled for task ':package_info_plus:mergeDebugShaders' because:
[        ]   Simple merging task
[        ] Skipping task ':package_info_plus:mergeDebugShaders' as it is up-to-date.
[        ] Resolve mutations for :package_info_plus:compileDebugShaders (Thread[Execution worker Thread 3,5,main]) started.
[        ] :package_info_plus:compileDebugShaders (Thread[Execution worker Thread 3,5,main]) started.
[        ] > Task :package_info_plus:compileDebugShaders NO-SOURCE
[        ] Skipping task ':package_info_plus:compileDebugShaders' as it has no source files and no previous output files.
[        ] Resolve mutations for :package_info_plus:generateDebugAssets (Thread[Execution worker Thread 3,5,main]) started.
[        ] :package_info_plus:generateDebugAssets (Thread[Execution worker Thread 3,5,main]) started.
[        ] > Task :package_info_plus:generateDebugAssets UP-TO-DATE
[        ] Skipping task ':package_info_plus:generateDebugAssets' as it has no actions.
[        ] Resolve mutations for :package_info_plus:packageDebugAssets (Thread[Execution worker Thread 3,5,main]) started.
[        ] :package_info_plus:packageDebugAssets (Thread[Execution worker Thread 3,5,main]) started.
[  +69 ms] > Task :package_info_plus:packageDebugAssets UP-TO-DATE
[        ] Caching disabled for task ':package_info_plus:packageDebugAssets' because:
[        ]   Simple merging task
[        ] Skipping task ':package_info_plus:packageDebugAssets' as it is up-to-date.
[        ] work action resolve out (project :package_info_plus) (Thread[Execution worker Thread 3,5,main]) started.
[        ] Resolve mutations for :path_provider_android:mergeDebugShaders (Thread[Execution worker Thread 3,5,main]) started.
[        ] :path_provider_android:mergeDebugShaders (Thread[Execution worker Thread 3,5,main]) started.
[        ] > Task :path_provider_android:mergeDebugShaders UP-TO-DATE
[        ] Caching disabled for task ':path_provider_android:mergeDebugShaders' because:
[   +1 ms]   Simple merging task
[        ] Skipping task ':path_provider_android:mergeDebugShaders' as it is up-to-date.
[        ] Resolve mutations for :path_provider_android:compileDebugShaders (Thread[Execution worker Thread 3,5,main]) started.
[        ] :path_provider_android:compileDebugShaders (Thread[Execution worker Thread 3,5,main]) started.
[   +1 ms] > Task :path_provider_android:compileDebugShaders NO-SOURCE
[        ] Skipping task ':path_provider_android:compileDebugShaders' as it has no source files and no previous output files.
[        ] Resolve mutations for :path_provider_android:generateDebugAssets (Thread[Execution worker Thread 3,5,main]) started.
[        ] :path_provider_android:generateDebugAssets (Thread[Execution worker Thread 3,5,main]) started.
[        ] > Task :path_provider_android:generateDebugAssets UP-TO-DATE
[        ] Skipping task ':path_provider_android:generateDebugAssets' as it has no actions.
[        ] Resolve mutations for :path_provider_android:packageDebugAssets (Thread[Execution worker Thread 3,5,main]) started.
[        ] :path_provider_android:packageDebugAssets (Thread[Execution worker Thread 3,5,main]) started.
[        ] > Task :path_provider_android:packageDebugAssets UP-TO-DATE
[        ] Caching disabled for task ':path_provider_android:packageDebugAssets' because:
[        ]   Simple merging task
[        ] Skipping task ':path_provider_android:packageDebugAssets' as it is up-to-date.
[        ] work action resolve out (project :path_provider_android) (Thread[Execution worker Thread 3,5,main]) started.
[        ] Resolve mutations for :permission_handler_android:mergeDebugShaders (Thread[Execution worker Thread 3,5,main]) started.
[        ] :permission_handler_android:mergeDebugShaders (Thread[Execution worker Thread 3,5,main]) started.
[        ] > Task :permission_handler_android:mergeDebugShaders UP-TO-DATE
[        ] Caching disabled for task ':permission_handler_android:mergeDebugShaders' because:
[        ]   Simple merging task
[        ] Skipping task ':permission_handler_android:mergeDebugShaders' as it is up-to-date.
[        ] Resolve mutations for :permission_handler_android:compileDebugShaders (Thread[Execution worker,5,main]) started.
[        ] :permission_handler_android:compileDebugShaders (Thread[Execution worker,5,main]) started.
[        ] > Task :permission_handler_android:compileDebugShaders NO-SOURCE
[        ] Skipping task ':permission_handler_android:compileDebugShaders' as it has no source files and no previous output files.
[        ] Resolve mutations for :permission_handler_android:generateDebugAssets (Thread[Execution worker Thread 3,5,main]) started.
[        ] :permission_handler_android:generateDebugAssets (Thread[Execution worker Thread 3,5,main]) started.
[        ] > Task :permission_handler_android:generateDebugAssets UP-TO-DATE
[        ] Skipping task ':permission_handler_android:generateDebugAssets' as it has no actions.
[        ] Resolve mutations for :permission_handler_android:packageDebugAssets (Thread[Execution worker Thread 3,5,main]) started.
[        ] :permission_handler_android:packageDebugAssets (Thread[Execution worker Thread 3,5,main]) started.
[        ] > Task :permission_handler_android:packageDebugAssets UP-TO-DATE
[        ] Caching disabled for task ':permission_handler_android:packageDebugAssets' because:
[        ]   Simple merging task
[   +3 ms] Skipping task ':permission_handler_android:packageDebugAssets' as it is up-to-date.
[        ] work action resolve out (project :permission_handler_android) (Thread[Execution worker Thread 3,5,main]) started.
[   +1 ms] Resolve mutations for :shared_preferences_android:mergeDebugShaders (Thread[Execution worker,5,main]) started.
[   +2 ms] :shared_preferences_android:mergeDebugShaders (Thread[Execution worker,5,main]) started.
[        ] > Task :shared_preferences_android:mergeDebugShaders UP-TO-DATE
[        ] Caching disabled for task ':shared_preferences_android:mergeDebugShaders' because:
[        ]   Simple merging task
[        ] Skipping task ':shared_preferences_android:mergeDebugShaders' as it is up-to-date.
[        ] Resolve mutations for :shared_preferences_android:compileDebugShaders (Thread[Execution worker Thread 3,5,main]) started.
[        ] :shared_preferences_android:compileDebugShaders (Thread[Execution worker Thread 3,5,main]) started.
[        ] > Task :shared_preferences_android:compileDebugShaders NO-SOURCE
[        ] Skipping task ':shared_preferences_android:compileDebugShaders' as it has no source files and no previous output files.
[        ] Resolve mutations for :shared_preferences_android:generateDebugAssets (Thread[Execution worker,5,main]) started.
[        ] :shared_preferences_android:generateDebugAssets (Thread[Execution worker,5,main]) started.
[        ] > Task :shared_preferences_android:generateDebugAssets UP-TO-DATE
[        ] Skipping task ':shared_preferences_android:generateDebugAssets' as it has no actions.
[        ] Resolve mutations for :shared_preferences_android:packageDebugAssets (Thread[Execution worker,5,main]) started.
[        ] :shared_preferences_android:packageDebugAssets (Thread[Execution worker,5,main]) started.
[        ] > Task :shared_preferences_android:packageDebugAssets UP-TO-DATE
[        ] Caching disabled for task ':shared_preferences_android:packageDebugAssets' because:
[        ]   Simple merging task
[        ] Skipping task ':shared_preferences_android:packageDebugAssets' as it is up-to-date.
[        ] work action resolve out (project :shared_preferences_android) (Thread[Execution worker,5,main]) started.
[        ] Resolve mutations for :sqlite3_flutter_libs:mergeDebugShaders (Thread[Execution worker,5,main]) started.
[        ] :sqlite3_flutter_libs:mergeDebugShaders (Thread[Execution worker,5,main]) started.
[        ] > Task :sqlite3_flutter_libs:mergeDebugShaders UP-TO-DATE
[        ] Caching disabled for task ':sqlite3_flutter_libs:mergeDebugShaders' because:
[        ]   Simple merging task
[        ] Skipping task ':sqlite3_flutter_libs:mergeDebugShaders' as it is up-to-date.
[        ] Resolve mutations for :sqlite3_flutter_libs:compileDebugShaders (Thread[Execution worker,5,main]) started.
[        ] :sqlite3_flutter_libs:compileDebugShaders (Thread[Execution worker,5,main]) started.
[        ] > Task :sqlite3_flutter_libs:compileDebugShaders NO-SOURCE
[        ] Skipping task ':sqlite3_flutter_libs:compileDebugShaders' as it has no source files and no previous output files.
[   +2 ms] Resolve mutations for :sqlite3_flutter_libs:generateDebugAssets (Thread[Execution worker Thread 3,5,main]) started.
[        ] :sqlite3_flutter_libs:generateDebugAssets (Thread[Execution worker Thread 3,5,main]) started.
[        ] > Task :sqlite3_flutter_libs:generateDebugAssets UP-TO-DATE
[        ] Skipping task ':sqlite3_flutter_libs:generateDebugAssets' as it has no actions.
[        ] Resolve mutations for :sqlite3_flutter_libs:packageDebugAssets (Thread[Execution worker Thread 3,5,main]) started.
[        ] :sqlite3_flutter_libs:packageDebugAssets (Thread[Execution worker Thread 3,5,main]) started.
[        ] > Task :sqlite3_flutter_libs:packageDebugAssets UP-TO-DATE
[        ] Caching disabled for task ':sqlite3_flutter_libs:packageDebugAssets' because:
[        ]   Simple merging task
[        ] Skipping task ':sqlite3_flutter_libs:packageDebugAssets' as it is up-to-date.
[        ] work action resolve out (project :sqlite3_flutter_libs) (Thread[Execution worker Thread 3,5,main]) started.
[        ] Resolve mutations for :url_launcher_android:mergeDebugShaders (Thread[Execution worker Thread 3,5,main]) started.
[        ] :url_launcher_android:mergeDebugShaders (Thread[Execution worker Thread 3,5,main]) started.
[        ] > Task :url_launcher_android:mergeDebugShaders UP-TO-DATE
[        ] Caching disabled for task ':url_launcher_android:mergeDebugShaders' because:
[        ]   Simple merging task
[        ] Skipping task ':url_launcher_android:mergeDebugShaders' as it is up-to-date.
[        ] Resolve mutations for :url_launcher_android:compileDebugShaders (Thread[Execution worker,5,main]) started.
[        ] :url_launcher_android:compileDebugShaders (Thread[Execution worker Thread 2,5,main]) started.
[        ] > Task :url_launcher_android:compileDebugShaders NO-SOURCE
[        ] Skipping task ':url_launcher_android:compileDebugShaders' as it has no source files and no previous output files.
[        ] Resolve mutations for :url_launcher_android:generateDebugAssets (Thread[Execution worker Thread 3,5,main]) started.
[        ] :url_launcher_android:generateDebugAssets (Thread[Execution worker Thread 3,5,main]) started.
[        ] > Task :url_launcher_android:generateDebugAssets UP-TO-DATE
[        ] Skipping task ':url_launcher_android:generateDebugAssets' as it has no actions.
[        ] Resolve mutations for :url_launcher_android:packageDebugAssets (Thread[Execution worker Thread 2,5,main]) started.
[        ] :url_launcher_android:packageDebugAssets (Thread[Execution worker Thread 2,5,main]) started.
[        ] > Task :url_launcher_android:packageDebugAssets UP-TO-DATE
[        ] Caching disabled for task ':url_launcher_android:packageDebugAssets' because:
[        ]   Simple merging task
[        ] Skipping task ':url_launcher_android:packageDebugAssets' as it is up-to-date.
[   +3 ms] work action resolve out (project :url_launcher_android) (Thread[Execution worker Thread 3,5,main]) started.
[        ] Resolve mutations for :wakelock_plus:mergeDebugShaders (Thread[Execution worker Thread 3,5,main]) started.
[        ] :wakelock_plus:mergeDebugShaders (Thread[Execution worker Thread 3,5,main]) started.
[        ] > Task :wakelock_plus:mergeDebugShaders UP-TO-DATE
[        ] Caching disabled for task ':wakelock_plus:mergeDebugShaders' because:
[        ]   Simple merging task
[        ] Skipping task ':wakelock_plus:mergeDebugShaders' as it is up-to-date.
[        ] Resolve mutations for :wakelock_plus:compileDebugShaders (Thread[Execution worker Thread 3,5,main]) started.
[        ] :wakelock_plus:compileDebugShaders (Thread[Execution worker Thread 3,5,main]) started.
[        ] > Task :wakelock_plus:compileDebugShaders NO-SOURCE
[        ] Skipping task ':wakelock_plus:compileDebugShaders' as it has no source files and no previous output files.
[        ] Resolve mutations for :wakelock_plus:generateDebugAssets (Thread[Execution worker Thread 2,5,main]) started.
[   +1 ms] :wakelock_plus:generateDebugAssets (Thread[Execution worker Thread 2,5,main]) started.
[        ] > Task :wakelock_plus:generateDebugAssets UP-TO-DATE
[        ] Skipping task ':wakelock_plus:generateDebugAssets' as it has no actions.
[        ] Resolve mutations for :wakelock_plus:packageDebugAssets (Thread[Execution worker Thread 2,5,main]) started.
[        ] :wakelock_plus:packageDebugAssets (Thread[Execution worker Thread 2,5,main]) started.
[        ] > Task :wakelock_plus:packageDebugAssets UP-TO-DATE
[   +2 ms] Caching disabled for task ':wakelock_plus:packageDebugAssets' because:
[        ]   Simple merging task
[        ] Skipping task ':wakelock_plus:packageDebugAssets' as it is up-to-date.
[        ] work action resolve out (project :wakelock_plus) (Thread[Execution worker Thread 3,5,main]) started.
[        ] Resolve mutations for :webview_flutter_android:mergeDebugShaders (Thread[Execution worker,5,main]) started.
[        ] :webview_flutter_android:mergeDebugShaders (Thread[Execution worker,5,main]) started.
[        ] > Task :webview_flutter_android:mergeDebugShaders UP-TO-DATE
[        ] Caching disabled for task ':webview_flutter_android:mergeDebugShaders' because:
[        ]   Simple merging task
[        ] Skipping task ':webview_flutter_android:mergeDebugShaders' as it is up-to-date.
[        ] Resolve mutations for :webview_flutter_android:compileDebugShaders (Thread[Execution worker Thread 3,5,main]) started.
[        ] :webview_flutter_android:compileDebugShaders (Thread[Execution worker Thread 3,5,main]) started.
[        ] > Task :webview_flutter_android:compileDebugShaders NO-SOURCE
[        ] Skipping task ':webview_flutter_android:compileDebugShaders' as it has no source files and no previous output files.
[        ] Resolve mutations for :webview_flutter_android:generateDebugAssets (Thread[Execution worker,5,main]) started.
[        ] :webview_flutter_android:generateDebugAssets (Thread[Execution worker Thread 2,5,main]) started.
[        ] > Task :webview_flutter_android:generateDebugAssets UP-TO-DATE
[        ] Skipping task ':webview_flutter_android:generateDebugAssets' as it has no actions.
[        ] Resolve mutations for :webview_flutter_android:packageDebugAssets (Thread[Execution worker Thread 2,5,main]) started.
[        ] :webview_flutter_android:packageDebugAssets (Thread[Execution worker Thread 2,5,main]) started.
[        ] > Task :webview_flutter_android:packageDebugAssets UP-TO-DATE
[        ] Caching disabled for task ':webview_flutter_android:packageDebugAssets' because:
[        ]   Simple merging task
[        ] Skipping task ':webview_flutter_android:packageDebugAssets' as it is up-to-date.
[        ] work action resolve out (project :webview_flutter_android) (Thread[Execution worker Thread 3,5,main]) started.
[        ] Resolve mutations for :app:mergeDebugAssets (Thread[Execution worker Thread 3,5,main]) started.
[        ] :app:mergeDebugAssets (Thread[Execution worker Thread 2,5,main]) started.
[+1960 ms] > Task :app:mergeDebugAssets
[        ] Invalidating in-memory cache of /home/abisin/.gradle/caches/journal-1/file-access.bin
[+1299 ms] > Task :app:checkDebugAarMetadata FAILED
[ +999 ms] > Task :app:mergeDebugAssets
[        ] Caching disabled for task ':app:mergeDebugAssets' because:
[        ]   Simple merging task
[        ] Task ':app:mergeDebugAssets' is not up-to-date because:
[        ]   Output property 'outputDir' file /home/abisin/Desktop/momentum/build/app/intermediates/assets/debug/mergeDebugAssets has been removed.
[  +99 ms] The input changes require a full rebuild for incremental task ':app:mergeDebugAssets'.
[+1103 ms] [Incubating] Problems report is available at: file:///home/abisin/Desktop/momentum/build/reports/problems/problems-report.html
[        ] Deprecated Gradle features were used in this build, making it incompatible with Gradle 9.0.
[        ] You can use '--warning-mode all' to show the individual deprecation warnings and determine if they come from your own scripts or plugins.
[        ] For more on this, please refer to https://docs.gradle.org/8.13/userguide/command_line_interface.html#sec:command_line_warnings in the Gradle documentation.
[        ] 92 actionable tasks: 6 executed, 86 up-to-date
[        ] FAILURE: Build failed with an exception.
[        ] * What went wrong:
[        ] Execution failed for task ':app:checkDebugAarMetadata'.
[        ] > A failure occurred while executing com.android.build.gradle.internal.tasks.CheckAarMetadataWorkAction
[        ]    > 11 issues were found when checking AAR metadata:
[        ]        1.  Dependency ':flutter_local_notifications' requires core library desugaring to be enabled
[        ]            for :app.
[        ]            See https://developer.android.com/studio/write/java8-support.html for more
[        ]            details.
[        ]        2.  Dependency 'androidx.browser:browser:1.9.0' requires libraries and applications that
[        ]            depend on it to compile against version 36 or later of the
[        ]            Android APIs.
[        ]            :app is currently compiled against android-34.
[        ]            Also, the maximum recommended compile SDK version for Android Gradle
[        ]            plugin 8.8.0 is 35.
[        ]            Recommended action: Update this project's version of the Android Gradle
[        ]            plugin to one that supports 36, then update this project to use
[        ]            compileSdk of at least 36.
[        ]            Note that updating a library or application's compileSdk (which
[        ]            allows newer APIs to be used) can be done separately from updating
[        ]            targetSdk (which opts the app in to new runtime behavior) and
[        ]            minSdk (which determines which devices the app can be installed
[        ]            on).
[        ]        3.  Dependency 'androidx.browser:browser:1.9.0' requires Android Gradle plugin 8.9.1 or higher.
[        ]            This build currently uses Android Gradle plugin 8.8.0.
[        ]        4.  Dependency 'androidx.activity:activity-ktx:1.11.0' requires libraries and applications that
[        ]            depend on it to compile against version 36 or later of the
[        ]            Android APIs.
[        ]            :app is currently compiled against android-34.
[        ]            Also, the maximum recommended compile SDK version for Android Gradle
[        ]            plugin 8.8.0 is 35.
[        ]            Recommended action: Update this project's version of the Android Gradle
[        ]            plugin to one that supports 36, then update this project to use
[        ]            compileSdk of at least 36.
[        ]            Note that updating a library or application's compileSdk (which
[        ]            allows newer APIs to be used) can be done separately from updating
[        ]            targetSdk (which opts the app in to new runtime behavior) and
[        ]            minSdk (which determines which devices the app can be installed
[        ]            on).
[        ]        5.  Dependency 'androidx.activity:activity-ktx:1.11.0' requires Android Gradle plugin 8.9.1 or higher.
[        ]            This build currently uses Android Gradle plugin 8.8.0.
[        ]        6.  Dependency 'androidx.activity:activity:1.11.0' requires libraries and applications that
[        ]            depend on it to compile against version 36 or later of the
[        ]            Android APIs.
[        ]            :app is currently compiled against android-34.
[        ]            Also, the maximum recommended compile SDK version for Android Gradle
[        ]            plugin 8.8.0 is 35.
[        ]            Recommended action: Update this project's version of the Android Gradle
[        ]            plugin to one that supports 36, then update this project to use
[        ]            compileSdk of at least 36.
[        ]            Note that updating a library or application's compileSdk (which
[        ]            allows newer APIs to be used) can be done separately from updating
[        ]            targetSdk (which opts the app in to new runtime behavior) and
[        ]            minSdk (which determines which devices the app can be installed
[        ]            on).
[        ]        7.  Dependency 'androidx.activity:activity:1.11.0' requires Android Gradle plugin 8.9.1 or higher.
[        ]            This build currently uses Android Gradle plugin 8.8.0.
[        ]        8.  Dependency 'androidx.core:core-ktx:1.17.0' requires libraries and applications that
[        ]            depend on it to compile against version 36 or later of the
[        ]            Android APIs.
[        ]            :app is currently compiled against android-34.
[        ]            Also, the maximum recommended compile SDK version for Android Gradle
[        ]            plugin 8.8.0 is 35.
[        ]            Recommended action: Update this project's version of the Android Gradle
[        ]            plugin to one that supports 36, then update this project to use
[        ]            compileSdk of at least 36.
[        ]            Note that updating a library or application's compileSdk (which
[        ]            allows newer APIs to be used) can be done separately from updating
[        ]            targetSdk (which opts the app in to new runtime behavior) and
[        ]            minSdk (which determines which devices the app can be installed
[        ]            on).
[        ]        9.  Dependency 'androidx.core:core-ktx:1.17.0' requires Android Gradle plugin 8.9.1 or higher.
[        ]            This build currently uses Android Gradle plugin 8.8.0.
[        ]       10.  Dependency 'androidx.core:core:1.17.0' requires libraries and applications that
[        ]            depend on it to compile against version 36 or later of the
[        ]            Android APIs.
[        ]            :app is currently compiled against android-34.
[        ]            Also, the maximum recommended compile SDK version for Android Gradle
[        ]            plugin 8.8.0 is 35.
[        ]            Recommended action: Update this project's version of the Android Gradle
[        ]            plugin to one that supports 36, then update this project to use
[        ]            compileSdk of at least 36.
[        ]            Note that updating a library or application's compileSdk (which
[        ]            allows newer APIs to be used) can be done separately from updating
[        ]            targetSdk (which opts the app in to new runtime behavior) and
[        ]            minSdk (which determines which devices the app can be installed
[        ]            on).
[        ]       11.  Dependency 'androidx.core:core:1.17.0' requires Android Gradle plugin 8.9.1 or higher.
[        ]            This build currently uses Android Gradle plugin 8.8.0.
[        ] * Try:
[        ] > Run with --debug option to get more log output.
[        ] > Run with --scan to get full insights.
[        ] > Get more help at https://help.gradle.org.
[        ] * Exception is:
[        ] org.gradle.api.tasks.TaskExecutionException: Execution failed for task ':app:checkDebugAarMetadata'.
[        ] 	at org.gradle.api.internal.tasks.execution.ExecuteActionsTaskExecuter.lambda$executeIfValid$1(ExecuteActionsTaskExecuter.java:130)
[        ] 	at org.gradle.internal.Try$Failure.ifSuccessfulOrElse(Try.java:293)
[        ] 	at org.gradle.api.internal.tasks.execution.ExecuteActionsTaskExecuter.executeIfValid(ExecuteActionsTaskExecuter.java:128)
[        ] 	at org.gradle.api.internal.tasks.execution.ExecuteActionsTaskExecuter.execute(ExecuteActionsTaskExecuter.java:116)
[        ] 	at org.gradle.api.internal.tasks.execution.ProblemsTaskPathTrackingTaskExecuter.execute(ProblemsTaskPathTrackingTaskExecuter.java:40)
[        ] 	at org.gradle.api.internal.tasks.execution.FinalizePropertiesTaskExecuter.execute(FinalizePropertiesTaskExecuter.java:46)
[        ] 	at org.gradle.api.internal.tasks.execution.ResolveTaskExecutionModeExecuter.execute(ResolveTaskExecutionModeExecuter.java:51)
[        ] 	at org.gradle.api.internal.tasks.execution.SkipTaskWithNoActionsExecuter.execute(SkipTaskWithNoActionsExecuter.java:57)
[        ] 	at org.gradle.api.internal.tasks.execution.SkipOnlyIfTaskExecuter.execute(SkipOnlyIfTaskExecuter.java:74)
[        ] 	at org.gradle.api.internal.tasks.execution.CatchExceptionTaskExecuter.execute(CatchExceptionTaskExecuter.java:36)
[        ] 	at org.gradle.api.internal.tasks.execution.EventFiringTaskExecuter$1.executeTask(EventFiringTaskExecuter.java:77)
[        ] 	at org.gradle.api.internal.tasks.execution.EventFiringTaskExecuter$1.call(EventFiringTaskExecuter.java:55)
[        ] 	at org.gradle.api.internal.tasks.execution.EventFiringTaskExecuter$1.call(EventFiringTaskExecuter.java:52)
[        ] 	at org.gradle.internal.operations.DefaultBuildOperationRunner$CallableBuildOperationWorker.execute(DefaultBuildOperationRunner.java:210)
[        ] 	at org.gradle.internal.operations.DefaultBuildOperationRunner$CallableBuildOperationWorker.execute(DefaultBuildOperationRunner.java:205)
[        ] 	at org.gradle.internal.operations.DefaultBuildOperationRunner$2.execute(DefaultBuildOperationRunner.java:67)
[        ] 	at org.gradle.internal.operations.DefaultBuildOperationRunner$2.execute(DefaultBuildOperationRunner.java:60)
[        ] 	at org.gradle.internal.operations.DefaultBuildOperationRunner.execute(DefaultBuildOperationRunner.java:167)
[        ] 	at org.gradle.internal.operations.DefaultBuildOperationRunner.execute(DefaultBuildOperationRunner.java:60)
[        ] 	at org.gradle.internal.operations.DefaultBuildOperationRunner.call(DefaultBuildOperationRunner.java:54)
[        ] 	at org.gradle.api.internal.tasks.execution.EventFiringTaskExecuter.execute(EventFiringTaskExecuter.java:52)
[        ] 	at org.gradle.execution.plan.LocalTaskNodeExecutor.execute(LocalTaskNodeExecutor.java:42)
[        ] 	at org.gradle.execution.taskgraph.DefaultTaskExecutionGraph$InvokeNodeExecutorsAction.execute(DefaultTaskExecutionGraph.java:331)
[        ] 	at org.gradle.execution.taskgraph.DefaultTaskExecutionGraph$InvokeNodeExecutorsAction.execute(DefaultTaskExecutionGraph.java:318)
[        ] 	at org.gradle.execution.taskgraph.DefaultTaskExecutionGraph$BuildOperationAwareExecutionAction.lambda$execute$0(DefaultTaskExecutionGraph.java:314)
[        ] 	at org.gradle.internal.operations.CurrentBuildOperationRef.with(CurrentBuildOperationRef.java:85)
[        ] 	at org.gradle.execution.taskgraph.DefaultTaskExecutionGraph$BuildOperationAwareExecutionAction.execute(DefaultTaskExecutionGraph.java:314)
[        ] 	at org.gradle.execution.taskgraph.DefaultTaskExecutionGraph$BuildOperationAwareExecutionAction.execute(DefaultTaskExecutionGraph.java:303)
[        ] 	at org.gradle.execution.plan.DefaultPlanExecutor$ExecutorWorker.execute(DefaultPlanExecutor.java:459)
[        ] 	at org.gradle.execution.plan.DefaultPlanExecutor$ExecutorWorker.run(DefaultPlanExecutor.java:376)
[        ] 	at org.gradle.execution.plan.DefaultPlanExecutor.process(DefaultPlanExecutor.java:111)
[        ] 	at org.gradle.execution.taskgraph.DefaultTaskExecutionGraph.executeWithServices(DefaultTaskExecutionGraph.java:138)
[        ] 	at org.gradle.execution.taskgraph.DefaultTaskExecutionGraph.execute(DefaultTaskExecutionGraph.java:123)
[        ] 	at org.gradle.execution.SelectedTaskExecutionAction.execute(SelectedTaskExecutionAction.java:35)
[        ] 	at org.gradle.execution.DryRunBuildExecutionAction.execute(DryRunBuildExecutionAction.java:51)
[        ] 	at org.gradle.execution.BuildOperationFiringBuildWorkerExecutor$ExecuteTasks.call(BuildOperationFiringBuildWorkerExecutor.java:54)
[        ] 	at org.gradle.execution.BuildOperationFiringBuildWorkerExecutor$ExecuteTasks.call(BuildOperationFiringBuildWorkerExecutor.java:43)
[        ] 	at org.gradle.internal.operations.DefaultBuildOperationRunner$CallableBuildOperationWorker.execute(DefaultBuildOperationRunner.java:210)
[        ] 	at org.gradle.internal.operations.DefaultBuildOperationRunner$CallableBuildOperationWorker.execute(DefaultBuildOperationRunner.java:205)
[        ] 	at org.gradle.internal.operations.DefaultBuildOperationRunner$2.execute(DefaultBuildOperationRunner.java:67)
[        ] 	at org.gradle.internal.operations.DefaultBuildOperationRunner$2.execute(DefaultBuildOperationRunner.java:60)
[        ] 	at org.gradle.internal.operations.DefaultBuildOperationRunner.execute(DefaultBuildOperationRunner.java:167)
[        ] 	at org.gradle.internal.operations.DefaultBuildOperationRunner.execute(DefaultBuildOperationRunner.java:60)
[        ] 	at org.gradle.internal.operations.DefaultBuildOperationRunner.call(DefaultBuildOperationRunner.java:54)
[        ] 	at org.gradle.execution.BuildOperationFiringBuildWorkerExecutor.execute(BuildOperationFiringBuildWorkerExecutor.java:40)
[        ] 	at org.gradle.internal.build.DefaultBuildLifecycleController.lambda$executeTasks$10(DefaultBuildLifecycleController.java:313)
[        ] 	at org.gradle.internal.model.StateTransitionController.doTransition(StateTransitionController.java:266)
[        ] 	at org.gradle.internal.model.StateTransitionController.lambda$tryTransition$8(StateTransitionController.java:177)
[        ] 	at org.gradle.internal.work.DefaultSynchronizer.withLock(DefaultSynchronizer.java:46)
[        ] 	at org.gradle.internal.model.StateTransitionController.tryTransition(StateTransitionController.java:177)
[        ] 	at org.gradle.internal.build.DefaultBuildLifecycleController.executeTasks(DefaultBuildLifecycleController.java:304)
[        ] 	at org.gradle.internal.build.DefaultBuildWorkGraphController$DefaultBuildWorkGraph.runWork(DefaultBuildWorkGraphController.java:220)
[        ] 	at org.gradle.internal.work.DefaultWorkerLeaseService.withLocks(DefaultWorkerLeaseService.java:263)
[        ] 	at org.gradle.internal.work.DefaultWorkerLeaseService.runAsWorkerThread(DefaultWorkerLeaseService.java:127)
[        ] 	at org.gradle.composite.internal.DefaultBuildController.doRun(DefaultBuildController.java:181)
[        ] 	at org.gradle.composite.internal.DefaultBuildController.access$000(DefaultBuildController.java:50)
[        ] 	at org.gradle.composite.internal.DefaultBuildController$BuildOpRunnable.lambda$run$0(DefaultBuildController.java:198)
[        ] 	at org.gradle.internal.operations.CurrentBuildOperationRef.with(CurrentBuildOperationRef.java:85)
[        ] 	at org.gradle.composite.internal.DefaultBuildController$BuildOpRunnable.run(DefaultBuildController.java:198)
[        ] 	at java.base/java.util.concurrent.Executors$RunnableAdapter.call(Executors.java:539)
[        ] 	at java.base/java.util.concurrent.FutureTask.run(FutureTask.java:264)
[        ] 	at org.gradle.internal.concurrent.ExecutorPolicy$CatchAndRecordFailures.onExecute(ExecutorPolicy.java:64)
[        ] 	at org.gradle.internal.concurrent.AbstractManagedExecutor$1.run(AbstractManagedExecutor.java:48)
[        ] 	at java.base/java.util.concurrent.ThreadPoolExecutor.runWorker(ThreadPoolExecutor.java:1136)
[        ] 	at java.base/java.util.concurrent.ThreadPoolExecutor$Worker.run(ThreadPoolExecutor.java:635)
[        ] 	at java.base/java.lang.Thread.run(Thread.java:840)
[        ] Caused by: org.gradle.workers.internal.DefaultWorkerExecutor$WorkExecutionException: A failure occurred while executing com.android.build.gradle.internal.tasks.CheckAarMetadataWorkAction
[        ] 	at org.gradle.workers.internal.DefaultWorkerExecutor$WorkItemExecution.waitForCompletion(DefaultWorkerExecutor.java:287)
[        ] 	at org.gradle.internal.work.DefaultAsyncWorkTracker.lambda$waitForItemsAndGatherFailures$2(DefaultAsyncWorkTracker.java:130)
[        ] 	at org.gradle.internal.Factories$1.create(Factories.java:31)
[        ] 	at org.gradle.internal.work.DefaultWorkerLeaseService.withoutLocks(DefaultWorkerLeaseService.java:335)
[        ] 	at org.gradle.internal.work.DefaultWorkerLeaseService.withoutLocks(DefaultWorkerLeaseService.java:318)
[        ] 	at org.gradle.internal.work.DefaultWorkerLeaseService.withoutLock(DefaultWorkerLeaseService.java:323)
[        ] 	at org.gradle.internal.work.DefaultAsyncWorkTracker.waitForItemsAndGatherFailures(DefaultAsyncWorkTracker.java:126)
[        ] 	at org.gradle.internal.work.DefaultAsyncWorkTracker.waitForItemsAndGatherFailures(DefaultAsyncWorkTracker.java:92)
[        ] 	at org.gradle.internal.work.DefaultAsyncWorkTracker.waitForAll(DefaultAsyncWorkTracker.java:78)
[        ] 	at org.gradle.internal.work.DefaultAsyncWorkTracker.waitForCompletion(DefaultAsyncWorkTracker.java:66)
[        ] 	at org.gradle.api.internal.tasks.execution.TaskExecution$3.run(TaskExecution.java:252)
[        ] 	at org.gradle.internal.operations.DefaultBuildOperationRunner$1.execute(DefaultBuildOperationRunner.java:30)
[        ] 	at org.gradle.internal.operations.DefaultBuildOperationRunner$1.execute(DefaultBuildOperationRunner.java:27)
[        ] 	at org.gradle.internal.operations.DefaultBuildOperationRunner$2.execute(DefaultBuildOperationRunner.java:67)
[        ] 	at org.gradle.internal.operations.DefaultBuildOperationRunner$2.execute(DefaultBuildOperationRunner.java:60)
[        ] 	at org.gradle.internal.operations.DefaultBuildOperationRunner.execute(DefaultBuildOperationRunner.java:167)
[        ] 	at org.gradle.internal.operations.DefaultBuildOperationRunner.execute(DefaultBuildOperationRunner.java:60)
[        ] 	at org.gradle.internal.operations.DefaultBuildOperationRunner.run(DefaultBuildOperationRunner.java:48)
[        ] 	at org.gradle.api.internal.tasks.execution.TaskExecution.executeAction(TaskExecution.java:229)
[        ] 	at org.gradle.api.internal.tasks.execution.TaskExecution.executeActions(TaskExecution.java:212)
[        ] 	at org.gradle.api.internal.tasks.execution.TaskExecution.executeWithPreviousOutputFiles(TaskExecution.java:195)
[        ] 	at org.gradle.api.internal.tasks.execution.TaskExecution.execute(TaskExecution.java:162)
[        ] 	at org.gradle.internal.execution.steps.ExecuteStep.executeInternal(ExecuteStep.java:105)
[        ] 	at org.gradle.internal.execution.steps.ExecuteStep.access$000(ExecuteStep.java:44)
[        ] 	at org.gradle.internal.execution.steps.ExecuteStep$1.call(ExecuteStep.java:59)
[        ] 	at org.gradle.internal.execution.steps.ExecuteStep$1.call(ExecuteStep.java:56)
[        ] 	at org.gradle.internal.operations.DefaultBuildOperationRunner$CallableBuildOperationWorker.execute(DefaultBuildOperationRunner.java:210)
[        ] 	at org.gradle.internal.operations.DefaultBuildOperationRunner$CallableBuildOperationWorker.execute(DefaultBuildOperationRunner.java:205)
[        ] 	at org.gradle.internal.operations.DefaultBuildOperationRunner$2.execute(DefaultBuildOperationRunner.java:67)
[        ] 	at org.gradle.internal.operations.DefaultBuildOperationRunner$2.execute(DefaultBuildOperationRunner.java:60)
[        ] 	at org.gradle.internal.operations.DefaultBuildOperationRunner.execute(DefaultBuildOperationRunner.java:167)
[        ] 	at org.gradle.internal.operations.DefaultBuildOperationRunner.execute(DefaultBuildOperationRunner.java:60)
[        ] 	at org.gradle.internal.operations.DefaultBuildOperationRunner.call(DefaultBuildOperationRunner.java:54)
[        ] 	at org.gradle.internal.execution.steps.ExecuteStep.execute(ExecuteStep.java:56)
[        ] 	at org.gradle.internal.execution.steps.ExecuteStep.execute(ExecuteStep.java:44)
[        ] 	at org.gradle.internal.execution.steps.CancelExecutionStep.execute(CancelExecutionStep.java:42)
[        ] 	at org.gradle.internal.execution.steps.TimeoutStep.executeWithoutTimeout(TimeoutStep.java:75)
[        ] 	at org.gradle.internal.execution.steps.TimeoutStep.execute(TimeoutStep.java:55)
[        ] 	at org.gradle.internal.execution.steps.PreCreateOutputParentsStep.execute(PreCreateOutputParentsStep.java:50)
[        ] 	at org.gradle.internal.execution.steps.PreCreateOutputParentsStep.execute(PreCreateOutputParentsStep.java:28)
[        ] 	at org.gradle.internal.execution.steps.RemovePreviousOutputsStep.execute(RemovePreviousOutputsStep.java:67)
[        ] 	at org.gradle.internal.execution.steps.RemovePreviousOutputsStep.execute(RemovePreviousOutputsStep.java:37)
[        ] 	at org.gradle.internal.execution.steps.BroadcastChangingOutputsStep.execute(BroadcastChangingOutputsStep.java:61)
[        ] 	at org.gradle.internal.execution.steps.BroadcastChangingOutputsStep.execute(BroadcastChangingOutputsStep.java:26)
[        ] 	at org.gradle.internal.execution.steps.CaptureOutputsAfterExecutionStep.execute(CaptureOutputsAfterExecutionStep.java:69)
[        ] 	at org.gradle.internal.execution.steps.CaptureOutputsAfterExecutionStep.execute(CaptureOutputsAfterExecutionStep.java:46)
[        ] 	at org.gradle.internal.execution.steps.ResolveInputChangesStep.execute(ResolveInputChangesStep.java:40)
[        ] 	at org.gradle.internal.execution.steps.ResolveInputChangesStep.execute(ResolveInputChangesStep.java:29)
[        ] 	at org.gradle.internal.execution.steps.BuildCacheStep.executeWithoutCache(BuildCacheStep.java:189)
[        ] 	at org.gradle.internal.execution.steps.BuildCacheStep.lambda$execute$1(BuildCacheStep.java:75)
[        ] 	at org.gradle.internal.Either$Right.fold(Either.java:175)
[        ] 	at org.gradle.internal.execution.caching.CachingState.fold(CachingState.java:62)
[        ] 	at org.gradle.internal.execution.steps.BuildCacheStep.execute(BuildCacheStep.java:73)
[        ] 	at org.gradle.internal.execution.steps.BuildCacheStep.execute(BuildCacheStep.java:48)
[        ] 	at org.gradle.internal.execution.steps.StoreExecutionStateStep.execute(StoreExecutionStateStep.java:46)
[        ] 	at org.gradle.internal.execution.steps.StoreExecutionStateStep.execute(StoreExecutionStateStep.java:35)
[        ] 	at org.gradle.internal.execution.steps.SkipUpToDateStep.executeBecause(SkipUpToDateStep.java:75)
[        ] 	at org.gradle.internal.execution.steps.SkipUpToDateStep.lambda$execute$2(SkipUpToDateStep.java:53)
[        ] 	at java.base/java.util.Optional.orElseGet(Optional.java:364)
[        ] 	at org.gradle.internal.execution.steps.SkipUpToDateStep.execute(SkipUpToDateStep.java:53)
[        ] 	at org.gradle.internal.execution.steps.SkipUpToDateStep.execute(SkipUpToDateStep.java:35)
[        ] 	at org.gradle.internal.execution.steps.legacy.MarkSnapshottingInputsFinishedStep.execute(MarkSnapshottingInputsFinishedStep.java:37)
[        ] 	at org.gradle.internal.execution.steps.legacy.MarkSnapshottingInputsFinishedStep.execute(MarkSnapshottingInputsFinishedStep.java:27)
[        ] 	at org.gradle.internal.execution.steps.ResolveIncrementalCachingStateStep.executeDelegate(ResolveIncrementalCachingStateStep.java:49)
[        ] 	at org.gradle.internal.execution.steps.ResolveIncrementalCachingStateStep.executeDelegate(ResolveIncrementalCachingStateStep.java:27)
[        ] 	at org.gradle.internal.execution.steps.AbstractResolveCachingStateStep.execute(AbstractResolveCachingStateStep.java:71)
[        ] 	at org.gradle.internal.execution.steps.AbstractResolveCachingStateStep.execute(AbstractResolveCachingStateStep.java:39)
[        ] 	at org.gradle.internal.execution.steps.ResolveChangesStep.execute(ResolveChangesStep.java:65)
[        ] 	at org.gradle.internal.execution.steps.ResolveChangesStep.execute(ResolveChangesStep.java:36)
[        ] 	at org.gradle.internal.execution.steps.ValidateStep.execute(ValidateStep.java:107)
[        ] 	at org.gradle.internal.execution.steps.ValidateStep.execute(ValidateStep.java:56)
[        ] 	at org.gradle.internal.execution.steps.AbstractCaptureStateBeforeExecutionStep.execute(AbstractCaptureStateBeforeExecutionStep.java:64)
[        ] 	at org.gradle.internal.execution.steps.AbstractCaptureStateBeforeExecutionStep.execute(AbstractCaptureStateBeforeExecutionStep.java:43)
[        ] 	at org.gradle.internal.execution.steps.AbstractSkipEmptyWorkStep.executeWithNonEmptySources(AbstractSkipEmptyWorkStep.java:125)
[        ] 	at org.gradle.internal.execution.steps.AbstractSkipEmptyWorkStep.execute(AbstractSkipEmptyWorkStep.java:56)
[        ] 	at org.gradle.internal.execution.steps.AbstractSkipEmptyWorkStep.execute(AbstractSkipEmptyWorkStep.java:36)
[        ] 	at org.gradle.internal.execution.steps.legacy.MarkSnapshottingInputsStartedStep.execute(MarkSnapshottingInputsStartedStep.java:38)
[        ] 	at org.gradle.internal.execution.steps.LoadPreviousExecutionStateStep.execute(LoadPreviousExecutionStateStep.java:36)
[        ] 	at org.gradle.internal.execution.steps.LoadPreviousExecutionStateStep.execute(LoadPreviousExecutionStateStep.java:23)
[        ] 	at org.gradle.internal.execution.steps.HandleStaleOutputsStep.execute(HandleStaleOutputsStep.java:75)
[        ] 	at org.gradle.internal.execution.steps.HandleStaleOutputsStep.execute(HandleStaleOutputsStep.java:41)
[        ] 	at org.gradle.internal.execution.steps.AssignMutableWorkspaceStep.lambda$execute$0(AssignMutableWorkspaceStep.java:35)
[        ] 	at org.gradle.api.internal.tasks.execution.TaskExecution$4.withWorkspace(TaskExecution.java:289)
[        ] 	at org.gradle.internal.execution.steps.AssignMutableWorkspaceStep.execute(AssignMutableWorkspaceStep.java:31)
[        ] 	at org.gradle.internal.execution.steps.AssignMutableWorkspaceStep.execute(AssignMutableWorkspaceStep.java:22)
[        ] 	at org.gradle.internal.execution.steps.ChoosePipelineStep.execute(ChoosePipelineStep.java:40)
[        ] 	at org.gradle.internal.execution.steps.ChoosePipelineStep.execute(ChoosePipelineStep.java:23)
[        ] 	at org.gradle.internal.execution.steps.ExecuteWorkBuildOperationFiringStep.lambda$execute$2(ExecuteWorkBuildOperationFiringStep.java:67)
[        ] 	at java.base/java.util.Optional.orElseGet(Optional.java:364)
[        ] 	at org.gradle.internal.execution.steps.ExecuteWorkBuildOperationFiringStep.execute(ExecuteWorkBuildOperationFiringStep.java:67)
[        ] 	at org.gradle.internal.execution.steps.ExecuteWorkBuildOperationFiringStep.execute(ExecuteWorkBuildOperationFiringStep.java:39)
[        ] 	at org.gradle.internal.execution.steps.IdentityCacheStep.execute(IdentityCacheStep.java:46)
[        ] 	at org.gradle.internal.execution.steps.IdentityCacheStep.execute(IdentityCacheStep.java:34)
[        ] 	at org.gradle.internal.execution.steps.IdentifyStep.execute(IdentifyStep.java:48)
[        ] 	at org.gradle.internal.execution.steps.IdentifyStep.execute(IdentifyStep.java:35)
[        ] 	at org.gradle.internal.execution.impl.DefaultExecutionEngine$1.execute(DefaultExecutionEngine.java:61)
[        ] 	at org.gradle.api.internal.tasks.execution.ExecuteActionsTaskExecuter.executeIfValid(ExecuteActionsTaskExecuter.java:127)
[        ] 	at org.gradle.api.internal.tasks.execution.ExecuteActionsTaskExecuter.execute(ExecuteActionsTaskExecuter.java:116)
[        ] 	at org.gradle.api.internal.tasks.execution.ProblemsTaskPathTrackingTaskExecuter.execute(ProblemsTaskPathTrackingTaskExecuter.java:40)
[        ] 	at org.gradle.api.internal.tasks.execution.FinalizePropertiesTaskExecuter.execute(FinalizePropertiesTaskExecuter.java:46)
[        ] 	at org.gradle.api.internal.tasks.execution.ResolveTaskExecutionModeExecuter.execute(ResolveTaskExecutionModeExecuter.java:51)
[        ] 	at org.gradle.api.internal.tasks.execution.SkipTaskWithNoActionsExecuter.execute(SkipTaskWithNoActionsExecuter.java:57)
[        ] 	at org.gradle.api.internal.tasks.execution.SkipOnlyIfTaskExecuter.execute(SkipOnlyIfTaskExecuter.java:74)
[        ] 	at org.gradle.api.internal.tasks.execution.CatchExceptionTaskExecuter.execute(CatchExceptionTaskExecuter.java:36)
[        ] 	at org.gradle.api.internal.tasks.execution.EventFiringTaskExecuter$1.executeTask(EventFiringTaskExecuter.java:77)
[        ] 	at org.gradle.api.internal.tasks.execution.EventFiringTaskExecuter$1.call(EventFiringTaskExecuter.java:55)
[        ] 	at org.gradle.api.internal.tasks.execution.EventFiringTaskExecuter$1.call(EventFiringTaskExecuter.java:52)
[        ] 	at org.gradle.internal.operations.DefaultBuildOperationRunner$CallableBuildOperationWorker.execute(DefaultBuildOperationRunner.java:210)
[        ] 	at org.gradle.internal.operations.DefaultBuildOperationRunner$CallableBuildOperationWorker.execute(DefaultBuildOperationRunner.java:205)
[        ] 	at org.gradle.internal.operations.DefaultBuildOperationRunner$2.execute(DefaultBuildOperationRunner.java:67)
[        ] 	at org.gradle.internal.operations.DefaultBuildOperationRunner$2.execute(DefaultBuildOperationRunner.java:60)
[        ] 	at org.gradle.internal.operations.DefaultBuildOperationRunner.execute(DefaultBuildOperationRunner.java:167)
[        ] 	at org.gradle.internal.operations.DefaultBuildOperationRunner.execute(DefaultBuildOperationRunner.java:60)
[        ] 	at org.gradle.internal.operations.DefaultBuildOperationRunner.call(DefaultBuildOperationRunner.java:54)
[        ] 	at org.gradle.api.internal.tasks.execution.EventFiringTaskExecuter.execute(EventFiringTaskExecuter.java:52)
[        ] 	at org.gradle.execution.plan.LocalTaskNodeExecutor.execute(LocalTaskNodeExecutor.java:42)
[        ] 	at org.gradle.execution.taskgraph.DefaultTaskExecutionGraph$InvokeNodeExecutorsAction.execute(DefaultTaskExecutionGraph.java:331)
[        ] 	at org.gradle.execution.taskgraph.DefaultTaskExecutionGraph$InvokeNodeExecutorsAction.execute(DefaultTaskExecutionGraph.java:318)
[        ] 	at org.gradle.execution.taskgraph.DefaultTaskExecutionGraph$BuildOperationAwareExecutionAction.lambda$execute$0(DefaultTaskExecutionGraph.java:314)
[        ] 	at org.gradle.internal.operations.CurrentBuildOperationRef.with(CurrentBuildOperationRef.java:85)
[        ] 	at org.gradle.execution.taskgraph.DefaultTaskExecutionGraph$BuildOperationAwareExecutionAction.execute(DefaultTaskExecutionGraph.java:314)
[        ] 	at org.gradle.execution.taskgraph.DefaultTaskExecutionGraph$BuildOperationAwareExecutionAction.execute(DefaultTaskExecutionGraph.java:303)
[        ] 	at org.gradle.execution.plan.DefaultPlanExecutor$ExecutorWorker.execute(DefaultPlanExecutor.java:459)
[        ] 	at org.gradle.execution.plan.DefaultPlanExecutor$ExecutorWorker.run(DefaultPlanExecutor.java:376)
[        ] 	at org.gradle.execution.plan.DefaultPlanExecutor.process(DefaultPlanExecutor.java:111)
[        ] 	at org.gradle.execution.taskgraph.DefaultTaskExecutionGraph.executeWithServices(DefaultTaskExecutionGraph.java:138)
[        ] 	at org.gradle.execution.taskgraph.DefaultTaskExecutionGraph.execute(DefaultTaskExecutionGraph.java:123)
[        ] 	at org.gradle.execution.SelectedTaskExecutionAction.execute(SelectedTaskExecutionAction.java:35)
[        ] 	at org.gradle.execution.DryRunBuildExecutionAction.execute(DryRunBuildExecutionAction.java:51)
[        ] 	at org.gradle.execution.BuildOperationFiringBuildWorkerExecutor$ExecuteTasks.call(BuildOperationFiringBuildWorkerExecutor.java:54)
[        ] 	at org.gradle.execution.BuildOperationFiringBuildWorkerExecutor$ExecuteTasks.call(BuildOperationFiringBuildWorkerExecutor.java:43)
[        ] 	at org.gradle.internal.operations.DefaultBuildOperationRunner$CallableBuildOperationWorker.execute(DefaultBuildOperationRunner.java:210)
[        ] 	at org.gradle.internal.operations.DefaultBuildOperationRunner$CallableBuildOperationWorker.execute(DefaultBuildOperationRunner.java:205)
[        ] 	at org.gradle.internal.operations.DefaultBuildOperationRunner$2.execute(DefaultBuildOperationRunner.java:67)
[        ] 	at org.gradle.internal.operations.DefaultBuildOperationRunner$2.execute(DefaultBuildOperationRunner.java:60)
[        ] 	at org.gradle.internal.operations.DefaultBuildOperationRunner.execute(DefaultBuildOperationRunner.java:167)
[        ] 	at org.gradle.internal.operations.DefaultBuildOperationRunner.execute(DefaultBuildOperationRunner.java:60)
[        ] 	at org.gradle.internal.operations.DefaultBuildOperationRunner.call(DefaultBuildOperationRunner.java:54)
[        ] 	at org.gradle.execution.BuildOperationFiringBuildWorkerExecutor.execute(BuildOperationFiringBuildWorkerExecutor.java:40)
[        ] 	at org.gradle.internal.build.DefaultBuildLifecycleController.lambda$executeTasks$10(DefaultBuildLifecycleController.java:313)
[        ] 	at org.gradle.internal.model.StateTransitionController.doTransition(StateTransitionController.java:266)
[        ] 	at org.gradle.internal.model.StateTransitionController.lambda$tryTransition$8(StateTransitionController.java:177)
[        ] 	at org.gradle.internal.work.DefaultSynchronizer.withLock(DefaultSynchronizer.java:46)
[        ] 	at org.gradle.internal.model.StateTransitionController.tryTransition(StateTransitionController.java:177)
[        ] 	at org.gradle.internal.build.DefaultBuildLifecycleController.executeTasks(DefaultBuildLifecycleController.java:304)
[        ] 	at org.gradle.internal.build.DefaultBuildWorkGraphController$DefaultBuildWorkGraph.runWork(DefaultBuildWorkGraphController.java:220)
[        ] 	at org.gradle.internal.work.DefaultWorkerLeaseService.withLocks(DefaultWorkerLeaseService.java:263)
[        ] 	at org.gradle.internal.work.DefaultWorkerLeaseService.runAsWorkerThread(DefaultWorkerLeaseService.java:127)
[        ] 	at org.gradle.composite.internal.DefaultBuildController.doRun(DefaultBuildController.java:181)
[        ] 	at org.gradle.composite.internal.DefaultBuildController.access$000(DefaultBuildController.java:50)
[        ] 	at org.gradle.composite.internal.DefaultBuildController$BuildOpRunnable.lambda$run$0(DefaultBuildController.java:198)
[        ] 	at org.gradle.internal.operations.CurrentBuildOperationRef.with(CurrentBuildOperationRef.java:85)
[        ] 	at org.gradle.composite.internal.DefaultBuildController$BuildOpRunnable.run(DefaultBuildController.java:198)
[        ] 	at java.base/java.util.concurrent.Executors$RunnableAdapter.call(Executors.java:539)
[        ] 	at java.base/java.util.concurrent.FutureTask.run(FutureTask.java:264)
[        ] 	at org.gradle.internal.concurrent.ExecutorPolicy$CatchAndRecordFailures.onExecute(ExecutorPolicy.java:64)
[        ] 	at org.gradle.internal.concurrent.AbstractManagedExecutor$1.run(AbstractManagedExecutor.java:48)
[        ] 	at java.base/java.util.concurrent.ThreadPoolExecutor.runWorker(ThreadPoolExecutor.java:1136)
[        ] 	at java.base/java.util.concurrent.ThreadPoolExecutor$Worker.run(ThreadPoolExecutor.java:635)
[        ] 	at java.base/java.lang.Thread.run(Thread.java:840)
[        ] Caused by: java.lang.RuntimeException: 11 issues were found when checking AAR metadata:
[        ]   1.  Dependency ':flutter_local_notifications' requires core library desugaring to be enabled
[        ]       for :app.
[        ]       See https://developer.android.com/studio/write/java8-support.html for more
[        ]       details.
[        ]   2.  Dependency 'androidx.browser:browser:1.9.0' requires libraries and applications that
[        ]       depend on it to compile against version 36 or later of the
[        ]       Android APIs.
[        ]       :app is currently compiled against android-34.
[        ]       Also, the maximum recommended compile SDK version for Android Gradle
[        ]       plugin 8.8.0 is 35.
[        ]       Recommended action: Update this project's version of the Android Gradle
[        ]       plugin to one that supports 36, then update this project to use
[        ]       compileSdk of at least 36.
[        ]       Note that updating a library or application's compileSdk (which
[        ]       allows newer APIs to be used) can be done separately from updating
[        ]       targetSdk (which opts the app in to new runtime behavior) and
[        ]       minSdk (which determines which devices the app can be installed
[        ]       on).
[        ]   3.  Dependency 'androidx.browser:browser:1.9.0' requires Android Gradle plugin 8.9.1 or higher.
[        ]       This build currently uses Android Gradle plugin 8.8.0.
[        ]   4.  Dependency 'androidx.activity:activity-ktx:1.11.0' requires libraries and applications that
[        ]       depend on it to compile against version 36 or later of the
[        ]       Android APIs.
[        ]       :app is currently compiled against android-34.
[        ]       Also, the maximum recommended compile SDK version for Android Gradle
[        ]       plugin 8.8.0 is 35.
[        ]       Recommended action: Update this project's version of the Android Gradle
[        ]       plugin to one that supports 36, then update this project to use
[        ]       compileSdk of at least 36.
[        ]       Note that updating a library or application's compileSdk (which
[        ]       allows newer APIs to be used) can be done separately from updating
[        ]       targetSdk (which opts the app in to new runtime behavior) and
[        ]       minSdk (which determines which devices the app can be installed
[        ]       on).
[        ]   5.  Dependency 'androidx.activity:activity-ktx:1.11.0' requires Android Gradle plugin 8.9.1 or higher.
[        ]       This build currently uses Android Gradle plugin 8.8.0.
[        ]   6.  Dependency 'androidx.activity:activity:1.11.0' requires libraries and applications that
[        ]       depend on it to compile against version 36 or later of the
[        ]       Android APIs.
[        ]       :app is currently compiled against android-34.
[        ]       Also, the maximum recommended compile SDK version for Android Gradle
[        ]       plugin 8.8.0 is 35.
[        ]       Recommended action: Update this project's version of the Android Gradle
[        ]       plugin to one that supports 36, then update this project to use
[        ]       compileSdk of at least 36.
[        ]       Note that updating a library or application's compileSdk (which
[        ]       allows newer APIs to be used) can be done separately from updating
[        ]       targetSdk (which opts the app in to new runtime behavior) and
[        ]       minSdk (which determines which devices the app can be installed
[        ]       on).
[        ]   7.  Dependency 'androidx.activity:activity:1.11.0' requires Android Gradle plugin 8.9.1 or higher.
[        ]       This build currently uses Android Gradle plugin 8.8.0.
[        ]   8.  Dependency 'androidx.core:core-ktx:1.17.0' requires libraries and applications that
[        ]       depend on it to compile against version 36 or later of the
[        ]       Android APIs.
[        ]       :app is currently compiled against android-34.
[        ]       Also, the maximum recommended compile SDK version for Android Gradle
[        ]       plugin 8.8.0 is 35.
[        ]       Recommended action: Update this project's version of the Android Gradle
[        ]       plugin to one that supports 36, then update this project to use
[        ]       compileSdk of at least 36.
[   +1 ms]       Note that updating a library or application's compileSdk (which
[        ]       allows newer APIs to be used) can be done separately from updating
[        ]       targetSdk (which opts the app in to new runtime behavior) and
[        ]       minSdk (which determines which devices the app can be installed
[        ]       on).
[        ]   9.  Dependency 'androidx.core:core-ktx:1.17.0' requires Android Gradle plugin 8.9.1 or higher.
[        ]       This build currently uses Android Gradle plugin 8.8.0.
[        ]  10.  Dependency 'androidx.core:core:1.17.0' requires libraries and applications that
[        ]       depend on it to compile against version 36 or later of the
[        ]       Android APIs.
[        ]       :app is currently compiled against android-34.
[        ]       Also, the maximum recommended compile SDK version for Android Gradle
[        ]       plugin 8.8.0 is 35.
[        ]       Recommended action: Update this project's version of the Android Gradle
[        ]       plugin to one that supports 36, then update this project to use
[        ]       compileSdk of at least 36.
[        ]       Note that updating a library or application's compileSdk (which
[        ]       allows newer APIs to be used) can be done separately from updating
[        ]       targetSdk (which opts the app in to new runtime behavior) and
[        ]       minSdk (which determines which devices the app can be installed
[        ]       on).
[        ]  11.  Dependency 'androidx.core:core:1.17.0' requires Android Gradle plugin 8.9.1 or higher.
[        ]       This build currently uses Android Gradle plugin 8.8.0.
[        ] 	at com.android.build.gradle.internal.tasks.CheckAarMetadataWorkAction.execute(CheckAarMetadataTask.kt:288)
[        ] 	at org.gradle.workers.internal.DefaultWorkerServer.execute(DefaultWorkerServer.java:63)
[        ] 	at org.gradle.workers.internal.NoIsolationWorkerFactory$1$1.create(NoIsolationWorkerFactory.java:66)
[        ] 	at org.gradle.workers.internal.NoIsolationWorkerFactory$1$1.create(NoIsolationWorkerFactory.java:62)
[        ] 	at org.gradle.internal.classloader.ClassLoaderUtils.executeInClassloader(ClassLoaderUtils.java:100)
[        ] 	at org.gradle.workers.internal.NoIsolationWorkerFactory$1.lambda$execute$0(NoIsolationWorkerFactory.java:62)
[        ] 	at org.gradle.workers.internal.AbstractWorker$1.call(AbstractWorker.java:44)
[        ] 	at org.gradle.workers.internal.AbstractWorker$1.call(AbstractWorker.java:41)
[        ] 	at org.gradle.internal.operations.DefaultBuildOperationRunner$CallableBuildOperationWorker.execute(DefaultBuildOperationRunner.java:210)
[        ] 	at org.gradle.internal.operations.DefaultBuildOperationRunner$CallableBuildOperationWorker.execute(DefaultBuildOperationRunner.java:205)
[        ] 	at org.gradle.internal.operations.DefaultBuildOperationRunner$2.execute(DefaultBuildOperationRunner.java:67)
[        ] 	at org.gradle.internal.operations.DefaultBuildOperationRunner$2.execute(DefaultBuildOperationRunner.java:60)
[        ] 	at org.gradle.internal.operations.DefaultBuildOperationRunner.execute(DefaultBuildOperationRunner.java:167)
[        ] 	at org.gradle.internal.operations.DefaultBuildOperationRunner.execute(DefaultBuildOperationRunner.java:60)
[        ] 	at org.gradle.internal.operations.DefaultBuildOperationRunner.call(DefaultBuildOperationRunner.java:54)
[        ] 	at org.gradle.workers.internal.AbstractWorker.executeWrappedInBuildOperation(AbstractWorker.java:41)
[        ] 	at org.gradle.workers.internal.NoIsolationWorkerFactory$1.execute(NoIsolationWorkerFactory.java:59)
[        ] 	at org.gradle.workers.internal.DefaultWorkerExecutor.lambda$submitWork$0(DefaultWorkerExecutor.java:174)
[        ] 	at java.base/java.util.concurrent.FutureTask.run(FutureTask.java:264)
[        ] 	at org.gradle.internal.work.DefaultConditionalExecutionQueue$ExecutionRunner.runExecution(DefaultConditionalExecutionQueue.java:194)
[        ] 	at org.gradle.internal.work.DefaultConditionalExecutionQueue$ExecutionRunner.access$700(DefaultConditionalExecutionQueue.java:127)
[        ] 	at org.gradle.internal.work.DefaultConditionalExecutionQueue$ExecutionRunner$1.run(DefaultConditionalExecutionQueue.java:169)
[        ] 	at org.gradle.internal.Factories$1.create(Factories.java:31)
[        ] 	at org.gradle.internal.work.DefaultWorkerLeaseService.withLocks(DefaultWorkerLeaseService.java:263)
[        ] 	at org.gradle.internal.work.DefaultWorkerLeaseService.runAsWorkerThread(DefaultWorkerLeaseService.java:127)
[        ] 	at org.gradle.internal.work.DefaultWorkerLeaseService.runAsWorkerThread(DefaultWorkerLeaseService.java:132)
[        ] 	at org.gradle.internal.work.DefaultConditionalExecutionQueue$ExecutionRunner.runBatch(DefaultConditionalExecutionQueue.java:164)
[        ] 	at org.gradle.internal.work.DefaultConditionalExecutionQueue$ExecutionRunner.run(DefaultConditionalExecutionQueue.java:133)
[        ] 	... 7 more
[        ] BUILD FAILED in 1m 37s
[+1710 ms] Running Gradle task 'assembleDebug'... (completed in 100.5s)
[   +3 ms] "flutter apk" took 137,871ms.
[  +24 ms] Gradle task assembleDebug failed with exit code 1
[   +1 ms] 
           #0      throwToolExit (package:flutter_tools/src/base/common.dart:34:3)
           #1      AndroidGradleBuilder.buildGradleApp (package:flutter_tools/src/android/gradle.dart:592:7)
           <asynchronous suspension>
           #2      AndroidGradleBuilder.buildApk (package:flutter_tools/src/android/gradle.dart:234:5)
           <asynchronous suspension>
           #3      BuildApkCommand.runCommand (package:flutter_tools/src/commands/build_apk.dart:131:5)
           <asynchronous suspension>
           #4      FlutterCommand.run.<anonymous closure> (package:flutter_tools/src/runner/flutter_command.dart:1559:27)
           <asynchronous suspension>
           #5      AppContext.run.<anonymous closure> (package:flutter_tools/src/base/context.dart:154:19)
           <asynchronous suspension>
           #6      CommandRunner.runCommand (package:args/command_runner.dart:212:13)
           <asynchronous suspension>
           #7      FlutterCommandRunner.runCommand.<anonymous closure> (package:flutter_tools/src/runner/flutter_command_runner.dart:487:9)
           <asynchronous suspension>
           #8      AppContext.run.<anonymous closure> (package:flutter_tools/src/base/context.dart:154:19)
           <asynchronous suspension>
           #9      FlutterCommandRunner.runCommand (package:flutter_tools/src/runner/flutter_command_runner.dart:422:5)
           <asynchronous suspension>
           #10     run.<anonymous closure>.<anonymous closure> (package:flutter_tools/runner.dart:104:11)
           <asynchronous suspension>
           #11     AppContext.run.<anonymous closure> (package:flutter_tools/src/base/context.dart:154:19)
           <asynchronous suspension>
           #12     main (package:flutter_tools/executable.dart:103:3)
           <asynchronous suspension>


[   +1 ms] Running 1 shutdown hook
[   +1 ms] Shutdown hooks complete
[        ] exiting with code 1
